1	10.0849330425	0.946917151311
1	20.1019279957	0.84886644243
1	32.6482830048	0.824364632974
1	42.6596870422	0.770745410031
1	52.6700150967	0.720353663222
1	62.7413260937	0.685085937983
1	72.7470180988	0.658568021107
1	82.7726650238	0.640255771762
1	92.8397581577	0.62638194126
1	102.855878115	0.616078456594
1	112.87184906	0.608276977369
1	122.896657944	0.601075999686
1	132.904174089	0.598167703529
1	142.904922009	0.594447411276
1	152.92051506	0.593873785452
1	162.932084084	0.593583582333
1	172.941318989	0.593676930181
1	182.99398613	0.595840421761
1	192.994440079	0.595787736512
1	203.047038078	0.59510014183
1	213.101309061	0.591414890405
1	223.170817137	0.594184186733
1	233.221022129	0.59182610362
1	243.231575966	0.591302728275
1	253.241739988	0.591045338812
1	263.246032	0.591502567741
1	273.264595985	0.591840584001
1	283.281413078	0.590294317943
1	293.282025099	0.589480733362
1	303.34131217	0.58678066902
1	313.376686096	0.586862014451
1	323.401976109	0.589713008839
1	333.440268993	0.588481592621
1	343.473945141	0.590369897869
1	353.495818138	0.589201165815
1	363.516693115	0.588304260715
1	373.577908039	0.588585011208
1	383.595057964	0.586917604593
1	393.602817059	0.589264603159
1	403.609085083	0.590753104967
1	413.659456968	0.589659369512
1	423.692806959	0.58787047217
1	433.710443974	0.585399278702
1	443.712821007	0.580448359164
1	453.725152016	0.582771280418
1	463.769148111	0.582023450915
1	473.777193069	0.586685088755
1	483.821210146	0.587990475271
1	493.830733061	0.587676194307
1	503.842453003	0.59164370761
1	513.868559122	0.592319093311
1	523.903913021	0.592969412592
1	533.936030149	0.590463042281
1	543.970916986	0.5951992104
1	553.979674101	0.592250791189
1	563.997073174	0.591457306338
1	574.034470081	0.592313053698
1	584.041656971	0.59126172469
1	594.046486139	0.590649297989
1	604.04816699	0.584997340681
1	614.11836195	0.586458138243
1	624.121967077	0.589372665401
1	634.127432108	0.593019532739
1	644.17625618	0.592507343293
1	654.223251104	0.591276026492
1	664.263689041	0.592452886765
1	674.287536144	0.590870154409
1	684.324831009	0.594302680401
1	694.335405111	0.593632948584
1	704.335721016	0.591007992273
1	714.33853817	0.590528054381
1	724.352326155	0.590640889212
1	734.365568161	0.591720617372
1	744.366757154	0.589026970236
1	754.412590981	0.590532388546
1	764.414392948	0.590585428935
1	774.432078123	0.590972988837
1	784.474061012	0.592832815585
1	794.476621151	0.593454641323
1	804.483610153	0.593292393321
1	814.523624182	0.593179755876
1	824.547734976	0.592943007139
1	834.548104048	0.590727079326
1	844.548164129	0.588638835851
1	854.5486691	0.589969265854
1	864.559426069	0.588583194694
1	874.570660114	0.587960327483
1	884.581110954	0.588316659219
1	894.624607086	0.585972208023
1	904.64537096	0.585041791566
1	914.702923059	0.583426755647
1	924.704794168	0.586572138411
1	934.725474119	0.589292065025
1	944.769350052	0.59223677782
1	954.775541067	0.593603936031
1	964.802498102	0.592414225663
1	974.807073116	0.590815989657
1	984.838565111	0.593225966894
1	994.848010063	0.591046067689
1	1004.89117718	0.593352166707
1	1014.91703105	0.593597425867
1	1024.92173815	0.595888585918
1	1034.92775416	0.594885235894
1	1044.96755099	0.592307373892
1	1054.98912096	0.590201047518
1	1065.00628614	0.58715331218
1	1075.04055715	0.589631914142
1	1085.05664515	0.58702004279
1	1095.09276915	0.588379279658
1	1105.14243317	0.588785033135
1	1115.17726517	0.592814947578
1	1125.223943	0.591903213593
1	1135.27899098	0.591990922729
1	1145.31624103	0.591895391744
1	1155.34427094	0.592743886985
1	1165.38960409	0.58719477356
1	1175.42267704	0.589811824494
1	1185.43599415	0.586854219634
1	1195.44081211	0.588971842491
1	1205.44461799	0.590598827847
1	1215.45242715	0.592530924162
1	1225.52353597	0.594184371563
1	1235.58917308	0.591083243336
1	1245.60009217	0.589646359884
1	1255.61685109	0.591338944166
1	1265.63386011	0.592136683244
1	1275.71437097	0.591390605336
1	1285.73061109	0.588118434099
1	1295.75203609	0.586270618904
1	1305.78519797	0.587239834991
1	1315.82941604	0.588534264037
1	1325.83362198	0.588310318455
1	1335.85212016	0.588409170351
1	1345.89776206	0.589569129946
1	1355.91378903	0.585174078047
1	1365.96952295	0.588731684065
1	1375.97344208	0.589487439348
1	1385.99545312	0.592009871305
1	1396.01208711	0.592481802356
1	1406.03491998	0.588898164005
1	1416.06517005	0.586180081737
1	1426.07713604	0.587083049001
1	1436.11618304	0.588484596525
1	1446.17654514	0.587301293726
1	1456.19166207	0.587856260449
1	1466.21221209	0.587269187796
1	1476.25109601	0.586241712019
1	1486.26226902	0.584855124211
1	1496.326792	0.586490207008
1	1506.353966	0.584999690891
1	1516.36171818	0.586728905432
1	1526.37782502	0.587466657067
1	1536.39363003	0.590525415907
1	1546.47355199	0.591127167581
1	1556.48993897	0.590458785556
1	1566.50364614	0.587453810016
1	1576.51297212	0.588736764633
1	1586.51949906	0.590450761667
1	1596.52770901	0.590007094427
1	1606.54700112	0.590605487247
1	1616.55869198	0.590281923122
1	1626.56342506	0.589894217188
1	1636.581182	0.591105835141
1	1646.64032817	0.594316824752
1	1656.64818406	0.593537783758
1	1666.67680216	0.592697004928
1	1676.68752909	0.591971322438
1	1686.76751113	0.59312177869
1	1696.82867002	0.591479495306
1	1706.86350918	0.586432090502
1	1716.86884809	0.585111534412
1	1726.88731718	0.58544590018
1	1736.93407106	0.586757230991
1	1746.94052815	0.585975217954
1	1756.95390701	0.586933001059
1	1766.97056699	0.585823159801
1	1776.98198199	0.586982474493
1	1786.99468112	0.585620734546
1	1797.013623	0.585478189571
1	1807.08774495	0.588188063089
1	1817.09444809	0.589632448336
1	1827.10989594	0.587836668422
1	1837.13753796	0.589102774233
1	1847.17408895	0.590465959414
1	1857.18664098	0.590623105835
1	1867.20267797	0.590229182685
1	1877.2129631	0.588749204808
1	1887.21693301	0.589726051687
1	1897.21863198	0.593503875646
1	1907.23796201	0.592469386964
1	1917.26960397	0.590830977129
1	1927.28129315	0.589026650917
1	1937.28515911	0.586593408137
1	1947.29731417	0.589080229009
1	1957.33367515	0.587847373789
1	1967.37372518	0.585664953725
1	1977.40503216	0.585563571258
1	1987.40949297	0.586124782301
1	1997.43809414	0.585820073243
1	2007.45428896	0.58640601952
1	2017.49454713	0.588178253537
1	2027.52003312	0.585835396313
1	2037.57647204	0.588048069041
1	2047.60357118	0.586903383555
1	2057.64874411	0.587647110502
1	2067.67378497	0.589467958879
1	2077.72421908	0.587953370966
1	2087.72852516	0.586846058356
1	2097.74910903	0.586012953787
1	2107.76847005	0.585292596462
1	2117.78375912	0.582503015318
1	2127.81581616	0.57960221567
1	2137.89282513	0.581910160465
1	2147.90345407	0.581514923542
1	2157.93844509	0.582463142636
1	2167.94011307	0.586270270648
1	2177.95578003	0.584253756212
1	2187.95946813	0.589910729894
1	2198.01541495	0.592424892329
1	2208.01775503	0.589902020882
1	2218.02729297	0.58946342843
1	2228.04485416	0.589361157528
1	2238.13338995	0.590316421899
1	2248.14707398	0.588571858776
1	2258.17487311	0.586995731428
1	2268.20672798	0.588650973824
1	2278.23663116	0.586496515017
1	2288.31871605	0.587701721895
1	2298.32733512	0.59112884996
1	2308.33739305	0.591459722137
1	2318.34083605	0.590413933072
1	2328.36598706	0.592610677815
1	2338.38127112	0.591908355552
1	2348.38917613	0.593099233429
1	2358.41462016	0.593315726585
1	2368.44911003	0.591092175617
1	2378.52506304	0.589643904015
1	2388.54099107	0.588023211826
1	2398.54393411	0.585632923244
1	2408.56220698	0.586931157903
1	2418.57697296	0.587006457523
1	2428.58194709	0.589467644429
1	2438.65384102	0.589608019904
1	2448.65479398	0.590802651531
1	2458.69506907	0.587761549828
1	2468.76730013	0.590541506942
1	2478.85805416	0.591480727344
1	2488.87583208	0.590009857517
1	2498.87934303	0.591618459401
1	2508.95766616	0.592200029824
1	2519.05227017	0.59295806438
1	2529.07076716	0.592999733255
1	2539.09341216	0.59176556413
1	2549.09909701	0.591296046275
1	2559.1094861	0.593314312921
1	2569.11275697	0.591122386486
1	2579.181674	0.587840972808
1	2589.20334196	0.585585168319
1	2599.22224808	0.586101494638
1	2609.25022316	0.587224288149
1	2619.28591299	0.589032871119
1	2629.33480406	0.58892740531
1	2639.3941431	0.590826339587
1	2649.41452813	0.591343211172
1	2659.43419409	0.588712872943
1	2669.45543408	0.587392384526
1	2679.49453998	0.589088036345
1	2689.55142498	0.587740405249
1	2699.58581901	0.589653224895
1	2709.59871912	0.589666626157
1	2719.60693812	0.590216428095
1	2729.68231416	0.587247929294
1	2739.68253708	0.58503398082
1	2749.68376207	0.581764940675
1	2759.74260998	0.568959301938
1	2769.74710608	0.565384794963
1	2779.76652312	0.555607620094
1	2789.78543115	0.555987770836
1	2799.8003931	0.556707698122
1	2809.8037641	0.556152196528
1	2819.8972981	0.557007559068
1	2829.9228251	0.55251810846
1	2839.93195701	0.549807605868
1	2849.95369911	0.550782574063
1	2859.96510696	0.552999771321
1	2869.96767616	0.550993806503
1	2879.96838307	0.552236665961
1	2890.03069305	0.549505933383
1	2900.09516597	0.545490000097
1	2910.1049931	0.550267895317
1	2920.10814309	0.547762679805
1	2930.18116617	0.545240286167
1	2940.22507596	0.53997701535
1	2950.23429203	0.519724792764
1	2960.24093103	0.481493141237
1	2970.26828504	0.452143717881
1	2980.27878904	0.424320553812
1	2990.30570507	0.403329094811
1	3000.36381006	0.382912002592
1	3010.36632013	0.368579814708
1	3020.37945914	0.349549590514
1	3030.43907213	0.338205425782
1	3040.44170809	0.323257709048
1	3050.48627305	0.309454838109
1	3060.49835515	0.301871558353
1	3070.50467515	0.286623153523
1	3080.50734806	0.274734424421
1	3090.52394605	0.265667386634
1	3100.54541898	0.257844797881
1	3110.56230807	0.249972985567
1	3120.57126808	0.243549607192
1	3130.58084202	0.245401765047
1	3140.58611798	0.238927075683
1	3150.59150815	0.232446180998
1	3160.60025811	0.228515394377
1	3170.60971713	0.226628570198
1	3180.61989808	0.224030774758
1	3190.6288631	0.222160010631
1	3200.63018203	0.228619212038
1	3210.65358114	0.22569423063
1	3220.66704798	0.221623189191
1	3230.6839571	0.225765957814
1	3240.73322701	0.226536519773
1	3250.74496508	0.222657191756
1	3260.756598	0.223547357168
1	3270.77846408	0.222357415436
1	3280.78173304	0.225081302352
1	3290.799896	0.222334842159
1	3300.86406207	0.220135890255
1	3310.90970707	0.217692395235
1	3320.94449902	0.212820444378
1	3330.94517803	0.214802056012
1	3340.95506406	0.217865307467
1	3350.96759796	0.212286870646
1	3360.98903012	0.211187859103
1	3371.00173211	0.208434112363
1	3381.02823305	0.211979053413
1	3391.02892804	0.208909339028
1	3401.08698416	0.210324250789
1	3411.11263204	0.210158174147
1	3421.14928317	0.206756390737
1	3431.19037008	0.203931115317
1	3441.20941997	0.20338468664
1	3451.21856904	0.203538724503
1	3461.24673104	0.20094906069
1	3471.24958801	0.200122918036
1	3481.25448298	0.200573607403
1	3491.30542111	0.20242857818
1	3501.31048012	0.200094657379
1	3511.32293701	0.19997941705
1	3521.33299518	0.195340281884
1	3531.36868	0.197236105245
1	3541.37291908	0.196143569707
1	3551.39074707	0.197463904003
1	3561.41052318	0.20037112139
1	3571.45777702	0.198497141976
1	3581.49163508	0.195337369388
1	3591.52054095	0.189967577613
1	3601.53799796	0.19057644711
1	3611.54080796	0.188481422504
1	3621.57738996	0.188687919711
1	3631.59671116	0.189718453974
1	3641.62000203	0.191465876742
1	3651.62912917	0.19218052628
1	3661.64563704	0.191368061787
1	3671.6567111	0.190226041837
1	3681.70763898	0.185421615305
1	3691.73246002	0.183560084811
1	3701.78096104	0.184228642301
1	3711.80517411	0.182398624004
1	3721.82374597	0.182075806322
1	3731.87502503	0.180929632754
1	3741.91237903	0.181884906041
1	3751.96110106	0.184357195679
1	3761.97634697	0.187725968491
1	3772.00032806	0.189500877194
1	3782.01552916	0.188240823632
1	3792.02746296	0.183412308023
1	3802.05312014	0.184172942004
1	3812.06658411	0.184635671801
1	3822.10169196	0.179789973576
1	3832.10278702	0.184517055961
1	3842.11501718	0.184392130059
1	3852.13308597	0.186306512895
1	3862.1396091	0.185726713075
1	3872.16958213	0.177127130041
1	3882.20189905	0.169451537426
1	3892.20541501	0.164562128682
1	3902.21419311	0.164600575271
1	3912.23642898	0.15861513986
1	3922.24665809	0.154506428326
1	3932.28388405	0.151911202001
1	3942.28742814	0.151814159927
1	3952.33554316	0.15449786505
1	3962.38099408	0.154990548245
1	3972.38371205	0.156746982433
1	3982.40751505	0.152258581548
1	3992.41118217	0.15228987443
1	4002.45328307	0.151326370024
1	4012.49066806	0.152432171726
1	4022.49274015	0.151432893692
1	4032.50272107	0.146188891584
1	4042.51287508	0.148928297287
1	4052.53004408	0.145954235959
1	4062.53448701	0.145621383897
1	4072.54672217	0.146811729985
1	4082.54814315	0.148056406214
1	4092.59242511	0.151922301398
1	4102.64063096	0.151232518948
1	4112.6952951	0.154778220798
1	4122.72369599	0.15380991757
1	4132.72665095	0.153035180715
1	4142.72998309	0.148435632524
1	4152.74681401	0.145544976595
1	4162.77090716	0.147257912417
1	4172.77297711	0.149196136077
1	4182.80892515	0.151208529313
1	4192.86861515	0.148785038504
1	4202.87365818	0.152207947996
1	4212.89452505	0.150433417107
1	4222.90624809	0.147229413491
1	4232.91049218	0.146166521845
1	4242.96009207	0.149515805598
1	4253.00131202	0.148550575278
1	4263.02394295	0.150337353071
1	4273.065552	0.153017117564
1	4283.07755995	0.153379755028
1	4293.07950616	0.152690255363
1	4303.10062313	0.159736981707
1	4313.14634609	0.16547872845
1	4323.15375304	0.172102702635
1	4333.19094396	0.175243317046
1	4343.19214106	0.182584609994
1	4353.19797301	0.183187097211
1	4363.23100996	0.180072347284
1	4373.29608417	0.183448621204
1	4383.34546018	0.187498950797
1	4393.39159608	0.189309343529
1	4403.44110918	0.193209842396
1	4413.44761014	0.194678434558
1	4423.46421599	0.194429528467
1	4433.52627707	0.195291236251
1	4443.53481197	0.19250880562
1	4453.54187417	0.195989629338
1	4463.55128813	0.197901488276
1	4473.56449509	0.196141730734
1	4483.59671211	0.194758765938
1	4493.64429498	0.195244504169
1	4503.69471908	0.1946789663
1	4513.69809699	0.19562167128
1	4523.7363441	0.19469030388
1	4533.78528309	0.195293883598
1	4543.78664517	0.196920167559
1	4553.79533005	0.197856471427
1	4563.84243107	0.192917230412
1	4573.85398912	0.192433661641
1	4583.8654201	0.189128735944
1	4593.90979314	0.189559485937
1	4603.91875815	0.188931100556
1	4613.94738603	0.188660509023
1	4623.95752406	0.188121837965
1	4633.99887395	0.188331750215
1	4644.02744412	0.187892963296
1	4654.07573509	0.190294173434
1	4664.15746117	0.188105531693
1	4674.20878506	0.189349123424
1	4684.23359418	0.188971301318
1	4694.23628402	0.18714666984
1	4704.28048515	0.189085595717
1	4714.29924107	0.188237722188
1	4724.35723495	0.19094370524
1	4734.39147496	0.190686887868
1	4744.42494202	0.191240799809
1	4754.46788216	0.193204549956
1	4764.49452496	0.191652531896
1	4774.49800014	0.192447491633
1	4784.52150917	0.193788723508
1	4794.52787805	0.195995658352
1	4804.55876517	0.196528448602
1	4814.5982151	0.19651022798
1	4824.60096812	0.199054655357
1	4834.62421799	0.199074508731
1	4844.62506199	0.198403374646
1	4854.629035	0.198524447138
1	4864.62952614	0.196794117698
1	4874.67391205	0.198260841581
1	4884.67723107	0.198699058977
1	4894.70275116	0.195314646204
1	4904.72208405	0.195029820992
1	4914.73254895	0.192947629136
1	4924.74610209	0.19477649545
1	4934.75693107	0.190127959813
1	4944.76532197	0.19117102396
1	4954.77203012	0.191474242663
1	4964.77347016	0.189378569812
1	4974.79625511	0.193088744217
1	4984.80144501	0.190881958683
1	4994.81037617	0.1936625292
1	5004.85405397	0.193423694793
1	5014.86226511	0.195640749554
1	5024.86316013	0.196975531225
1	5034.90454197	0.193959450203
1	5044.98767495	0.191094391704
1	5054.99560118	0.192757031599
1	5065.01272106	0.191507940985
1	5075.01863408	0.192525359227
1	5085.04102898	0.194537189117
1	5095.11490297	0.196080033505
1	5105.13667011	0.19658148031
1	5115.21170402	0.196880862452
1	5125.2583251	0.1964559902
1	5135.32081008	0.194124437922
1	5145.3231051	0.193197410363
1	5155.33122206	0.192015389068
1	5165.38321495	0.190293273499
1	5175.42691708	0.187820041051
1	5185.50810218	0.187885894801
1	5195.57675695	0.189361380743
1	5205.62767911	0.189553216541
1	5215.62779498	0.18948415595
1	5225.73298717	0.188233659421
1	5235.80986714	0.188759541382
1	5245.84227395	0.190120383841
1	5255.94484401	0.18840557934
1	5265.95541811	0.188293195646
1	5276.02476215	0.187925259718
2	5286.06056118	0.187473497513
2	5296.07896996	0.190904081911
2	5311.57042599	0.189174548349
2	5321.69938898	0.186827276943
2	5331.71317315	0.186524288975
2	5341.74298096	0.184548704442
2	5351.74941802	0.180507200277
2	5361.77399302	0.178842618337
2	5371.83333611	0.180634869717
2	5382.03696895	0.181605413836
2	5392.04170203	0.183166208227
2	5402.132478	0.17931603024
2	5412.14348698	0.179470620383
2	5422.18930411	0.177507915098
2	5432.20057797	0.171920507597
2	5442.231668	0.174554246985
2	5452.28269196	0.174369861327
2	5462.28507805	0.172440843648
2	5472.28873515	0.172925681338
2	5482.29998612	0.173839073982
2	5492.36120796	0.172748586783
2	5502.37717104	0.17319397955
2	5512.39739013	0.175398576328
2	5522.45744395	0.176876098668
2	5532.50377798	0.176933509352
2	5542.59104013	0.175048773342
2	5552.62310195	0.176750815441
2	5562.65356112	0.177360472764
2	5572.71360016	0.175776314946
2	5582.7303791	0.175344091107
2	5592.73695016	0.175232375741
2	5602.75064397	0.174724556946
2	5612.77152109	0.174879192173
2	5622.81902313	0.174519366333
2	5632.83741403	0.176283439004
2	5642.89594316	0.178775920272
2	5652.89886117	0.176055072239
2	5662.90226412	0.172758846027
2	5672.96929502	0.172950628931
2	5682.97385597	0.17115768187
2	5692.99039698	0.168121434879
2	5703.00138307	0.168587135334
2	5713.02781105	0.167882705148
2	5723.07580805	0.170627044558
2	5733.15151215	0.170300447939
2	5743.20069218	0.170913424667
2	5753.23952603	0.172461180425
2	5763.28099895	0.171169989207
2	5773.32269096	0.172942058478
2	5783.33310008	0.174491694681
2	5793.37087107	0.172434598095
2	5803.3889811	0.174043895333
2	5813.42027402	0.173480327048
2	5823.42913508	0.172363089385
2	5833.43701601	0.171549526113
2	5843.46105599	0.172339513155
2	5853.48220515	0.172340626164
2	5863.50745106	0.168158202255
2	5873.53344798	0.16886480442
2	5883.569381	0.166175803091
2	5893.59065104	0.165348677522
2	5903.61228395	0.169810057229
2	5913.62246418	0.168819112178
2	5923.65425014	0.169338641357
2	5933.65748811	0.171709196529
2	5943.6699481	0.17030386086
2	5953.6765461	0.173566855943
2	5963.68848515	0.17237932138
2	5973.71933317	0.169910008698
2	5983.76722407	0.168556593568
2	5993.79064703	0.166176275743
2	6003.82740617	0.168540180812
2	6013.8397541	0.171011407163
2	6023.85052896	0.172627304865
2	6033.87142205	0.171698806756
2	6043.89125395	0.172579582523
2	6053.92780304	0.170078178084
2	6063.94836712	0.167891665366
2	6074.00471497	0.168306839617
2	6084.01921606	0.169384550965
2	6094.06842399	0.169368651171
2	6104.15165901	0.169513214731
2	6114.20471096	0.169318466296
2	6124.24281406	0.168235474605
2	6134.29757404	0.168251309608
2	6144.31443501	0.172257090468
2	6154.36138916	0.17206531437
2	6164.36889005	0.175649190239
2	6174.41133308	0.16950495069
2	6184.44228196	0.167483104297
2	6194.52246404	0.167908494619
2	6204.59632802	0.169897246206
2	6214.63765216	0.168033255452
2	6224.68060708	0.1692527436
2	6234.694067	0.16775534032
2	6244.74271417	0.165118385183
2	6254.77195215	0.165121883443
2	6264.79931903	0.164429739117
2	6274.8054781	0.162891704598
2	6284.80908513	0.160241304458
2	6294.81116414	0.162984348432
2	6304.82355714	0.160740847462
2	6314.87089801	0.162545351632
2	6324.92840505	0.16308642867
2	6334.96738696	0.162548913224
2	6344.9710691	0.163378216997
2	6355.07327509	0.163733457975
2	6365.08442211	0.164877525314
2	6375.08982015	0.1659560775
2	6385.10275197	0.162927999499
2	6395.11396813	0.162116488309
2	6405.14062309	0.160297515006
2	6415.14071608	0.159992000997
2	6425.20638895	0.160555936859
2	6435.23740005	0.161990757639
2	6445.27790904	0.161747692632
2	6455.284024	0.162652214181
2	6465.28408504	0.162572002241
2	6475.29089499	0.160738881216
2	6485.31112409	0.161468472638
2	6495.38254905	0.161305673716
2	6505.38512707	0.160087280626
2	6515.41385412	0.159832738196
2	6525.42163014	0.159373669533
2	6535.54697013	0.159661315848
2	6545.62817907	0.163118063718
2	6555.65581012	0.16212260715
2	6565.68363595	0.159953175041
2	6575.75540805	0.160780703935
2	6585.81178999	0.163355121493
2	6595.8240931	0.163217291996
2	6605.90070796	0.160430370974
2	6615.90360999	0.158554000319
2	6625.94715714	0.157481142218
2	6635.97073698	0.155812783041
2	6646.05991697	0.156190010834
2	6656.0656271	0.156406516852
2	6666.06982017	0.16003967327
2	6676.08256412	0.160336935876
2	6686.13243008	0.161405474964
2	6696.171561	0.161416996874
2	6706.22820711	0.163960050325
2	6716.27164006	0.164678033559
2	6726.31226802	0.162385348843
2	6736.34096718	0.158415716277
2	6746.36743498	0.156592272371
2	6756.383919	0.155591941149
2	6766.40286303	0.154847181086
2	6776.44968605	0.155972018254
2	6786.47334909	0.157318538908
2	6796.48113298	0.157010778956
2	6806.54688597	0.158017137005
2	6816.56514502	0.159253637787
2	6826.58216906	0.157880316815
2	6836.59766006	0.158310529943
2	6846.60059404	0.158202921627
2	6856.62268305	0.159955558126
2	6866.73766303	0.16054612801
2	6876.763937	0.159552538852
2	6886.79173112	0.157306364159
2	6896.81163001	0.157923378386
2	6906.85167313	0.157581234488
2	6916.88856316	0.158325906933
2	6926.92796302	0.161402526456
2	6936.932127	0.160285728124
2	6946.98342395	0.1610748405
2	6957.01639009	0.16150490035
2	6967.03998804	0.159995321166
2	6977.06903911	0.158529073186
2	6987.11628413	0.160143540558
2	6997.11901903	0.158220158257
2	7007.203511	0.158765100986
2	7017.24630308	0.15740466466
2	7027.27887106	0.158311304366
2	7037.28676414	0.1572957714
2	7047.28770208	0.159106266292
2	7057.31051207	0.156475794017
2	7067.31879401	0.154708186887
2	7077.36396313	0.155493643137
2	7087.38542104	0.156565785999
2	7097.39906597	0.158119344016
2	7107.40160704	0.158566624617
2	7117.48561502	0.158607836393
2	7127.49690199	0.157851096283
2	7137.49875617	0.158420618282
2	7147.59055996	0.159999344451
2	7157.63303113	0.161228766597
2	7167.743505	0.161218801745
2	7177.77240705	0.160660988015
2	7187.83282709	0.160006259405
2	7197.86044812	0.157123480736
2	7207.87962198	0.157450301403
2	7217.90048003	0.156105064268
2	7227.90237117	0.154876217334
2	7237.95249915	0.153382379453
2	7247.99519897	0.15400453104
2	7258.0568831	0.154860038522
2	7268.11098313	0.155168579244
2	7278.11821008	0.153894996192
2	7288.14570904	0.15170589898
2	7298.22598815	0.151307780314
2	7308.279037	0.152003997335
2	7318.32512712	0.150889700625
2	7328.35433912	0.149792468184
2	7338.35637403	0.15195246915
2	7348.39582515	0.154203225655
2	7358.41034698	0.155105428341
2	7368.44341612	0.15237171298
2	7378.49055815	0.15434776728
2	7388.50812197	0.156728363572
2	7398.52063298	0.157519822536
2	7408.54738116	0.154547465217
2	7418.584337	0.153219952495
2	7428.63570905	0.152238767618
2	7438.66858315	0.147555860241
2	7448.67818713	0.147635402447
2	7458.67921114	0.146352189794
2	7468.72445416	0.147173103064
2	7478.72488809	0.146761231053
2	7488.76348495	0.148922458798
2	7498.79608297	0.149853868073
2	7508.80027914	0.151486433503
2	7518.87930012	0.150206243787
2	7528.92332006	0.152380802838
2	7538.95801902	0.149161853265
2	7548.96129107	0.150093006667
2	7559.01001406	0.151959256734
2	7569.01818204	0.151508123774
2	7579.09837103	0.151091546082
2	7589.12281013	0.149975611354
2	7599.13676405	0.151022014665
2	7609.21512508	0.150492011587
2	7619.21729207	0.150484250234
2	7629.22112107	0.150668809638
2	7639.25782204	0.150647899753
2	7649.43011212	0.149514307364
2	7659.46426916	0.151573580658
2	7669.55325198	0.152882085182
2	7679.57961702	0.155236851416
2	7689.6365931	0.154907757756
2	7699.65178299	0.151856087998
2	7709.68357801	0.150790773218
2	7719.68592215	0.147108847089
2	7729.70027018	0.146313547477
2	7739.83939505	0.147331811883
2	7749.86165404	0.148284161481
2	7759.86284804	0.146663797181
2	7769.90837002	0.147551678838
2	7779.92979717	0.148481326385
2	7789.97028112	0.147856308017
2	7799.98215318	0.148776788834
2	7810.02729702	0.148738988539
2	7820.07054901	0.148171154699
2	7830.07921815	0.148923947282
2	7840.13960409	0.146753914081
2	7850.21559596	0.14786584927
2	7860.24856615	0.150859976397
2	7870.28064299	0.148294203909
2	7880.2926321	0.148575081286
2	7890.29418206	0.146881234111
2	7900.32322407	0.148547148689
2	7910.39342713	0.147430775195
2	7920.428473	0.146903041752
2	7930.44984508	0.14869784636
2	7940.50573516	0.149382277409
2	7950.53163314	0.147266039758
2	7960.54126096	0.147296284418
2	7970.5594151	0.146073855523
2	7980.59295011	0.143733701023
2	7990.71808004	0.143587815438
2	8000.722157	0.145232570154
2	8010.80689812	0.143666051329
2	8020.88373017	0.143859177615
2	8030.92565298	0.142493752905
2	8040.94512796	0.14369848657
2	8050.9856801	0.142716344353
2	8060.99904609	0.143307302558
2	8071.05698609	0.142640520319
2	8081.06739712	0.145565844665
2	8091.08233595	0.144647685222
2	8101.12028599	0.143149787845
2	8111.15884495	0.145890307885
2	8121.16157913	0.145498179496
2	8131.20047712	0.144401182707
2	8141.23488998	0.144100976929
2	8151.23949909	0.145613456084
2	8161.25035596	0.146953522614
2	8171.25274801	0.143081399509
2	8181.28269196	0.142736049114
2	8191.30509615	0.14215740786
2	8201.34794307	0.144392326048
2	8211.37157202	0.146600104666
2	8221.41397715	0.145689579428
2	8231.43099809	0.145510681471
2	8241.46228218	0.14290907146
2	8251.49531102	0.141747956858
2	8261.57788801	0.141833157497
2	8271.65324903	0.143936559446
2	8281.691535	0.142803772325
2	8291.70511818	0.141016169198
2	8301.71827316	0.142635329734
2	8311.75118518	0.142637283866
2	8321.78777313	0.144813596361
2	8331.79457808	0.146481127029
2	8341.81290507	0.14769222585
2	8351.852072	0.145563406831
2	8361.89496517	0.146360789317
2	8371.95209098	0.144410799092
2	8381.97281909	0.143143005577
2	8392.02128315	0.143148126126
2	8402.03175211	0.142917172507
2	8412.13998508	0.14147308597
2	8422.21024108	0.143993937662
2	8432.26308799	0.142723435529
2	8442.2704401	0.141616429338
2	8452.27551317	0.141920725423
2	8462.34212399	0.144324128144
2	8472.34866309	0.143465174758
2	8482.35128307	0.143137715987
2	8492.39828396	0.144979295907
2	8502.46856809	0.143706708737
2	8512.49395299	0.143549226311
2	8522.57592702	0.143047866448
2	8532.62505007	0.145389293537
2	8542.64087915	0.145451991027
2	8552.66830397	0.143841616264
2	8562.71961117	0.144325062747
2	8572.73559117	0.143953919056
2	8582.76596999	0.144990263432
2	8592.78675103	0.142803258175
2	8602.79495811	0.14320726836
2	8612.80446911	0.144043731395
2	8622.84603596	0.144024211808
2	8632.8627491	0.144562331838
2	8642.93562698	0.144173025166
2	8653.02246904	0.143089736886
2	8663.03638601	0.144551162942
2	8673.05420613	0.141879648015
2	8683.07067895	0.140529056862
2	8693.09045911	0.141540936286
2	8703.09643507	0.143756892952
2	8713.14169407	0.142955828317
2	8723.15141606	0.144693858566
2	8733.29340196	0.143670083096
2	8743.29386497	0.14368822574
2	8753.33526707	0.141776359733
2	8763.35021996	0.139621993356
2	8773.41848707	0.142448356191
2	8783.54055214	0.141981744851
2	8793.554003	0.14276628326
2	8803.56214809	0.142162434478
2	8813.63879299	0.142619791165
2	8823.67516303	0.14324032909
2	8833.700495	0.141919328201
2	8843.70212817	0.140955935109
2	8853.70397496	0.141833023278
2	8863.76921201	0.141279965445
2	8873.81997895	0.142425742886
2	8883.82969809	0.141821542036
2	8893.87079811	0.143308906549
2	8903.8727901	0.143061605116
2	8913.88017702	0.143946292138
2	8923.88412809	0.142625000413
2	8933.88501215	0.14243513925
2	8943.93613601	0.141239467829
2	8953.95471311	0.138977058523
2	8963.99013495	0.139883553456
2	8974.03858495	0.142092580399
2	8984.09568405	0.142856169793
2	8994.10994601	0.13964565692
2	9004.14212608	0.139498845497
2	9014.16134906	0.138976367524
2	9024.16346407	0.138097021729
2	9034.20764899	0.139625271618
2	9044.22633195	0.141575653446
2	9054.26824498	0.140272720918
2	9064.28047609	0.140330722469
2	9074.30163097	0.139892710939
2	9084.35641313	0.140608758205
2	9094.40603805	0.142312588645
2	9104.41726613	0.14111406663
2	9114.43147397	0.141106984109
2	9124.4569211	0.136610634121
2	9134.46445203	0.140301788037
2	9144.49477911	0.141921449107
2	9154.49628305	0.143212184369
2	9164.50865912	0.145620325182
2	9174.53350115	0.144562325185
2	9184.53561997	0.144711684733
2	9194.55750704	0.144839607724
2	9204.576756	0.145749345039
2	9214.59116507	0.145758950561
2	9224.60783505	0.14594920719
2	9234.62404013	0.14422632697
2	9244.63073397	0.142075037581
2	9254.63984203	0.139744158882
2	9264.64285398	0.136007658801
2	9274.66856408	0.135574506001
2	9284.67852712	0.132606675081
2	9294.70381999	0.129182487234
2	9304.71794295	0.127157530978
2	9314.73352504	0.127750647114
2	9324.77657509	0.126895422398
2	9334.77998114	0.127774898448
2	9344.80643415	0.126644369204
2	9354.81597209	0.124327410268
2	9364.82235909	0.12308958912
2	9374.88008809	0.127649815121
2	9384.88733006	0.128184621697
2	9394.90710807	0.127665459985
2	9405.01206517	0.126063564165
2	9415.02410412	0.125539220651
2	9425.05322313	0.127707127329
2	9435.10069108	0.126420413394
2	9445.11584997	0.123975492067
2	9455.14007115	0.121544086189
2	9465.17089009	0.121278206064
2	9475.18974209	0.122969048691
2	9485.19827509	0.126786402982
2	9495.23781896	0.130268348798
2	9505.25285602	0.130269035212
2	9515.26682711	0.133362322608
2	9525.30101395	0.13476091573
2	9535.31051898	0.130828098006
2	9545.33921409	0.129904065555
2	9555.43024802	0.133213513398
2	9565.43236804	0.132644981736
2	9575.45421195	0.135103830043
2	9585.46716595	0.134644859848
2	9595.47715998	0.134326188509
2	9605.5034821	0.133379126568
2	9615.55582809	0.135339466961
2	9625.58844995	0.132764357455
2	9635.59966898	0.132696942483
2	9645.60159302	0.131415147142
2	9655.65298009	0.130503843573
2	9665.67920899	0.13088535939
2	9675.71608806	0.133942949958
2	9685.73574209	0.134791185804
2	9695.81767797	0.133741003745
2	9705.82550001	0.134136023445
2	9715.854702	0.130901363598
2	9725.88475895	0.132043623221
2	9735.89908504	0.133764412183
2	9745.91218805	0.136140287901
2	9755.95412612	0.138114118398
2	9766.00746703	0.139607812646
2	9776.0337801	0.136910341776
2	9786.05311894	0.138971252243
2	9796.08071303	0.136033156927
2	9806.10959101	0.13641128924
2	9816.14753199	0.138305412437
2	9826.17052817	0.137650830348
2	9836.20684409	0.142546209555
2	9846.23750615	0.138173313862
2	9856.25102305	0.134396236308
2	9866.27018905	0.134633247852
2	9876.32395101	0.134999271747
2	9886.34528112	0.133170759076
2	9896.36553311	0.132823629399
2	9906.37324309	0.133307252852
2	9916.39724708	0.133016856003
2	9926.4500711	0.13866623969
2	9936.50355816	0.143897657496
2	9946.57338715	0.151871774032
2	9956.62238407	0.152763942689
2	9966.66469908	0.156234882375
2	9976.67644215	0.157472267967
2	9986.736485	0.155380201857
2	9996.80117798	0.156191056024
2	10006.8030031	0.157521602156
2	10016.844363	0.157820942129
2	10026.90556	0.156670933919
2	10036.937191	0.159404366436
2	10046.9984801	0.161070488413
2	10057.040246	0.160218648286
2	10067.0494301	0.161006001481
2	10077.0801082	0.16286964748
2	10087.130415	0.159956306078
2	10097.1346061	0.161018534929
2	10107.1835861	0.160424783691
2	10117.1884451	0.159093122142
2	10127.1944001	0.159648001585
2	10137.1970561	0.158406262739
2	10147.205008	0.16121533895
2	10157.213809	0.160786037775
2	10167.242543	0.160932520201
2	10177.2677541	0.160820783327
2	10187.2944231	0.159968754009
2	10197.2970002	0.158670383415
2	10207.3122301	0.161495445328
2	10217.320384	0.159662051128
2	10227.3636432	0.159755154518
2	10237.39522	0.160374351176
2	10247.4100142	0.159147261429
2	10257.474998	0.162979171626
2	10267.4979	0.160827702131
2	10277.5488322	0.161989889986
2	10287.57512	0.163832420643
2	10297.5801921	0.165965592307
2	10307.6197641	0.164472995785
2	10317.628711	0.164068477591
2	10327.669369	0.163700465827
2	10337.7250841	0.161860656192
2	10347.726392	0.158812470328
2	10357.748414	0.156980494032
2	10367.7904861	0.157625149534
2	10377.8736601	0.154907059035
2	10387.923748	0.157333920231
2	10397.952265	0.157422248848
2	10408.002965	0.155089758494
2	10418.0439851	0.156563038461
2	10428.064702	0.15838953702
2	10438.144484	0.157794281147
2	10448.1510031	0.158353108258
2	10458.186444	0.155491037284
2	10468.1881111	0.157106466962
2	10478.2114921	0.156448172097
2	10488.2291501	0.16072442073
2	10498.2459531	0.159516939608
2	10508.2770982	0.158080033043
2	10518.3721361	0.15912535609
2	10528.376811	0.157143906615
2	10538.4533031	0.154422572665
2	10548.518259	0.152855077323
2	10558.5618331	0.155951471379
2	10568.5882111	0.15314550858
2	10578.592741	0.153005946056
2	10588.6142302	0.152618802773
2	10598.6256301	0.15176163878
2	10608.6624131	0.152359122912
2	10618.714783	0.154898803015
2	10628.7170191	0.156335262101
2	10638.718478	0.156130019055
2	10648.8066411	0.156181776189
2	10658.871938	0.155909808118
2	10668.900357	0.154688305631
2	10678.911818	0.155547111726
2	10688.950593	0.15658848749
2	10699.001164	0.154548751451
2	10709.0727692	0.154848428293
2	10719.1260681	0.154430144068
2	10729.1421101	0.153291205774
2	10739.1727221	0.154824819744
2	10749.1869171	0.154529448591
2	10759.263792	0.155737311173
2	10769.2712672	0.153893443962
2	10779.2724741	0.156673112939
2	10789.302984	0.155476929278
2	10799.3556352	0.153934444205
2	10809.4043901	0.153080161906
2	10819.447607	0.153165830436
2	10829.49998	0.153767684455
2	10839.543694	0.1530361098
2	10849.5842671	0.15221169893
2	10859.5932171	0.152239581991
2	10869.5941341	0.153547262045
2	10879.6590462	0.153715639009
2	10889.665477	0.155265043415
2	10899.677326	0.155040847437
2	10909.6774881	0.153249622895
2	10919.754869	0.152494693904
2	10929.768647	0.152400263946
2	10939.843853	0.154344476014
2	10949.861773	0.152704609633
2	10959.9021151	0.151479412427
2	10969.9901202	0.153138604514
2	10980.098757	0.15411678138
2	10990.15396	0.15467323025
2	11000.168308	0.154773404311
2	11010.1928871	0.155877691131
2	11020.258976	0.156581033934
2	11030.4054232	0.157311200326
2	11040.430968	0.157926056861
2	11050.4453599	0.159306727477
2	11060.4530571	0.16073516071
2	11070.4724472	0.162625175663
2	11080.4745471	0.162042477832
2	11090.5271661	0.160681666702
2	11100.5828691	0.159642147204
2	11110.6007981	0.158176137263
2	11120.6305752	0.158528919546
2	11130.6563811	0.159856202765
2	11140.7736211	0.160515319184
2	11150.836921	0.158473630499
2	11160.8926251	0.157130524296
2	11170.9560311	0.157252295579
2	11180.9831171	0.157733427581
2	11191.115119	0.158601911225
2	11201.1381621	0.158418753068
2	11211.166754	0.158513174088
2	11221.2082601	0.159519296735
2	11231.2168581	0.158127215026
2	11241.2788301	0.158971627763
2	11251.397706	0.159839744278
3	11261.4064631	0.159829893191
3	11271.425591	0.158342851726
3	11290.741915	0.155273518211
3	11300.752378	0.153047505395
3	11310.8027451	0.149779420923
3	11320.8659241	0.147273681219
3	11330.972827	0.147609923975
3	11341.0269451	0.14738425084
3	11351.090065	0.144450649397
3	11361.1135092	0.143512537322
3	11371.197237	0.142565933132
3	11381.2313111	0.141307925841
3	11391.2752781	0.14300518904
3	11401.3484972	0.142372185079
3	11411.3737271	0.140636390289
3	11421.445931	0.138212815556
3	11431.46734	0.138540994849
3	11441.4949191	0.140018017498
3	11451.5726352	0.140673039063
3	11461.5839431	0.138447394039
3	11471.628669	0.136915943167
3	11481.634017	0.135969966582
3	11491.7445171	0.137333039821
3	11501.8069251	0.137247722638
3	11511.8227241	0.136587329299
3	11521.838433	0.134544586213
3	11531.8653011	0.135135689911
3	11541.9152369	0.137367985728
3	11551.953192	0.136687555186
3	11562.023694	0.134724700272
3	11572.0498531	0.134451010268
3	11582.049948	0.132185111115
3	11592.08394	0.13370662191
3	11602.0937741	0.13475476902
3	11612.1269321	0.135135540707
3	11622.1763999	0.134790739075
3	11632.283751	0.137060847977
3	11642.287874	0.136673130362
3	11652.328846	0.135291451667
3	11662.3728671	0.135832180337
3	11672.414639	0.136617768381
3	11682.4182541	0.137991083605
3	11692.452368	0.139788986679
3	11702.4832041	0.138481813533
3	11712.54088	0.13936291409
3	11722.5607271	0.137236478455
3	11732.6189961	0.13538133102
3	11742.620754	0.137291460543
3	11752.672364	0.137782358071
3	11762.7036541	0.136314981255
3	11772.8218181	0.137054654953
3	11782.8536181	0.14118757633
3	11792.877687	0.141095453011
3	11802.9147711	0.140705246562
3	11812.941853	0.138122013808
3	11822.9752371	0.138292736535
3	11832.9933681	0.137933231363
3	11843.1160221	0.138503655824
3	11853.1689351	0.136328139394
3	11863.2058971	0.137249647114
3	11873.2400501	0.137839333321
3	11883.3024561	0.137322218002
3	11893.354459	0.137585001369
3	11903.428365	0.138513173972
3	11913.4300511	0.139349308365
3	11923.5137792	0.13818935428
3	11933.526556	0.138051594766
3	11943.548708	0.136197306806
3	11953.5602841	0.135218677917
3	11963.616385	0.134082352273
3	11973.667191	0.135471839991
3	11983.7136121	0.134527226462
3	11993.8094051	0.136049462144
3	12003.8276482	0.135282511391
3	12013.9015181	0.134803276981
3	12023.918714	0.134758789067
3	12033.994935	0.134489503331
3	12044.000834	0.134231873954
3	12054.009697	0.134504256117
3	12064.0192351	0.134192943444
3	12074.0961401	0.134618747033
3	12084.1152041	0.134310878357
3	12094.1474202	0.133355257724
3	12104.2040751	0.132039835656
3	12114.2106361	0.13311004131
3	12124.2975481	0.133696429398
3	12134.31022	0.13518953972
3	12144.323921	0.134302222948
3	12154.38873	0.133596679048
3	12164.5126262	0.134731376078
3	12174.515084	0.134014803438
3	12184.567342	0.136597822256
3	12194.5825841	0.137793230008
3	12204.6192791	0.13717832431
3	12214.643409	0.13648050678
3	12224.647964	0.135657774859
3	12234.7023621	0.135042002502
3	12244.779588	0.134994301007
3	12254.8812461	0.134667140178
3	12264.892298	0.135471014482
3	12274.934145	0.133778550288
3	12285.0616961	0.134006322935
3	12295.148535	0.135104435688
3	12305.1975322	0.136284233874
3	12315.258836	0.135775344422
3	12325.3097122	0.133998161869
3	12335.373105	0.137114742575
3	12345.387639	0.135773980337
3	12355.4087021	0.135101543047
3	12365.5384099	0.133038834276
3	12375.5874891	0.133587005756
3	12385.6243181	0.134357727902
3	12395.688437	0.136733344011
3	12405.746192	0.136976236988
3	12415.759522	0.135494395012
3	12425.7914	0.134672031544
3	12435.8239419	0.134000040528
3	12445.8515801	0.132259588036
3	12455.85849	0.132983945052
3	12465.9622931	0.134572956327
3	12476.0421321	0.135462508862
3	12486.0482411	0.135359427756
3	12496.1620111	0.135371684318
3	12506.1806722	0.135604648174
3	12516.2447619	0.136080342075
3	12526.2514992	0.13598061754
3	12536.285728	0.136270865207
3	12546.2906711	0.132894929248
3	12556.3956621	0.131476352927
3	12566.407964	0.133934749258
3	12576.4219191	0.136827580046
3	12586.4926782	0.136918942848
3	12596.536839	0.135642255658
3	12606.583611	0.135228455313
3	12616.6338851	0.134122072326
3	12626.7936251	0.134275193854
3	12636.8313022	0.132590869765
3	12646.8377512	0.136974989599
3	12656.8699591	0.137430751192
3	12666.974474	0.134986282176
3	12677.017698	0.133837423739
3	12687.044559	0.13225622597
3	12697.0898161	0.130431364104
3	12707.0903001	0.130737606936
3	12717.161902	0.131396157676
3	12727.179848	0.130223874624
3	12737.215328	0.131237510205
3	12747.2726052	0.131601698336
3	12757.323626	0.131296714045
3	12767.3474832	0.131789303125
3	12777.357821	0.131526289531
3	12787.368356	0.132007103125
3	12797.403306	0.132034366975
3	12807.4311111	0.132549445539
3	12817.461354	0.130140781327
3	12827.5316272	0.128779258521
3	12837.5664411	0.13054789111
3	12847.610461	0.129821778732
3	12857.66189	0.128571034782
3	12867.6925352	0.128399380843
3	12877.7014	0.128719521146
3	12887.816426	0.126621132554
3	12897.8488491	0.127746836965
3	12907.957068	0.129734133246
3	12918.1177211	0.130726388726
3	12928.1951292	0.131883894975
3	12938.2317162	0.132129722015
3	12948.3034251	0.131262209357
3	12958.3461862	0.132795913734
3	12968.362967	0.132217415518
3	12978.6002681	0.131620383317
3	12988.6969771	0.13259703026
3	12998.710706	0.131792637639
3	13008.7948861	0.131275249618
3	13018.7954872	0.131270569263
3	13028.833132	0.132716707613
3	13038.8640721	0.131634470902
3	13048.8989201	0.133630771142
3	13058.9450412	0.130839291746
3	13068.9591391	0.130044396116
3	13079.036437	0.131350804788
3	13089.0657279	0.132792299321
3	13099.150389	0.134470673597
3	13109.251369	0.135902879315
3	13119.283658	0.135547130381
3	13129.2836602	0.135362820415
3	13139.3524132	0.137988822318
3	13149.4169919	0.139102364087
3	13159.459815	0.136998614335
3	13169.501157	0.135471706278
3	13179.5730231	0.135020064207
3	13189.5988781	0.134414698219
3	13199.6611881	0.133145321538
3	13209.6807101	0.133105403436
3	13219.6818321	0.134171279269
3	13229.7481301	0.133315700555
3	13239.8194611	0.13549886754
3	13249.829371	0.135507573292
3	13259.8920691	0.135880708359
3	13269.9339781	0.136948022411
3	13279.985023	0.137321104217
3	13290.042485	0.135969628794
3	13300.108182	0.134576858634
3	13310.216445	0.134988358216
3	13320.2418342	0.136300725361
3	13330.255734	0.134701246435
3	13340.26647	0.134826929155
3	13350.3195481	0.134634076331
3	13360.4525721	0.133564161274
3	13370.459728	0.134216711867
3	13380.483593	0.133939124997
3	13390.514111	0.137441015307
3	13400.624507	0.135585942723
3	13410.6492162	0.136223283285
3	13420.7436252	0.135172307177
3	13430.823921	0.137079224158
3	13440.8375912	0.135056506911
3	13450.879739	0.132546950007
3	13460.9112501	0.13260701723
3	13470.953434	0.135573036572
3	13480.9857352	0.137202557298
3	13491.0270841	0.136338324303
3	13501.0318391	0.136562822132
3	13511.0476391	0.137826256705
3	13521.103075	0.138535081576
3	13531.142771	0.138101507773
3	13541.170521	0.135655379194
3	13551.1850271	0.134127327477
3	13561.2135651	0.13406278877
3	13571.2820511	0.132853059477
3	13581.2902231	0.130253388585
3	13591.3839149	0.129650152463
3	13601.42013	0.129545700883
3	13611.465121	0.130186755863
3	13621.5308599	0.13076790296
3	13631.5483031	0.130568563462
3	13641.6093922	0.129973213917
3	13651.6186881	0.130426424831
3	13661.7366071	0.130455358068
3	13671.8025091	0.129552418351
3	13681.8168941	0.128530918338
3	13691.836235	0.130443596196
3	13701.901191	0.129469876152
3	13711.9496961	0.13036679426
3	13721.990618	0.128790276964
3	13732.0215201	0.13020372579
3	13742.0437341	0.132135588974
3	13752.134057	0.131261156683
3	13762.1682191	0.130287898001
3	13772.2368591	0.132411155055
3	13782.28935	0.132311346726
3	13792.3422811	0.130277816886
3	13802.3489871	0.13139664871
3	13812.365835	0.1305117385
3	13822.3662381	0.130481590042
3	13832.3783391	0.131475701452
3	13842.442626	0.132263060965
3	13852.4969912	0.131920201565
3	13862.533725	0.13143699032
3	13872.5473471	0.132724679349
3	13882.6145132	0.134309174314
3	13892.646857	0.13395412884
3	13902.66851	0.133318920026
3	13912.7718601	0.13330013119
3	13922.816123	0.13418083451
3	13932.8828812	0.132520479752
3	13942.9117041	0.130416288932
3	13952.949424	0.130821125809
3	13962.9709041	0.130122305139
3	13973.022155	0.130150606113
3	13983.091948	0.130814044896
3	13993.1885822	0.13034328592
3	14003.2014019	0.132473772771
3	14013.2447011	0.131232674435
3	14023.3259711	0.131804794961
3	14033.3349972	0.133309671249
3	14043.3411391	0.133277635399
3	14053.406086	0.133288963731
3	14063.4755812	0.133729675312
3	14073.5164862	0.130826878724
3	14083.5511591	0.131385070883
3	14093.5962	0.13328432879
3	14103.6395411	0.132904955429
3	14113.641207	0.132994195254
3	14123.699481	0.131131375831
3	14133.7931061	0.130535480848
3	14143.796639	0.132123126157
3	14153.804353	0.132036459868
3	14163.8496661	0.130258154597
3	14173.8594921	0.129931694669
3	14183.967731	0.128343150136
3	14193.9946442	0.128715688744
3	14204.0405121	0.128609363981
3	14214.0610211	0.130289139756
3	14224.1607661	0.132250687896
3	14234.1665921	0.132578983237
3	14244.171453	0.131574151991
3	14254.2440372	0.129497983358
3	14264.353518	0.131734512669
3	14274.3646882	0.129249844423
3	14284.368171	0.130422120994
3	14294.4022222	0.132824452153
3	14304.4117651	0.133135937735
3	14314.41206	0.133727089795
3	14324.4150701	0.132700476582
3	14334.4478781	0.133136819998
3	14344.4645212	0.130542363313
3	14354.5626709	0.131203005424
3	14364.6240821	0.131931971147
3	14374.647064	0.129776396146
3	14384.7230592	0.133283349379
3	14394.7883601	0.131804768779
3	14404.8681312	0.130921270641
3	14414.987031	0.131101089708
3	14424.998801	0.132014998746
3	14435.0044851	0.132084675659
3	14445.022727	0.131040324914
3	14455.0969651	0.132706055585
3	14465.1150219	0.131629073721
3	14475.14733	0.130952542127
3	14485.23627	0.130209138502
3	14495.2489121	0.13310666937
3	14505.2974	0.132688318551
3	14515.4296432	0.135149760396
3	14525.4532959	0.134099080038
3	14535.594105	0.132264324577
3	14545.6491861	0.132463471055
3	14555.7150931	0.132469595875
3	14565.7978292	0.131856687234
3	14575.931299	0.134062606274
3	14585.9381781	0.134093917964
3	14595.9590111	0.133664276487
3	14606.024286	0.135835235822
3	14616.112633	0.133380954558
3	14626.1215141	0.13300916696
3	14636.157192	0.133121520866
3	14646.1903419	0.133676217172
3	14656.2527781	0.132758687668
3	14666.3145711	0.131526216036
3	14676.3293002	0.132400185972
3	14686.3605042	0.132077351588
3	14696.439086	0.132050860177
3	14706.4519041	0.134759425043
3	14716.4797142	0.135770817988
3	14726.4875932	0.135641371009
3	14736.5366411	0.132180429422
3	14746.629957	0.133526586276
3	14756.6304691	0.13472452332
3	14766.7755461	0.134060951121
3	14776.9297071	0.133726591103
3	14786.982924	0.134477155952
3	14797.020395	0.133109927128
3	14807.028904	0.133753322209
3	14817.068836	0.133446554004
3	14827.082324	0.130828807342
3	14837.2284181	0.131489817085
3	14847.231184	0.131843149255
3	14857.3153441	0.129762741833
3	14867.408288	0.130120470759
3	14877.536319	0.128513056072
3	14887.577039	0.129402948385
3	14897.5947611	0.129933340437
3	14907.6048281	0.131433860384
3	14917.6613262	0.131299548335
3	14927.6660562	0.131507052473
3	14937.6777852	0.129198803819
3	14947.724951	0.130868046758
3	14957.766288	0.129752696267
3	14967.8146281	0.130824717433
3	14977.8365672	0.129791465058
3	14987.917258	0.129056220417
3	14997.9366341	0.12784431019
3	15007.9820991	0.128971016945
3	15018.003597	0.128590460053
3	15028.035162	0.128491938901
3	15038.155591	0.12767826963
3	15048.281019	0.127590879566
3	15058.3308511	0.12966195971
3	15068.3725801	0.129782755837
3	15078.374073	0.131308083535
3	15088.381412	0.132752475848
3	15098.3859291	0.130983333324
3	15108.4854231	0.131826780518
3	15118.5155802	0.133730114581
3	15128.5580151	0.133197506692
3	15138.6383481	0.132495622821
3	15148.6660681	0.133518519852
3	15158.685385	0.131737384224
3	15168.697572	0.133718907094
3	15178.733027	0.132812737099
3	15188.7767851	0.132183200395
3	15198.803714	0.130083242772
3	15208.8196552	0.13072858294
3	15218.8884671	0.13181451207
3	15228.895102	0.131425452561
3	15238.950593	0.134104089585
3	15248.967809	0.133404170022
3	15259.0073431	0.13404843284
3	15269.0164921	0.136080647067
3	15279.0278192	0.135390465285
3	15289.0794771	0.134823261241
3	15299.093997	0.133717551801
3	15309.1576869	0.133829947216
3	15319.1934741	0.133027613012
3	15329.270669	0.131418384728
3	15339.2953269	0.131986061957
3	15349.3334241	0.132900704906
3	15359.3986371	0.132094455938
3	15369.467891	0.131662061151
3	15379.500622	0.129765964893
3	15389.5167382	0.129897295805
3	15399.652864	0.131203314664
3	15409.7014041	0.131012333928
3	15419.7037771	0.131885097622
3	15429.727977	0.132386240091
3	15439.8560131	0.131716035063
3	15449.88467	0.132550990565
3	15459.9430912	0.133368905441
3	15470.022635	0.133303681434
3	15480.0617712	0.131735195198
3	15490.1471581	0.12982548993
3	15500.2242911	0.131539811146
3	15510.297019	0.132082080083
3	15520.38008	0.133182682998
3	15530.5428951	0.133329627348
3	15540.577651	0.133190004355
3	15550.6181161	0.133590853383
3	15560.672919	0.13332035527
3	15570.7227221	0.133422628803
3	15580.7958531	0.133396821706
3	15590.832761	0.133348605589
3	15600.866574	0.130974840236
3	15610.9275301	0.130414548451
3	15620.9816351	0.131816535891
3	15630.985378	0.130398916034
3	15641.0712831	0.129087908611
3	15651.0751162	0.129337438052
3	15661.139961	0.129545144947
3	15671.1474941	0.127971810179
3	15681.1522419	0.12959194779
3	15691.168608	0.132494199022
3	15701.1812551	0.131929073067
3	15711.2014871	0.130739879885
3	15721.2187781	0.129661429005
3	15731.282423	0.128588935648
3	15741.3106711	0.129274634417
3	15751.627063	0.128935462118
3	15761.6813622	0.128722127146
3	15771.7807682	0.128327765984
3	15781.851913	0.128142751312
3	15791.9104691	0.129709044833
3	15802.023958	0.129690806672
3	15812.0481691	0.13129465319
3	15822.1305981	0.13083424061
3	15832.170681	0.130109274318
3	15842.2292731	0.132926295897
3	15852.298775	0.130706098089
3	15862.3118041	0.1292454942
3	15872.3137691	0.128998145132
3	15882.340081	0.128760828758
3	15892.3779171	0.131529279159
3	15902.4805901	0.131314964841
3	15912.5056581	0.130991525174
3	15922.536483	0.130484407685
3	15932.6000659	0.13084410949
3	15942.6967862	0.13088718329
3	15952.7106411	0.129817848885
3	15962.736243	0.13095822174
3	15972.769171	0.131221393317
3	15982.8169072	0.129501917594
3	15992.871083	0.129385699033
3	16002.8994591	0.129331897916
3	16012.930522	0.129077330874
3	16023.054251	0.129289503196
3	16033.130583	0.130781552715
3	16043.237627	0.131913225097
3	16053.312937	0.132982835689
3	16063.3247302	0.132407088938
3	16073.41326	0.132925041447
3	16083.439523	0.134619581452
3	16093.5288601	0.138142853553
3	16103.5765991	0.137854946255
3	16113.6887171	0.137561583157
3	16123.704968	0.135890163925
3	16133.707732	0.135226923291
3	16143.778255	0.136297222168
3	16153.7934351	0.134456741464
3	16163.842073	0.134408109952
3	16173.866812	0.130190944951
3	16183.894048	0.129097450481
3	16193.9598441	0.130998126167
3	16204.0398531	0.130054772082
3	16214.04725	0.130351354997
3	16224.137352	0.129570156776
3	16234.2381952	0.129471749102
3	16244.3074961	0.131644198214
3	16254.3198061	0.130548088057
3	16264.3560121	0.128277428155
3	16274.3701952	0.127173517343
3	16284.3997641	0.127336957594
3	16294.4135761	0.125856500342
3	16304.4270051	0.126408269448
3	16314.4798381	0.124642672544
3	16324.635293	0.126722550551
3	16334.6852751	0.127398417811
3	16344.7150941	0.128415059862
3	16354.7213111	0.130315109589
3	16364.7922511	0.128938623854
3	16374.8323672	0.128270848141
3	16384.994436	0.131065627305
3	16395.0188291	0.132601944353
3	16405.023608	0.133330951695
3	16415.1136911	0.132938669705
3	16425.115674	0.130750985782
3	16435.2439051	0.131663653676
3	16445.3026991	0.130292647855
3	16455.357291	0.130375016345
3	16465.3660531	0.129081559609
3	16475.4093192	0.130160187638
3	16485.4103091	0.129125789472
3	16495.450547	0.127752320229
3	16505.509105	0.128889119818
3	16515.5250812	0.130134656085
3	16525.544548	0.130371710032
3	16535.551451	0.130255175159
3	16545.5748131	0.131407559261
3	16555.64926	0.132751780645
3	16565.6687641	0.130491086209
3	16575.6849821	0.128980163106
3	16585.732173	0.128927990876
3	16595.8183961	0.131319389008
3	16605.8379791	0.128864791519
3	16615.927073	0.129142668128
3	16625.9840331	0.127968912422
3	16635.9928811	0.126755011759
3	16646.0048771	0.127798614297
3	16656.081027	0.128788634933
3	16666.1064341	0.129460358802
3	16676.118753	0.130551344971
3	16686.166404	0.132213758747
3	16696.20945	0.130623642005
3	16706.3508561	0.132189564619
3	16716.4230831	0.13153316747
3	16726.508352	0.130853894146
3	16736.5516961	0.132002005739
3	16746.5884352	0.132549644004
3	16756.6326241	0.130660271339
3	16766.645714	0.132991983339
3	16776.645771	0.132259994222
3	16786.659339	0.132485351411
3	16796.7176552	0.132389713015
3	16806.7386551	0.131227965161
3	16816.8191841	0.131682916668
3	16826.8978062	0.130852201338
3	16836.9087641	0.128809359146
3	16846.93503	0.126160965876
3	16856.9600551	0.126249812332
3	16866.9603062	0.128209820386
3	16876.98595	0.126174868448
3	16887.012758	0.125475384698
3	16897.028357	0.123388013675
3	16907.042701	0.122286783972
3	16917.0967522	0.122079692243
3	16927.120177	0.12207319602
3	16937.222285	0.121695565395
3	16947.3165882	0.121676979208
3	16957.3582201	0.122620194385
3	16967.3754871	0.122861879158
3	16977.381907	0.122320741483
3	16987.3860061	0.122343645621
3	16997.4647901	0.120204322969
3	17007.4832921	0.121858852392
3	17017.6612689	0.12090001352
3	17027.6685371	0.122853449175
3	17037.7097991	0.120631313766
3	17047.755301	0.120165539048
3	17057.7642221	0.120066102719
3	17067.8151841	0.122592399444
3	17077.8842101	0.124747318223
3	17087.887872	0.124225667043
3	17097.927465	0.123122927383
3	17107.9730601	0.12251165755
3	17117.9951122	0.122319818915
3	17128.023597	0.120654100428
3	17138.0601079	0.123203968718
3	17148.156086	0.125475924732
3	17158.1711581	0.126100941838
3	17168.173754	0.127524577404
3	17178.1756411	0.127762260497
3	17188.2308922	0.128910064907
3	17198.248487	0.129626473214
3	17208.2636502	0.130516000445
3	17218.3212991	0.130890103447
3	17228.3885181	0.131893457575
3	17238.4191642	0.130618142072
3	17248.425101	0.132359242786
3	17258.4308581	0.132988270798
3	17268.4384789	0.131488117693
3	17278.447782	0.133736774382
3	17288.519275	0.132116620043
3	17298.5949171	0.132888570283
3	17308.6861801	0.131992066839
3	17318.734098	0.132467756514
3	17328.7411671	0.134142734226
3	17338.7770061	0.13607594522
3	17348.8529592	0.138300227235
3	17359.38622	0.138304254129
3	17369.3919752	0.136639650872
3	17379.4366291	0.136380137317
3	17389.494741	0.135349428941
3	17399.501307	0.134508316399
3	17409.5505791	0.137519076637
3	17419.5637541	0.135680011643
3	17429.5681651	0.138823822357
3	17439.6121402	0.138303555548
3	17449.6472631	0.138100533545
3	17459.6520061	0.136923664773
3	17469.653337	0.138844875426
3	17479.718509	0.139360573175
3	17489.7919161	0.135998449884
3	17499.808517	0.13712019891
3	17509.8317502	0.137828423262
3	17519.854116	0.137164389959
3	17529.9956281	0.135344282974
3	17540.020328	0.136194285713
3	17550.0690501	0.137134723671
3	17560.1026602	0.136356890134
3	17570.166539	0.135836908044
3	17580.231591	0.13606002987
3	17590.2324691	0.135854268871
3	17600.2909591	0.134588978936
3	17610.3130021	0.1335503195
3	17620.3425801	0.133572790003
3	17630.394062	0.133682631064
3	17640.3965042	0.135342846003
3	17650.409245	0.136283796457
3	17660.520854	0.135034230365
3	17670.5547891	0.136561497462
3	17680.5976	0.136835193193
3	17690.6889861	0.137456206166
3	17700.705282	0.138099163376
3	17710.7674901	0.13756133316
3	17720.8157511	0.136731688563
3	17730.8177221	0.13536640952
3	17740.982379	0.13511616526
3	17751.0048821	0.137632124921
3	17761.0258641	0.13435170514
3	17771.032162	0.13566229412
3	17781.0475662	0.13373360835
3	17791.0865271	0.133409451747
3	17801.10428	0.13244811253
3	17811.1616859	0.132493530269
3	17821.1756542	0.133458838484
3	17831.18888	0.134733178301
3	17841.209389	0.136237269034
3	17851.234488	0.136686984528
3	17861.271663	0.138642411386
3	17871.299233	0.138867385664
3	17881.326957	0.140854971306
3	17891.3596361	0.138444344233
3	17901.4331121	0.137815130976
3	17911.5608251	0.13895036574
3	17921.5930722	0.139392412892
3	17931.6326401	0.138033073769
3	17941.710366	0.135813012885
3	17951.7900732	0.137370623986
3	17961.8126922	0.138681710024
3	17971.905091	0.139571742975
3	17981.943099	0.140769685248
3	17992.051223	0.141103125916
3	18002.064889	0.139174991483
3	18012.1123581	0.141612001615
3	18022.1786101	0.13944535307
3	18032.2224741	0.139448833115
3	18042.2242742	0.139169401993
3	18052.2255452	0.139300260524
3	18062.2670162	0.137188052846
3	18072.295239	0.138925425189
3	18082.3506222	0.139974338602
3	18092.4547751	0.138162744577
3	18102.4877131	0.136091564463
3	18112.535876	0.136718459943
3	18122.595289	0.13679018507
3	18132.655935	0.135678218141
3	18142.682256	0.137179180651
3	18152.7104511	0.138738570535
3	18162.7502661	0.133920620965
3	18172.768296	0.132158523111
3	18182.8266702	0.130212814165
3	18192.830524	0.131726505438
3	18202.9119461	0.130302159587
3	18212.9166441	0.127912052456
3	18222.9631991	0.12886170794
3	18232.9723651	0.127422815531
3	18243.0652511	0.127181530207
3	18253.0734701	0.126436336493
3	18263.0790341	0.124017602841
3	18273.1385751	0.121350657466
3	18283.2215152	0.121449689885
3	18293.2718711	0.121676613218
3	18303.2812772	0.12126049893
3	18313.2903531	0.120916570026
3	18323.3001781	0.120976953726
3	18333.3097579	0.120960763013
3	18343.328325	0.120522587421
3	18353.3704531	0.120146971094
3	18363.3855791	0.119261037637
3	18373.425401	0.11987338502
3	18383.463691	0.119854442108
3	18393.495158	0.119580325806
3	18403.498204	0.119431457523
3	18413.530442	0.119530055619
3	18423.5526931	0.118962668505
3	18433.5681291	0.119658082267
3	18443.6005552	0.118338079683
3	18453.6662102	0.118399785695
3	18463.7256	0.117250517754
3	18473.7608221	0.117714075883
3	18483.780035	0.117224615727
3	18493.856519	0.116633135125
3	18503.880142	0.119108447938
3	18513.9243591	0.121519944115
3	18523.9805181	0.122495295837
3	18534.02372	0.124218301847
3	18544.0297701	0.12511836169
3	18554.055743	0.124593768298
3	18564.099082	0.123949110749
3	18574.1023722	0.122484950993
3	18584.12377	0.124331672565
3	18594.1935101	0.122885665322
3	18604.2118711	0.121637908799
3	18614.231071	0.121539588642
3	18624.288368	0.120011954135
3	18634.3424001	0.11931390042
3	18644.3437731	0.118505342485
3	18654.401139	0.117058649288
3	18664.4855731	0.115952421424
3	18674.5499132	0.115767690609
3	18684.589442	0.117730029371
3	18694.620626	0.118652306304
3	18704.6574152	0.117815646036
3	18714.7054541	0.117920357891
3	18724.7206371	0.117447158443
3	18734.7241092	0.116443310924
3	18744.7362401	0.11867248745
3	18754.779639	0.118834505879
3	18764.8645451	0.120508183551
3	18774.885432	0.120658735677
3	18784.911207	0.122833550464
3	18794.9335561	0.12208988163
3	18804.9538391	0.120981834
3	18814.961412	0.12115711563
3	18824.9667881	0.123452122477
3	18835.0081401	0.121754467026
3	18845.0869632	0.121797772659
3	18855.152868	0.120983953623
3	18865.162905	0.119692456896
3	18875.2479331	0.123189352601
3	18885.306901	0.127536167755
3	18895.3230271	0.129423315844
3	18905.353137	0.12805663275
3	18915.368129	0.125823283815
3	18925.385277	0.124493151697
3	18935.391423	0.124582348043
3	18945.400183	0.124951149232
3	18955.4210041	0.122169398343
3	18965.47825	0.121800510219
3	18975.502286	0.123659728923
3	18985.521194	0.123887644703
3	18995.5429721	0.123630422413
3	19005.5940192	0.125726332863
3	19015.624409	0.122644402622
3	19025.6309781	0.12153424105
3	19035.7001131	0.121528781103
3	19045.7393022	0.122425114134
3	19055.74173	0.122051849392
3	19065.7427649	0.121363518439
3	19075.8161201	0.119831056204
3	19085.821183	0.121564270653
3	19095.8558722	0.118698311151
3	19105.8616421	0.120396756183
3	19115.9211891	0.123657093714
3	19125.990983	0.130694921508
3	19135.9920011	0.132378748779
3	19146.0133471	0.133700529249
3	19156.036068	0.135233760381
3	19166.054378	0.137847325628
3	19176.12272	0.138333481595
3	19186.1475711	0.137778449998
3	19196.155221	0.14072661205
3	19206.18871	0.143240462183
3	19216.2410581	0.1439333548
3	19226.2526841	0.14549856321
3	19236.275883	0.147922912368
3	19246.2858911	0.149224483449
3	19256.2917941	0.151220731508
3	19266.3479331	0.152432352272
3	19276.4207511	0.153860917189
3	19286.472846	0.153082132918
3	19296.473753	0.15150341463
3	19306.5002961	0.151987837648
3	19316.5287142	0.149903308743
3	19326.6001711	0.14980123394
3	19336.665215	0.149862434575
3	19346.7689981	0.150913336779
3	19356.779211	0.149373893631
3	19366.8219621	0.146613468592
3	19376.848814	0.147206237713
3	19386.9356329	0.147304778819
3	19397.0093391	0.150306042835
3	19407.03111	0.150221521181
3	19417.0720451	0.148906805911
3	19427.1233261	0.14969455706
3	19437.1245041	0.150380671455
3	19447.2067721	0.151582553436
3	19457.2296932	0.151218036659
3	19467.3235321	0.150923538167
3	19477.3458772	0.151654209279
3	19487.353204	0.153388205418
3	19497.426476	0.152400867375
3	19507.4420512	0.152301290996
3	19517.471204	0.150918981961
3	19527.5410821	0.151044289966
3	19537.5455821	0.14862999462
3	19547.6116672	0.151335461022
3	19557.6694012	0.150419765427
3	19567.676646	0.15205218128
3	19577.7991471	0.151912168742
3	19587.8575931	0.150981625136
3	19597.9556961	0.15118562814
3	19607.9828951	0.150285472801
3	19618.0299301	0.151575190929
3	19628.068454	0.15271914734
3	19638.081737	0.154366166049
3	19648.128947	0.1536381142
3	19658.1562171	0.151453877487
3	19668.1567671	0.153891273076
3	19678.197773	0.155111200503
3	19688.2245831	0.156642327102
3	19698.2563481	0.156665180235
3	19708.3048921	0.153338217232
3	19718.3213501	0.15144152676
3	19728.3724651	0.149747119979
3	19738.4481862	0.15060213982
3	19748.5322862	0.150885240756
3	19758.549643	0.150903374328
3	19768.7753022	0.150904831388
3	19778.8574011	0.151204998589
3	19788.861491	0.152150671668
3	19798.90821	0.152029200648
3	19808.9275661	0.15239762715
3	19818.9301341	0.150351544907
3	19828.9640372	0.151131700321
3	19838.968895	0.150345825038
3	19848.9742091	0.152663746275
3	19859.023432	0.154358348366
3	19869.0614531	0.153642466438
3	19879.163574	0.152077012423
3	19889.2396312	0.153600284218
3	19899.29898	0.155576693628
3	19909.299206	0.154698072315
3	19919.392324	0.151604548017
3	19929.5540211	0.150078184041
3	19939.57972	0.152258950958
3	19949.651195	0.152156900741
3	19959.6536372	0.151085698043
3	19969.6863492	0.153924699824
3	19979.732691	0.155843150748
3	19989.7381802	0.15527794837
3	19999.7842791	0.155134970122
3	20009.789084	0.154039229162
3	20019.8037841	0.155866184326
3	20029.884692	0.154915054077
3	20039.909209	0.152749006456
3	20050.0027001	0.152377041839
3	20060.014955	0.153522179151
3	20070.0166352	0.153734510661
3	20080.075906	0.15300183425
3	20090.1114721	0.153713958061
3	20100.1154311	0.153484886086
3	20110.1232622	0.153283853544
3	20120.162756	0.152028104332
3	20130.207562	0.152098221431
3	20140.226589	0.150866239693
3	20150.250366	0.150206639967
3	20160.2602611	0.14957570625
3	20170.303834	0.150390063663
3	20180.307508	0.149914969506
3	20190.3746002	0.148322083457
3	20200.3788311	0.147945984982
3	20210.5092971	0.148913076563
3	20220.565742	0.148985142486
3	20230.5834301	0.151438817645
3	20240.6159511	0.148621935944
3	20250.663646	0.148596604405
3	20260.741677	0.14941666542
3	20270.8203561	0.152449102515
3	20280.8886161	0.152809316043
3	20290.954906	0.153592426855
3	20301.0744081	0.156729569117
3	20311.095999	0.156512277737
3	20321.211719	0.155630268907
3	20331.26876	0.155932447589
3	20341.387059	0.154939412925
3	20351.4072812	0.15644747259
3	20361.4402671	0.156765837574
3	20371.4424391	0.157010077483
3	20381.4751241	0.157413511072
3	20391.4916692	0.159414787316
3	20401.575551	0.161272210531
3	20411.579668	0.157715335252
3	20421.5832942	0.156051685593
3	20431.6167099	0.1577242718
3	20441.638612	0.156836206903
3	20451.667196	0.156581187073
3	20461.762589	0.158138178469
3	20471.8214171	0.15642471529
3	20481.8762891	0.157472152458
3	20491.887984	0.157051266148
3	20501.931788	0.15690022571
3	20512.008558	0.154695229088
3	20522.0690801	0.153478124103
3	20532.162833	0.156169201486
3	20542.1867862	0.157382466827
3	20552.2529662	0.154009415667
3	20562.320787	0.152983654645
3	20572.361228	0.153036509993
3	20582.443625	0.152638567875
3	20592.4712532	0.155057069732
3	20602.5436351	0.154751227332
3	20612.568274	0.156870159808
3	20622.6034951	0.154508550412
3	20632.6693401	0.15526674589
3	20642.6920421	0.155276517577
3	20652.6994591	0.151839688102
3	20662.7968311	0.151209084932
3	20672.8794901	0.15217684246
3	20682.9306262	0.151405706668
3	20692.9513102	0.151065816479
3	20703.0356181	0.153182121046
3	20713.036381	0.152397960458
3	20723.0558	0.15156698676
3	20733.1195281	0.150022291198
3	20743.1657081	0.15091701807
3	20753.193357	0.152495662724
3	20763.3081861	0.149571485222
3	20773.360558	0.150275660971
3	20783.4270511	0.151324073981
3	20793.4377041	0.150012219622
3	20803.4528022	0.151302262925
3	20813.5134752	0.150191244255
3	20823.5780151	0.148313629208
3	20833.5816112	0.149884017627
3	20843.5855961	0.148289472041
3	20853.6500881	0.146765245194
3	20863.679534	0.147118101308
3	20873.7306781	0.147196901747
3	20883.737596	0.148337111867
3	20893.765425	0.147658483972
3	20903.8311582	0.14840307679
3	20913.8983412	0.1477691683
3	20923.9135129	0.145556095825
3	20933.9239612	0.146294600518
3	20943.95028	0.145884695573
3	20954.000967	0.146194853457
3	20964.0098259	0.146527174524
3	20974.0501521	0.148279667944
3	20984.070581	0.146755313669
3	20994.1245592	0.145532897158
3	21004.2039289	0.145391363712
3	21014.2990201	0.147394945837
3	21024.3056841	0.145978160628
3	21034.400322	0.148459478429
3	21044.464731	0.148336944401
3	21054.560957	0.14922108165
3	21064.6834872	0.149512378403
3	21074.8732121	0.150223560866
3	21085.0783892	0.150120899672
3	21095.153847	0.150003861082
3	21105.191196	0.14924888186
3	21115.2279711	0.149770826799
3	21125.272825	0.150209442608
3	21135.2843812	0.150806881611
3	21145.312439	0.149630623231
3	21155.367342	0.148249837583
3	21165.4857631	0.147865653062
3	21175.6244681	0.149009791514
3	21185.7198322	0.146047450223
3	21195.812459	0.146380477034
3	21205.865963	0.146347182829
3	21215.9846931	0.147787009543
3	21225.9925051	0.149097210216
3	21236.0596411	0.148100137204
3	21246.093389	0.15017921223
4	21257.783062	0.15163901373
4	21268.1850281	0.14866771645
4	21278.2252409	0.146514754634
4	21288.6245952	0.146407415167
4	21298.660717	0.143744223913
4	21308.71593	0.144562171526
4	21318.8751662	0.14391806286
4	21328.9885011	0.142352952342
4	21339.145864	0.139935968729
4	21349.321259	0.137992909644
4	21360.2083461	0.135087266683
4	21370.2225142	0.134457856787
4	21380.265337	0.134267881535
4	21390.308671	0.134755246936
4	21400.3470991	0.133854991575
4	21410.3683691	0.133780651108
4	21420.4680622	0.132026454852
4	21430.4874101	0.131341166003
4	21440.656143	0.130199917392
4	21450.7432091	0.129857213151
4	21460.7483101	0.131702856075
4	21470.7713051	0.132243165594
4	21480.8632071	0.130859576328
4	21490.891717	0.131901637442
4	21500.9263361	0.131870336422
4	21510.9662549	0.130822342451
4	21521.033875	0.129376510947
4	21531.1415901	0.12960464921
4	21541.163203	0.128740869278
4	21551.1889901	0.127551663743
4	21561.2535682	0.127590093317
4	21571.3251472	0.128493459027
4	21581.3364551	0.127057182781
4	21591.36411	0.127261994433
4	21601.431674	0.126003539623
4	21611.4385681	0.126460787746
4	21621.4928482	0.125539987588
4	21631.590204	0.125291164385
4	21641.654367	0.126260235543
4	21651.6817431	0.126607972209
4	21661.6912432	0.127155075709
4	21671.74266	0.126472509542
4	21681.794467	0.126549336811
4	21691.8211021	0.126771229728
4	21701.905319	0.127943960576
4	21711.979038	0.12718083332
4	21722.0452201	0.125553477529
4	21732.5014141	0.125606622859
4	21742.525609	0.123830332656
4	21752.5583961	0.122090157534
4	21762.5858271	0.12291336366
4	21772.6475592	0.121988868041
4	21782.7210221	0.12127476398
4	21792.7273591	0.121636859288
4	21802.7801821	0.121252316451
4	21812.885967	0.120642303241
4	21822.92887	0.120364055369
4	21833.0561211	0.118853241834
4	21843.1150541	0.121072695146
4	21853.1540802	0.120863022237
4	21863.154644	0.122449384363
4	21873.1671441	0.125601493041
4	21883.194999	0.126408551225
4	21893.1956191	0.124497309179
4	21903.2626371	0.123891295096
4	21913.2967892	0.126544643835
4	21923.3355041	0.126068535519
4	21933.399461	0.124284911054
4	21943.4197512	0.125366854428
4	21953.4500511	0.124864279376
4	21963.5180252	0.125086603997
4	21973.5638871	0.123463914169
4	21983.612375	0.125971112679
4	21993.634733	0.126127062368
4	22003.745291	0.125747054875
4	22013.8132801	0.125610036045
4	22023.82303	0.124504209799
4	22034.036854	0.12423703092
4	22044.114609	0.125759672074
4	22054.1220942	0.124161927886
4	22064.176301	0.122901478756
4	22074.213593	0.121232595724
4	22084.2946651	0.121954421063
4	22094.306524	0.121007657702
4	22104.377737	0.121922379109
4	22114.3935881	0.122647221035
4	22124.452843	0.123039010468
4	22134.4955671	0.124001565471
4	22144.5285251	0.122503374178
4	22154.5311301	0.121125665545
4	22164.554383	0.121822471103
4	22174.629585	0.122603896128
4	22184.6883581	0.12297192636
4	22194.7535341	0.123170319919
4	22204.8767631	0.123199823568
4	22214.8885021	0.12301175298
4	22225.04056	0.122463413721
4	22235.064853	0.123807212592
4	22245.1093371	0.125579930463
4	22255.144644	0.128394630575
4	22265.177835	0.130329076341
4	22275.2266331	0.134048773736
4	22285.2935882	0.13608237378
4	22295.302458	0.137998982419
4	22305.34953	0.141176931262
4	22315.4058931	0.14357509715
4	22325.4188221	0.143013633339
4	22335.445209	0.143519147263
4	22345.4684401	0.14229289766
4	22355.549171	0.142904259027
4	22365.689815	0.142843731882
4	22375.810066	0.144684042851
4	22385.8266242	0.144277128333
4	22395.9367552	0.144191767214
4	22405.9555891	0.145244380774
4	22416.013864	0.14595307873
4	22426.1610701	0.14694994725
4	22436.2369761	0.14766548873
4	22446.271945	0.148543288719
4	22456.2840331	0.146851167046
4	22466.4348361	0.146849768627
4	22476.4489419	0.147842554906
4	22486.4604881	0.146352481707
4	22496.5351081	0.148323152118
4	22506.630074	0.149899639897
4	22516.7167981	0.149738326718
4	22526.7766571	0.149559622503
4	22536.8004701	0.149217952661
4	22546.977787	0.148266137561
4	22557.0910301	0.148888543299
4	22567.199491	0.148960649482
4	22577.1997139	0.149363378183
4	22587.2014	0.147883684344
4	22597.2121191	0.148287352539
4	22607.319443	0.147582799881
4	22617.376756	0.14759126915
4	22627.3893111	0.148590527363
4	22637.394711	0.15026980562
4	22647.4229391	0.151158433227
4	22657.5227861	0.148964244207
4	22667.5677071	0.150475893068
4	22677.614814	0.150803818466
4	22687.723664	0.149497023298
4	22697.7599881	0.150457948548
4	22707.859755	0.148641557931
4	22717.9264271	0.148116030773
4	22727.964891	0.149725546586
4	22738.059777	0.149334064445
4	22748.0926471	0.150411397439
4	22758.1367791	0.149530053766
4	22768.1477931	0.14995209573
4	22778.3401701	0.150717891926
4	22788.507232	0.150792402911
4	22798.558599	0.150324915221
4	22808.637929	0.151947421028
4	22818.6708281	0.153316884627
4	22828.76843	0.153416069243
4	22838.8757861	0.152876644675
4	22848.9211709	0.152630269367
4	22858.9668491	0.150489612371
4	22869.0734901	0.151057717252
4	22879.107496	0.151294627298
4	22889.177948	0.152338438129
4	22899.2848802	0.151735249998
4	22909.2925711	0.152971719837
4	22919.3812211	0.153119476801
4	22929.4287901	0.153867395443
4	22939.480783	0.153429125048
4	22949.489001	0.154021099767
4	22959.581104	0.152420201813
4	22969.6465781	0.152599957045
4	22979.8130062	0.152673238802
4	22989.8275421	0.153371967707
4	23000.036598	0.152369435595
4	23010.1335161	0.152434747482
4	23020.2126751	0.151886323395
4	23030.2262731	0.152399055046
4	23040.3100371	0.15425853765
4	23050.363616	0.153201966947
4	23060.4191861	0.153280511379
4	23070.469964	0.153008647038
4	23080.5013092	0.152535857734
4	23090.573324	0.151848155633
4	23100.573482	0.151040224636
4	23110.6403332	0.151903429989
4	23120.6582181	0.152483133723
4	23130.810226	0.150552514362
4	23140.9239371	0.151849246634
4	23150.9796941	0.152633218989
4	23161.0186341	0.151826677151
4	23171.0709162	0.151571739056
4	23181.127022	0.152631644265
4	23191.180366	0.153152853521
4	23201.2859612	0.153877785085
4	23211.3385761	0.153980401308
4	23221.4075041	0.154588697724
4	23231.473367	0.154807742457
4	23241.545361	0.154664106274
4	23251.5967731	0.154682234992
4	23261.7534571	0.154491350171
4	23271.8072882	0.156158893338
4	23281.972023	0.154160122913
4	23292.04722	0.152587984537
4	23302.0727901	0.15546172556
4	23312.129349	0.155646927382
4	23322.2045441	0.156382047042
4	23332.2582459	0.155747828994
4	23342.2839291	0.156360903201
4	23352.4927421	0.154757875507
4	23362.566119	0.15530107228
4	23372.6550541	0.155093710863
4	23382.772588	0.154592658641
4	23392.8388321	0.155256934378
4	23402.97226	0.153994644818
4	23413.012042	0.154800986619
4	23423.0565071	0.154931236415
4	23433.104027	0.15334437526
4	23443.1630111	0.154395293191
4	23453.2180982	0.154817227457
4	23463.344888	0.15291650177
4	23473.3963611	0.151763625773
4	23483.4301531	0.152687988504
4	23493.48048	0.150378494917
4	23503.495182	0.149272713513
4	23513.625663	0.148961592199
4	23523.6647382	0.149274833486
4	23534.1075311	0.149169406326
4	23544.1961222	0.148687962989
4	23554.2066901	0.149881305916
4	23564.3001971	0.150249583076
4	23574.3116181	0.151733987739
4	23584.4061711	0.150718527108
4	23594.4641151	0.150257786466
4	23604.5017722	0.150105263828
4	23614.5130341	0.149036220462
4	23624.5469921	0.14853240488
4	23634.5707481	0.148229717785
4	23644.719049	0.148156650979
4	23654.7775362	0.146952155739
4	23664.812752	0.147299497588
4	23674.94626	0.147448210389
4	23684.9558771	0.147621755334
4	23694.9644592	0.146904666859
4	23705.0486932	0.146688147558
4	23715.105741	0.146281427533
4	23725.1584651	0.145191745332
4	23735.1886852	0.145940220862
4	23745.2750602	0.14631375251
4	23755.281934	0.146240674697
4	23765.309046	0.144532104676
4	23775.375828	0.144069366235
4	23785.474997	0.144961953167
4	23795.596741	0.144904795819
4	23805.603898	0.145103414638
4	23815.6321981	0.143535568045
4	23825.635998	0.146565978889
4	23835.6414051	0.146924084526
4	23845.668422	0.145638206962
4	23855.70961	0.143117893091
4	23865.72458	0.142834043698
4	23875.7804341	0.14098016456
4	23885.8894451	0.140818387439
4	23895.9792051	0.141764393035
4	23906.018136	0.141518823103
4	23916.0771701	0.141420261831
4	23926.1514101	0.141743935784
4	23936.178056	0.141647701167
4	23946.2270901	0.142291849238
4	23956.283258	0.144225030137
4	23966.4060521	0.143298578329
4	23976.4741871	0.143798678314
4	23986.614028	0.143278341303
4	23996.79881	0.145552576825
4	24006.890753	0.143925353047
4	24017.0057271	0.143529752985
4	24027.135323	0.145416160788
4	24037.2294211	0.145638636092
4	24047.236376	0.147260455336
4	24057.2534671	0.147707663949
4	24067.2640841	0.149020972079
4	24077.3012161	0.148057853093
4	24087.3461061	0.148767875087
4	24097.390878	0.147968823118
4	24107.5597911	0.147635994782
4	24117.6305242	0.148277726182
4	24127.7781231	0.14963450296
4	24137.828743	0.150098202143
4	24147.9360671	0.151270741729
4	24157.9681301	0.151483228416
4	24168.0177691	0.151207462041
4	24178.170929	0.151151999639
4	24188.3992431	0.150719639611
4	24198.423456	0.150156897486
4	24208.44454	0.149843579621
4	24218.519408	0.150410278351
4	24228.5982342	0.149437812505
4	24238.624402	0.148236736566
4	24248.6444931	0.149642475856
4	24258.8121982	0.150583334097
4	24268.821631	0.151928605123
4	24278.9248281	0.149018107974
4	24288.9926481	0.148949301329
4	24299.1025271	0.147776126493
4	24309.1151381	0.147781440076
4	24319.1214499	0.14903620794
4	24329.2952511	0.148065606898
4	24339.4024661	0.148788735496
4	24349.4722919	0.149138603532
4	24359.482075	0.149648636949
4	24369.519803	0.148702123072
4	24379.5449681	0.149242810607
4	24389.569984	0.148861921483
4	24399.6317551	0.148532439833
4	24409.7048581	0.148639140861
4	24419.773967	0.149142823458
5	24429.9271731	0.148166136684
5	24439.9561331	0.145442608724
5	24458.6602511	0.144717113812
5	24468.857379	0.144256851617
5	24478.8768091	0.143875434708
5	24489.228194	0.142353922722
5	24499.2916241	0.139347720049
5	24509.398802	0.138969207373
5	24519.436353	0.138125676136
5	24529.750881	0.138507039834
5	24539.9054492	0.137614448472
5	24549.9925652	0.137521945449
5	24560.002548	0.137136098856
5	24570.003598	0.136512852437
5	24580.226784	0.136722228419
5	24590.3707271	0.136206692404
5	24600.4373841	0.137180410383
5	24610.5415611	0.136815463134
5	24620.552619	0.134620389961
5	24630.666276	0.133517671072
5	24640.786391	0.133018359202
5	24650.788646	0.132650576147
5	24660.841182	0.135072650843
5	24670.9199049	0.134369158068
5	24680.9502051	0.132353551773
5	24691.0078762	0.131509056127
5	24701.0545552	0.131128977896
5	24711.149982	0.131016833198
5	24721.189338	0.129857738626
5	24731.282455	0.12982220836
5	24741.3449171	0.130056077955
5	24751.6380491	0.129970768895
5	24761.642827	0.128993183643
5	24771.6502872	0.129642437281
5	24781.724396	0.129820605799
5	24791.825814	0.131261585754
5	24801.8431361	0.132501633704
5	24811.8799109	0.132351197266
5	24822.074367	0.131703380097
5	24832.1229811	0.132061726392
5	24842.1916521	0.132719818209
5	24852.230478	0.13337860203
5	24862.2529871	0.133012739054
5	24872.3249412	0.132660485016
5	24882.390682	0.131443104729
5	24892.416142	0.130044465757
5	24902.6680961	0.129656074833
5	24912.802011	0.128206974867
5	24922.8104579	0.130087913622
5	24932.931134	0.131702040277
5	24942.9842751	0.131956117555
5	24953.0299041	0.133889366504
5	24963.1373742	0.134443640136
5	24973.2446752	0.135000996241
5	24983.331125	0.135080182145
5	24993.410253	0.135018074375
5	25003.4490051	0.134881317776
5	25013.522521	0.134296207984
5	25023.621031	0.134997336702
5	25033.6901991	0.135579153063
5	25043.71189	0.134085073571
5	25053.7573671	0.133871736864
5	25063.780663	0.132521054846
5	25073.8254511	0.132818540328
5	25083.9004681	0.132545232828
5	25094.2551341	0.131822437295
5	25104.315455	0.131113717777
5	25114.3466001	0.132269322561
5	25124.4502392	0.133070151885
5	25134.493737	0.132343837563
5	25144.570267	0.132884540386
5	25154.825429	0.133326532087
5	25164.8651512	0.132179834865
5	25174.9184082	0.130738597486
5	25184.959831	0.129932887211
5	25195.0531721	0.130919090748
5	25205.1549461	0.131663336849
5	25215.2443252	0.130813713809
5	25225.293613	0.132465565203
5	25235.3695951	0.132263318188
5	25245.4474571	0.134011485817
5	25255.469878	0.133834028938
5	25265.4712791	0.134339266599
5	25275.5644732	0.133583613406
5	25285.6488612	0.134710481488
5	25295.7315831	0.133591086306
5	25305.7605932	0.133386207783
5	25315.78283	0.13448725622
5	25325.9827981	0.133123228374
5	25336.073189	0.134915629312
5	25346.157362	0.133470912118
5	25356.161597	0.132707686473
5	25366.3727372	0.135173835551
5	25376.434324	0.134319233519
5	25386.526252	0.134239368645
5	25396.534898	0.133156061169
5	25406.6335661	0.129041200819
5	25416.746491	0.127265129543
5	25426.781302	0.126868702895
5	25436.8058619	0.125776134856
5	25446.852144	0.127330373865
5	25456.8632741	0.128456209329
5	25466.8773692	0.130742527418
5	25476.972594	0.131617702688
5	25486.9763751	0.134192564199
5	25497.09746	0.135505340949
5	25507.1263452	0.138018311247
5	25517.1455531	0.138097339797
5	25527.3346221	0.138154113217
5	25537.3860271	0.140669084501
5	25547.4813981	0.141340710753
5	25557.495657	0.140598003206
5	25567.5283561	0.139521500024
5	25577.5354121	0.14092402359
5	25587.5358469	0.141503513142
5	25597.5808761	0.142731705036
5	25607.628967	0.141988459399
5	25617.6364751	0.142291788958
5	25628.0654089	0.143525590737
5	25638.224839	0.143704768317
5	25648.307137	0.144635187957
5	25658.3743222	0.145713038606
5	25668.4419432	0.146691664017
5	25678.5356832	0.14738978937
5	25688.6552131	0.147956589175
5	25698.6874402	0.148365922857
5	25708.709101	0.148151039108
5	25718.8272851	0.147325258668
5	25728.8531229	0.147087087788
5	25738.9415281	0.146579380725
5	25749.0233271	0.146814924571
5	25759.044838	0.145449623221
5	25769.228967	0.146056442145
5	25779.2766821	0.145481722724
5	25789.3613892	0.146253733094
5	25799.397285	0.145872271743
5	25809.4245992	0.14631445742
5	25819.546515	0.147032133935
5	25829.55409	0.14783102483
5	25839.666631	0.14802911066
5	25849.667691	0.15019512515
5	25859.7577751	0.151570331565
5	25869.809257	0.150372652748
5	25879.815052	0.150227019577
5	25889.84389	0.149493604363
5	25899.8669112	0.148831592891
5	25909.8738651	0.149045094464
5	25919.882616	0.150052925902
5	25929.9504941	0.149372697496
5	25940.0173399	0.15205706466
5	25950.0181751	0.1505186096
5	25960.1171801	0.151260889212
5	25970.17905	0.151484793908
5	25980.285296	0.151049647042
5	25990.345998	0.149992854992
5	26000.4739501	0.150869992621
5	26010.474174	0.149279315082
5	26020.5806921	0.149723944151
5	26030.6998971	0.150278561719
5	26040.8175762	0.151406869873
5	26050.8527892	0.153885303091
5	26060.933717	0.152846948318
5	26071.0248082	0.152614697374
5	26081.0863161	0.153210931015
5	26091.109848	0.152198927645
5	26101.11639	0.151695935641
5	26111.122098	0.150029181416
5	26121.1671181	0.151670563246
5	26131.241446	0.151661217388
5	26141.3264952	0.152169752619
5	26151.402714	0.150495586885
5	26161.4957302	0.150884049609
5	26171.5968051	0.150638895093
5	26181.849582	0.150514407894
5	26191.8636642	0.148650543225
5	26201.924367	0.149678294166
5	26212.0352471	0.148509477796
