1	10.0894551277	0.902649449079
1	20.1105730534	0.800109098733
1	30.1706171036	0.731573458257
1	40.2058050632	0.679407735368
1	50.2150981426	0.644866999476
1	60.308699131	0.618848378546
1	70.3231360912	0.606010034124
1	80.3646490574	0.595874109882
1	90.4131500721	0.585156775888
1	100.417881012	0.585570058327
1	110.427443027	0.580744844103
1	120.453283072	0.57846415569
1	130.458012104	0.577427439929
1	140.465129137	0.573325623435
1	150.510293007	0.575115828581
1	160.543967009	0.573585867254
1	170.558365107	0.574404807236
1	180.561391115	0.572956224455
1	190.58485198	0.571360877459
1	200.601644993	0.56640869911
1	210.654910088	0.56414953276
1	220.657376051	0.557925826012
1	230.695943117	0.553153960271
1	240.709523916	0.547380856161
1	250.758439064	0.547342439141
1	260.766394138	0.542728576495
1	270.779911995	0.539267104983
1	280.79292202	0.547351815263
1	290.793695927	0.51350299962
1	300.814939976	0.475205971325
1	310.82567215	0.440419773937
1	320.873760939	0.411437454674
1	330.873857975	0.384018258609
1	340.901530981	0.362250951521
1	350.925204039	0.341709342607
1	361.084941149	0.325351858521
1	371.142457962	0.310728577976
1	381.180612087	0.289722337701
1	391.218018055	0.277231479508
1	401.257015944	0.268818964682
1	411.263684034	0.261757937665
1	421.284771919	0.255487487929
1	431.291208029	0.247529182313
1	441.381510019	0.245228001716
1	451.38967514	0.236576654055
1	461.426417112	0.235186751529
1	471.47537303	0.235342371485
1	481.487183094	0.229883087751
1	491.53324008	0.226238527275
1	501.575495958	0.217974698444
1	511.578496933	0.214692748242
1	521.605399132	0.213931708437
1	531.609137058	0.215745695382
1	541.628899097	0.212022382517
1	551.632844925	0.210146954638
1	561.6471591	0.207555983898
1	571.670839071	0.20983479049
1	581.708128929	0.208782174615
1	591.720099926	0.20738312435
1	601.736319065	0.206892559502
1	611.736881971	0.204090185425
1	621.739087105	0.201458963902
1	631.759160042	0.201754944505
1	641.796355009	0.203406517586
1	651.808200121	0.201231786789
1	661.835211992	0.201699081755
1	671.873059988	0.199329307034
1	681.881217957	0.19795457431
1	691.886650085	0.195866816301
1	701.887231112	0.195782142501
1	711.904901028	0.191799476936
1	721.917742014	0.191606376444
1	731.978971004	0.194023295824
1	742.024793148	0.193260811873
1	752.02542901	0.194160416072
1	762.060096979	0.193163644903
1	772.064859152	0.18668326615
1	782.065254927	0.190014106765
1	792.069447041	0.187299801588
1	802.077857971	0.187152177102
1	812.096611023	0.184225177114
1	822.161734104	0.185492365621
1	832.196162939	0.187486567151
1	842.212965965	0.187935031005
1	852.252247095	0.1870714056
1	862.256127119	0.186896127562
1	872.327630997	0.185154235081
1	882.353531122	0.184359260431
1	892.362632036	0.184241818105
1	902.375219107	0.182892285346
1	912.420326948	0.183639445162
1	922.453418016	0.182687014532
1	932.483736038	0.18342517812
1	942.520787001	0.182341431366
1	952.564276934	0.181159238765
1	962.568521023	0.181632192275
1	972.571522951	0.181743667646
1	982.580491066	0.179741962959
1	992.637233973	0.177855684169
1	1002.64699697	0.175750834505
1	1012.67418408	0.17701120841
1	1022.67833304	0.176104055372
1	1032.69819212	0.177518762864
1	1042.73580003	0.175441760921
1	1052.74817109	0.175230259879
1	1062.76227713	0.176832865457
1	1072.79233694	0.176177721111
1	1082.81863904	0.174835250663
1	1092.82643104	0.17351697184
1	1102.83533502	0.174263813413
1	1112.84835196	0.174509412067
1	1122.85799813	0.172540827933
1	1132.89586496	0.172229148582
1	1142.96043205	0.173126739371
1	1153.022825	0.172617056102
1	1163.03076792	0.17321422893
1	1173.03972697	0.176073534271
1	1183.08730006	0.173865283617
1	1193.15208006	0.172489579775
1	1203.16210294	0.172609702199
1	1213.20623112	0.169708943912
1	1223.22543406	0.168668780514
1	1233.22972012	0.16734175815
1	1243.23793101	0.168884810079
1	1253.25937414	0.170497334763
1	1263.28295803	0.170406243469
1	1273.31508303	0.169583154724
1	1283.31587315	0.171254885318
1	1293.3279891	0.171999898535
1	1303.40864611	0.170104161918
1	1313.42136097	0.169171112959
1	1323.45622706	0.170780968701
1	1333.47627902	0.173100389937
1	1343.52117896	0.172162134186
1	1353.52188492	0.171949122224
1	1363.53638911	0.176920268082
1	1373.57883501	0.177420466179
1	1383.59302306	0.176555238123
1	1393.62354302	0.175538803779
1	1403.65917897	0.175929319549
1	1413.69029999	0.173200996223
1	1423.72852302	0.171615300141
1	1433.74298	0.170303620621
1	1443.76621914	0.169405327581
1	1453.76955795	0.168734167218
1	1463.79459715	0.169695443617
1	1473.85827398	0.170978831004
1	1483.86752415	0.169357120505
1	1493.92848301	0.171382728642
1	1503.93314195	0.169773247751
1	1513.94679713	0.167996211136
1	1524.03189111	0.163816860971
1	1534.0964241	0.16502483642
1	1544.16901493	0.164650300055
1	1554.18550301	0.165174964301
1	1564.20883512	0.166442499475
1	1574.22378206	0.165491931373
1	1584.23686314	0.163829596166
1	1594.26515293	0.164187913791
1	1604.27400398	0.163471219914
1	1614.27551293	0.164763286058
1	1624.27930498	0.162396621206
1	1634.28429794	0.162372212442
1	1644.32198215	0.164398666205
1	1654.32345796	0.167034007814
1	1664.32794404	0.164973690784
1	1674.32942796	0.163207401442
1	1684.41508794	0.164634439732
1	1694.42034912	0.164140287993
1	1704.46262598	0.165694613286
1	1714.46294999	0.166277674098
1	1724.49241495	0.167971171407
1	1734.49830413	0.166724484633
1	1744.5422821	0.164102412037
1	1754.57923293	0.162548442338
1	1764.60415196	0.163920677437
1	1774.65614295	0.162069843841
1	1784.68952394	0.163687134992
1	1794.71045208	0.161998900351
1	1804.71077394	0.157800175811
1	1814.73442507	0.159211172735
1	1824.74924612	0.160207299308
1	1834.75822806	0.159302314359
1	1844.760077	0.160091524872
1	1854.8058641	0.157310816095
1	1864.81678796	0.157537320469
1	1874.84329104	0.156421221972
1	1884.87350702	0.158518689784
1	1894.87390614	0.158657191524
1	1904.88057995	0.157655215456
1	1914.90967298	0.156777325202
1	1924.94468904	0.153789908103
1	1934.95227408	0.155767182965
1	1944.96231508	0.153283019524
1	1955.00071907	0.15580656498
1	1965.00879097	0.153074239146
1	1975.03018999	0.15382603757
1	1985.04592705	0.154546518528
1	1995.05525899	0.15652286271
1	2005.09439802	0.157370221239
1	2015.13063908	0.153760229883
1	2025.143471	0.151235330923
1	2035.17624712	0.148681646002
1	2045.21034408	0.150541335905
1	2055.21145701	0.15131783969
1	2065.24400401	0.151356780284
1	2075.30589104	0.15155731226
1	2085.30599809	0.150916619023
1	2095.32015204	0.15155079095
1	2105.34846902	0.153914449367
1	2115.37055492	0.154151557519
1	2125.43129706	0.155713950648
1	2135.45974207	0.154193610829
1	2145.46359515	0.155651872891
1	2155.49207401	0.155262403332
1	2165.53829694	0.154901238145
1	2175.57776904	0.15615615405
1	2185.62944913	0.153946289502
1	2195.64035296	0.153772640205
1	2205.66901493	0.151591369736
1	2215.71483898	0.152526831735
1	2225.73324895	0.154663431346
1	2235.7507441	0.155787794258
1	2245.75085306	0.15465643823
1	2255.82528996	0.15312999473
1	2265.84212399	0.150971894477
1	2275.86250806	0.150654725706
1	2285.88410807	0.150924999477
1	2295.88664603	0.149816960861
1	2305.89422011	0.150988163212
1	2315.90618014	0.152478132257
1	2325.91998196	0.155472511421
1	2335.95115304	0.156582938217
1	2345.97743201	0.156298998699
1	2355.98065114	0.159902948707
1	2365.98798895	0.160834641746
1	2375.99132109	0.158770887859
1	2386.02289605	0.158800495303
1	2396.04724693	0.159305156017
1	2406.055825	0.160310564503
1	2416.098773	0.161357657214
1	2426.16856313	0.15977988544
1	2436.16880298	0.159209932192
1	2446.16982698	0.159647299681
1	2456.17474198	0.160263674421
1	2466.18609309	0.157598820683
1	2476.19650412	0.155298126416
1	2486.2324481	0.152976972089
1	2496.28203702	0.152825542615
1	2506.29279208	0.1557410746
1	2516.29353809	0.15405477051
1	2526.30644107	0.155754209449
1	2536.3665731	0.156389673003
1	2546.38698101	0.153354755152
1	2556.41361308	0.157853064182
1	2566.42830014	0.150551573287
1	2576.45824695	0.150667558953
1	2586.46455312	0.150418051694
1	2596.46490407	0.152742889827
1	2606.46574306	0.150220155175
1	2616.47143602	0.150181877054
1	2626.48809695	0.150040929644
1	2636.50816393	0.149704577403
1	2646.53050303	0.147036272635
1	2656.54126406	0.145539021308
1	2666.57762909	0.147458685699
1	2676.59148502	0.147646972119
1	2686.61193299	0.147610625468
1	2696.65398192	0.149824348837
1	2706.72245908	0.146870715699
1	2716.75747395	0.146245837374
1	2726.79102492	0.145029344268
1	2736.84737015	0.144985302197
1	2746.8655951	0.142214537803
1	2756.88111615	0.144826989502
1	2766.89829898	0.144032713046
1	2776.91441798	0.146344958325
1	2786.91802311	0.149483412662
1	2796.94117308	0.15068250102
1	2806.974195	0.148945706031
1	2817.00127292	0.152342994721
1	2827.02204013	0.148368766921
1	2837.03067803	0.148906336538
1	2847.05420303	0.146214933247
1	2857.15564108	0.147761015211
1	2867.20908809	0.14602532649
1	2877.2522831	0.143998573735
1	2887.29005408	0.146291802555
1	2897.3405571	0.149241804915
1	2907.34832096	0.149019103356
1	2917.36305308	0.148246461181
1	2927.43102908	0.145275575162
1	2937.45601106	0.14653061365
1	2947.45759296	0.146172682917
1	2957.46900105	0.145055156649
1	2967.52388	0.146388961274
1	2977.53406096	0.149545460233
1	2987.5430181	0.147862325272
1	2997.55515599	0.146073005807
1	3007.56545711	0.14902722222
1	3017.57081699	0.147557491641
1	3027.57314014	0.147807069829
1	3037.58373308	0.143306562472
1	3047.60144496	0.148516612202
1	3057.60211802	0.146945023566
1	3067.6388011	0.146633873867
1	3077.64384604	0.146596831397
1	3087.67857814	0.146378468518
1	3097.71768308	0.146444031571
1	3107.75536394	0.142620695118
1	3117.76213598	0.142036326255
1	3127.76633406	0.141948523286
1	3137.78508401	0.14234662097
1	3147.80227804	0.142622187689
1	3157.823915	0.144070614351
1	3167.9072361	0.142495269257
1	3177.91198802	0.141911665107
1	3187.92977905	0.144531109593
1	3197.99000812	0.143895964473
1	3207.99436307	0.144309359897
1	3217.99465394	0.142767934258
1	3228.01637101	0.142173988104
1	3238.05462313	0.14230249628
1	3248.06891704	0.146154215263
1	3258.07368708	0.145322829759
1	3268.09246302	0.144591184643
1	3278.15170312	0.14369375397
1	3288.18459392	0.145338045716
1	3298.19977808	0.145217818011
1	3308.20549512	0.141268297116
1	3318.23333502	0.139735791224
1	3328.25774312	0.139016936469
1	3338.28762603	0.139550582997
1	3348.30069804	0.137576129687
1	3358.32496595	0.139409212055
1	3368.32897711	0.140169187455
1	3378.35194492	0.141135008451
1	3388.38842893	0.142426485766
1	3398.40707994	0.144946080324
1	3408.40860295	0.142399673158
1	3418.42028213	0.141244832057
1	3428.43442392	0.142665458367
1	3438.46336102	0.142920483866
1	3448.4882791	0.143325238894
1	3458.55892515	0.142693024173
1	3468.60383701	0.143353577901
1	3478.60423613	0.142086272413
1	3488.62989807	0.142149302432
1	3498.63990498	0.143298982371
1	3508.67807198	0.140714188176
1	3518.68034792	0.141614568216
1	3528.71705508	0.141234021694
1	3538.74488401	0.141684135368
1	3548.78133392	0.142296502801
1	3558.82028008	0.140135431192
1	3568.82443213	0.141283084278
1	3578.82979202	0.138318881037
1	3588.83539414	0.136833390858
1	3598.845258	0.136722401831
1	3608.85288596	0.137640068761
1	3618.85685611	0.137814214124
1	3628.86831403	0.136510173611
1	3638.871804	0.138492141348
1	3648.887712	0.138367464645
1	3658.93122602	0.140721352216
1	3668.96552515	0.140888966765
1	3678.980937	0.140170799461
1	3688.98157907	0.133669906042
1	3698.987041	0.131426799547
1	3709.06104207	0.130666848074
1	3719.09283304	0.128249146385
1	3729.094383	0.126217932149
1	3739.13924813	0.123403268755
1	3749.17138004	0.123168246716
1	3759.20388412	0.124044107887
1	3769.21507692	0.127738423826
1	3779.23400402	0.123558146136
1	3789.24595499	0.121035632336
1	3799.28620911	0.121607171374
1	3809.33042908	0.122882349727
1	3819.34889197	0.123700061056
1	3829.36258411	0.123831504869
1	3839.39930201	0.124818087327
1	3849.41824412	0.126345829444
1	3859.42355514	0.127866550832
1	3869.42873502	0.126130359994
1	3879.45123315	0.125712477386
1	3889.475214	0.127098648217
1	3899.50955009	0.125732680049
1	3909.51034904	0.121771876649
1	3919.531106	0.123494820977
1	3929.55079198	0.12139404727
1	3939.57758307	0.123559255057
1	3949.603971	0.125392513623
1	3959.60817814	0.125520240896
1	3969.61199212	0.125009787794
1	3979.61808014	0.124643550416
1	3989.63734603	0.123765248197
1	3999.65215707	0.11963086461
1	4009.6646831	0.12001147035
1	4019.70081115	0.119809437905
1	4029.73008609	0.120162950297
1	4039.8178761	0.123981920842
1	4049.81876493	0.122686662289
1	4059.84298015	0.123885691254
1	4069.85207009	0.120280973228
1	4079.86662698	0.119822892276
1	4089.86979103	0.118744764159
1	4099.90082192	0.120178722016
1	4109.91623211	0.117711262932
1	4119.92463803	0.122454884917
1	4129.95081115	0.127275074444
1	4139.971241	0.132168289608
1	4149.985111	0.136557502589
1	4159.98853803	0.143305328068
1	4169.99239492	0.144544519844
1	4180.03607297	0.145866926592
1	4190.04910707	0.149402590268
1	4200.07280993	0.152669737527
1	4210.09054899	0.15629118394
1	4220.10217094	0.157919710045
1	4230.10402703	0.160278893023
1	4240.13587904	0.160934345566
1	4250.16722107	0.158922487415
1	4260.19404292	0.159332016666
1	4270.22463393	0.157632942613
1	4280.22756696	0.157180288851
1	4290.23755908	0.159987279178
1	4300.27582002	0.15521079351
1	4310.3333981	0.156037668422
1	4320.34106994	0.153948120816
1	4330.34152198	0.152341970498
1	4340.35524702	0.152395790181
1	4350.39637399	0.154385415156
1	4360.44464111	0.154795927803
1	4370.46480799	0.15352719831
1	4380.46799302	0.151889683026
1	4390.47925806	0.150589365764
1	4400.48691511	0.15156234633
1	4410.53909802	0.149725677992
1	4420.57752109	0.148831144429
1	4430.60921097	0.148386223102
1	4440.61197615	0.145080151788
1	4450.62469411	0.147030974165
1	4460.63103294	0.147657430869
1	4470.64414597	0.149844450857
1	4480.68076706	0.149506046088
1	4490.68257308	0.148321268123
1	4500.71139693	0.149544065934
1	4510.72906995	0.150222318957
1	4520.75399303	0.150014571579
1	4530.76974511	0.150366278666
1	4540.79212403	0.155135807494
1	4550.81235695	0.156489303545
1	4560.82060003	0.155419798431
1	4570.82815599	0.152736458211
1	4580.83453512	0.156347444713
1	4590.85165596	0.153304465923
1	4600.86904192	0.15075052194
1	4610.90394592	0.152619565133
1	4620.90685892	0.1552369742
1	4630.95502114	0.153504171543
1	4640.95848799	0.15306871396
1	4650.98557115	0.152458141754
1	4661.00356793	0.150610973814
1	4671.03652811	0.150881542624
1	4681.06725097	0.150999366974
1	4691.07143497	0.153729027318
1	4701.08459306	0.154910593926
1	4711.10371995	0.1525387308
1	4721.10940909	0.153792555142
1	4731.13613105	0.152644000239
1	4741.14346313	0.153422105154
1	4751.15557909	0.150833465894
1	4761.20431614	0.153261990905
1	4771.20929503	0.151530005984
1	4781.25044107	0.151624778141
1	4791.30622602	0.151270049488
1	4801.32954693	0.150843583162
1	4811.3442471	0.148647603925
1	4821.35562611	0.148222111659
1	4831.36004806	0.14948525965
1	4841.42587805	0.150588284305
1	4851.459342	0.149138078327
1	4861.48077011	0.147497094162
1	4871.48222899	0.145344369583
1	4881.49924493	0.145301635137
1	4891.49995995	0.147145833903
1	4901.51389408	0.143685717251
1	4911.52556515	0.144530877212
1	4921.54201603	0.14752271308
1	4931.60063696	0.146210894859
1	4941.61024594	0.146293871629
1	4951.61299896	0.146926539362
1	4961.61390615	0.146121801568
1	4971.62546206	0.146463392976
1	4981.63295507	0.146977763388
1	4991.66649103	0.147499833516
1	5001.77201295	0.148488158854
1	5011.85604215	0.15026934041
1	5021.865556	0.148575613112
1	5031.98448205	0.146967869284
1	5042.06943393	0.147906285159
1	5052.08311701	0.147204908883
1	5062.14383698	0.148149370782
1	5072.21254611	0.147145431899
1	5082.25760102	0.148192731834
1	5092.29772806	0.147753501526
1	5102.33470702	0.145824361438
1	5112.39306092	0.147147492934
1	5122.40876007	0.147937379734
1	5132.51770115	0.150038659602
1	5142.52566099	0.150738204615
1	5152.54680395	0.15014359125
1	5162.56061697	0.151416353987
2	5172.59676909	0.151262846563
2	5182.66806793	0.149942165181
2	5192.682019	0.145364568081
2	5202.69343495	0.141592612253
2	5212.708354	0.140616313564
2	5222.75282192	0.138747721795
2	5232.78376102	0.138019034794
2	5242.80598402	0.137014190798
2	5252.81083798	0.138349649632
2	5262.83042598	0.136907592403
2	5272.86759496	0.138702071488
2	5282.88858104	0.138765467114
2	5292.93342614	0.135987475283
2	5302.97061205	0.137350844402
2	5313.00705504	0.13695405645
2	5323.01417494	0.137487252945
2	5333.05893898	0.137114742832
2	5343.06712198	0.136121391524
2	5353.13405204	0.137805716579
2	5363.14935303	0.137153767154
2	5373.170331	0.139042486632
2	5383.19774103	0.136972496003
2	5393.19907093	0.137212898385
2	5403.23791313	0.1372871985
2	5413.26471806	0.137703118569
2	5423.32303715	0.137049264807
2	5433.33651805	0.135342669109
2	5443.35662103	0.136980431673
2	5453.36280513	0.136577089436
2	5463.43293405	0.134862526186
2	5473.45301104	0.134321535742
2	5483.47409892	0.134270827462
2	5493.49723005	0.133715013274
2	5503.52428794	0.135728675462
2	5513.52434993	0.138464923006
2	5523.58958912	0.13800045966
2	5533.59783792	0.135593967879
2	5543.6429441	0.134795566234
2	5553.7020371	0.134559518498
2	5563.74549508	0.133661420886
2	5573.76897311	0.132607639765
2	5583.77094102	0.130965164953
2	5593.83274794	0.133250988772
2	5603.86665797	0.136567896349
2	5613.87201405	0.136502147581
2	5623.91379809	0.135619361351
2	5633.94813299	0.135682285989
2	5643.96257806	0.136046759408
2	5653.981107	0.138484064298
2	5663.99548101	0.136652080225
2	5674.02739596	0.136658742411
2	5684.05942512	0.137912049075
2	5694.05999207	0.136436443919
2	5704.10639715	0.134486424992
2	5714.10934114	0.133735294728
2	5724.15358615	0.132639454733
2	5734.16512704	0.132839520976
2	5744.18151212	0.130630456571
2	5754.19051003	0.128280410951
2	5764.24670506	0.128231661169
2	5774.25556612	0.127224918857
2	5784.26716304	0.129537886191
2	5794.31537509	0.130260407401
2	5804.34057593	0.133828032001
2	5814.36667204	0.132624440389
2	5824.41021013	0.13225869413
2	5834.41033602	0.133179226152
2	5844.4526751	0.133909526888
2	5854.46374106	0.133565982186
2	5864.517699	0.134554440519
2	5874.60131502	0.134522837423
2	5884.61691403	0.13337982824
2	5894.63668203	0.131182874117
2	5904.65197611	0.132397777342
2	5914.6871841	0.132455366527
2	5924.73226309	0.132139839959
2	5934.75532198	0.129877136059
2	5944.79643607	0.1313671299
2	5954.82383609	0.129877550201
2	5964.9633441	0.130769511651
2	5975.01740193	0.131349139108
2	5985.02031994	0.132030099742
2	5995.02950597	0.129164855908
2	6005.07182598	0.128615402567
2	6015.11970496	0.127589762879
2	6025.14085507	0.130364604183
2	6035.19313312	0.133576396216
2	6045.21440101	0.134695171701
2	6055.23104906	0.135199170377
2	6065.25414205	0.132670545886
2	6075.29443002	0.131062994319
2	6085.29482007	0.129591872399
2	6095.31544495	0.128473515045
2	6105.33085203	0.127511486875
2	6115.35031509	0.128761988659
2	6125.35495901	0.129927393526
2	6135.35592294	0.130655040545
2	6145.35917997	0.132169549094
2	6155.39970708	0.129459890438
2	6165.451612	0.128503542263
2	6175.46987796	0.126360963208
2	6185.49826312	0.125892317581
2	6195.57451296	0.12722883205
2	6205.60081911	0.129480363245
2	6215.656986	0.131459623487
2	6225.69180202	0.13112253937
2	6235.74056292	0.131980591746
2	6245.76662612	0.129752327291
2	6255.82175994	0.129618160175
2	6265.83182907	0.130601074594
2	6275.86853194	0.130084670362
2	6285.89680195	0.129574493253
2	6295.98885798	0.129546311855
2	6305.99091005	0.13344463335
2	6316.00188804	0.133060384354
2	6326.00198793	0.132780480021
2	6336.01717997	0.132422487874
2	6346.05585814	0.133392951012
2	6356.07516193	0.131585890304
2	6366.07956195	0.130679211141
2	6376.16582298	0.128397400346
2	6386.20388603	0.130033422527
2	6396.26847506	0.130812148134
2	6406.34295106	0.131000457731
2	6416.38348103	0.134175987487
2	6426.39882708	0.134479027768
2	6436.43533015	0.133373169089
2	6446.451195	0.133655068095
2	6456.46415114	0.13238897324
2	6466.46905708	0.133434242456
2	6476.47329998	0.132241909531
2	6486.53855515	0.134774921859
2	6496.60424209	0.131799802113
2	6506.60716414	0.131633934132
2	6516.64892697	0.133542346488
2	6526.68160105	0.13316112034
2	6536.70401692	0.132227916238
2	6546.71279192	0.133232301287
2	6556.76564503	0.130907107576
2	6566.81875396	0.132299886939
2	6576.88027906	0.130089396748
2	6586.91570807	0.130338932559
2	6596.93818307	0.13040197928
2	6607.00348115	0.13051525909
2	6617.03009796	0.129547200846
2	6627.08544397	0.127703320199
2	6637.24569392	0.128874983424
2	6647.27232313	0.128790180936
2	6657.27856112	0.129191814771
2	6667.35047793	0.130239704612
2	6677.42494512	0.129750351851
2	6687.45921111	0.13067239242
2	6697.49977803	0.130141532253
2	6707.52741814	0.130459521294
2	6717.58574605	0.130624082143
2	6727.68774796	0.130807969806
2	6737.70475197	0.131822951032
2	6747.73767209	0.128760291833
2	6757.76472807	0.128371186722
2	6767.78040695	0.129587958849
2	6777.82575011	0.128303953464
2	6787.83040905	0.126420403187
2	6797.85691905	0.12789362991
2	6807.91121197	0.127546374329
2	6817.93798113	0.127947739708
2	6827.95385814	0.131505692834
2	6837.97968793	0.130882901611
2	6848.00047803	0.133034310183
2	6858.01192594	0.131573088201
2	6868.02031112	0.13063932121
2	6878.09976792	0.127014142202
2	6888.13363504	0.127676536404
2	6898.15099001	0.126703543397
2	6908.17179203	0.129970572107
2	6918.197752	0.128058487488
2	6928.20984292	0.126479750475
2	6938.22087002	0.128146442274
2	6948.24897194	0.128662600772
2	6958.27949905	0.128054856723
2	6968.305969	0.128397750667
2	6978.30988097	0.127092506043
2	6988.36332393	0.127151990278
2	6998.40934992	0.130173410885
2	7008.53175092	0.128986120691
2	7018.54463196	0.128922674023
2	7028.54682112	0.128424208299
2	7038.57049108	0.127929076549
2	7048.60442305	0.131178190866
2	7058.65573096	0.132139726859
2	7068.67866993	0.13168038967
2	7078.68938708	0.131823272762
2	7088.69007897	0.131775248814
2	7098.73282313	0.131518672655
2	7108.77210593	0.131161247059
2	7118.78509092	0.129471013696
2	7128.79137397	0.130918002099
2	7138.801476	0.130331550426
2	7148.87224507	0.12931238608
2	7158.94546294	0.126770712762
2	7168.98196507	0.123942586284
2	7179.00071907	0.126350519435
2	7189.02778602	0.125146330732
2	7199.04314208	0.126098575753
2	7209.08764791	0.125620084712
2	7219.13208199	0.127850277025
2	7229.22356892	0.127676255151
2	7239.25664496	0.127840730496
2	7249.30375409	0.1272028924
2	7259.3159461	0.127279302962
2	7269.34377694	0.125007787928
2	7279.37496996	0.122758913448
2	7289.37998796	0.12675470965
2	7299.38587499	0.128961678101
2	7309.42346692	0.132100104631
2	7319.43082809	0.13226598889
2	7329.45486093	0.128006489359
2	7339.47504306	0.1286670961
2	7349.47943211	0.126742864277
2	7359.51358104	0.128721900944
2	7369.51581407	0.126596720371
2	7379.52093697	0.127564161907
2	7389.53842306	0.128558925697
2	7399.54315615	0.130746966054
2	7409.58521605	0.128346953099
2	7419.62224007	0.126793938673
2	7429.64826107	0.128107717148
2	7439.70131493	0.126149275751
2	7449.706002	0.126305655822
2	7459.87779713	0.126574091322
2	7469.90124011	0.124734274865
2	7479.97500014	0.126473870883
2	7490.01110411	0.127595257643
2	7500.02392101	0.125455210931
2	7510.09687996	0.126964337824
2	7520.15574503	0.127583854223
2	7530.18725705	0.128465183788
2	7540.18954706	0.12764109678
2	7550.22064304	0.126570248761
2	7560.24937606	0.127381871431
2	7570.25216007	0.125948241171
2	7580.27794504	0.125392857932
2	7590.27827096	0.125884173307
2	7600.32937002	0.126036816189
2	7610.34042907	0.126867673566
2	7620.37081313	0.12575067861
2	7630.40437412	0.12538764763
2	7640.40852213	0.124776549296
2	7650.41962194	0.124598891348
2	7660.44264507	0.124967608196
2	7670.50749803	0.126857535623
2	7680.55168509	0.125498638125
2	7690.557688	0.126968051817
2	7700.55946803	0.123588053427
2	7710.62465596	0.124599685594
2	7720.66778612	0.124190784081
2	7730.72556996	0.127709146518
2	7740.781461	0.12857625254
2	7750.80218697	0.126439277079
2	7760.80315614	0.126107464443
2	7770.85145497	0.126410915324
2	7780.87329793	0.128634732481
2	7790.89024496	0.125631084141
2	7800.90175295	0.125769024527
2	7810.95499802	0.125279842267
2	7820.99060297	0.123977430821
2	7830.993361	0.126193083253
2	7841.05059695	0.126558916213
2	7851.066921	0.12636934549
2	7861.11879897	0.124680756082
2	7871.13070011	0.127207189705
2	7881.15337014	0.126818173973
2	7891.15515995	0.127536976416
2	7901.1960721	0.127172913619
2	7911.20824814	0.129887426674
2	7921.25293612	0.130024989669
2	7931.25968194	0.131992137605
2	7941.29640007	0.130991034817
2	7951.30685711	0.132902768111
2	7961.34896708	0.131641983201
2	7971.37480998	0.129321873819
2	7981.40000796	0.129323192748
2	7991.43873811	0.13065362577
2	8001.53821993	0.128943154652
2	8011.57369113	0.1280883708
2	8021.63821006	0.12902935436
2	8031.63968205	0.129817961816
2	8041.66335607	0.128519759153
2	8051.6949091	0.128948047437
2	8061.69877315	0.131241538295
2	8071.84224296	0.131182451518
2	8081.85256696	0.130902704408
2	8091.89398098	0.128827040839
2	8101.90845609	0.130741633081
2	8111.9625361	0.130614799463
2	8121.97052002	0.129457648155
2	8132.02184701	0.129606727851
2	8142.04999304	0.131050834482
2	8152.06161809	0.130704885734
2	8162.11191702	0.132536293998
2	8172.14976907	0.129573206634
2	8182.16739392	0.129503248731
2	8192.21469903	0.133297939565
2	8202.2350781	0.12940559871
2	8212.26503205	0.128895346285
2	8222.28048706	0.128182921563
2	8232.29276204	0.126869561896
2	8242.31275201	0.12602728608
2	8252.34247899	0.128588922496
2	8262.344414	0.129045695776
2	8272.40582299	0.128109201044
2	8282.40998006	0.129150129673
2	8292.41120195	0.128477671434
2	8302.42971492	0.128845290788
2	8312.4648931	0.12975966216
2	8322.4798491	0.129266392587
2	8332.49176097	0.127720277798
2	8342.50135612	0.126358332905
2	8352.55267501	0.125814255089
2	8362.59460592	0.124431218123
2	8372.74153209	0.121431999105
2	8382.82466698	0.124234195744
2	8392.86511302	0.126607808584
2	8402.87048292	0.127825323798
2	8412.87515998	0.129031370899
2	8422.91158795	0.127635109543
2	8432.98128104	0.125848627637
2	8443.01149106	0.126470844647
2	8453.01636314	0.12827620646
2	8463.02762794	0.124466359185
2	8473.07532907	0.123391610685
2	8483.16549206	0.123606795232
2	8493.16898108	0.124831557269
2	8503.21151304	0.126074938558
2	8513.21672106	0.126088733749
2	8523.22455096	0.12585070947
2	8533.23019314	0.126627760347
2	8543.24472213	0.126511622682
2	8553.26121807	0.12634369254
2	8563.29099011	0.125455266513
2	8573.316921	0.125454951077
2	8583.38386893	0.124973293918
2	8593.38752508	0.124483902629
2	8603.42080998	0.122759068196
2	8613.46817994	0.121720638314
2	8623.48917198	0.121016479812
2	8633.52119112	0.121338620188
2	8643.54103899	0.120458961533
2	8653.58471608	0.119964321429
2	8663.69035912	0.123106327656
2	8673.754879	0.124687753839
2	8683.78452015	0.123129835805
2	8693.81715703	0.123335270722
2	8703.90620899	0.125529114788
2	8713.92628002	0.127955147421
2	8723.95665503	0.128993764236
2	8734.0295651	0.128806919605
2	8744.03180099	0.125765531218
2	8754.03938198	0.125228597124
2	8764.080302	0.124267892154
2	8774.12521815	0.122783026543
2	8784.13903403	0.121612006018
2	8794.1838181	0.12021167218
2	8804.23688006	0.11960145003
2	8814.25317192	0.119897195072
2	8824.25413609	0.120330848356
2	8834.27955103	0.119363263093
2	8844.32926893	0.119266427408
2	8854.33077502	0.11906024147
2	8864.33827305	0.118605377846
2	8874.36263204	0.119070895559
2	8884.37445903	0.118619508503
2	8894.44321394	0.121525565291
2	8904.44330096	0.118653960857
2	8914.49720502	0.118872032695
2	8924.52107096	0.122831006375
2	8934.54613209	0.11915248986
2	8944.57002115	0.118180252094
2	8954.61106515	0.12093064376
2	8964.62415195	0.126041028203
2	8974.63131714	0.124046507176
2	8984.70636392	0.126303134061
2	8994.72645998	0.128176439683
2	9004.73304105	0.128815468365
2	9014.77725697	0.129298201398
2	9024.81090713	0.130442047322
2	9034.82558608	0.131829245712
2	9044.83139515	0.131062778891
2	9054.84254193	0.130553560569
2	9064.85970092	0.129701526608
2	9074.86953807	0.128923293562
2	9084.8978591	0.128965974116
2	9094.90054893	0.129568186504
2	9104.91095996	0.129672730375
2	9114.92576003	0.128321637579
2	9125.00764203	0.13062433827
2	9135.01392007	0.12965770404
2	9145.05402493	0.129687697071
2	9155.07550907	0.128719127618
2	9165.13559198	0.129082941854
2	9175.17667508	0.128222689375
2	9185.18630314	0.127886202588
2	9195.19277692	0.125431413835
2	9205.20610213	0.127341678312
2	9215.26188493	0.126652653225
2	9225.27707601	0.128005441207
2	9235.28453612	0.128429583176
2	9245.32750511	0.129589508513
2	9255.36111212	0.129027332147
2	9265.38528895	0.128060268307
2	9275.40834808	0.126413117003
2	9285.4364121	0.125972190609
2	9295.47996998	0.127575533849
2	9305.511235	0.12703678581
2	9315.52548409	0.127033095281
2	9325.53910804	0.126864931482
2	9335.55540204	0.123664872823
2	9345.57578611	0.123465954319
2	9355.59095407	0.124205568733
2	9365.60494995	0.125148417018
2	9375.60694098	0.12623083946
2	9385.61137795	0.128028636374
2	9395.63403392	0.13065487402
2	9405.66047502	0.12825957907
2	9415.67383194	0.127060266257
2	9425.70707893	0.125519834221
2	9435.73268509	0.129025233569
2	9445.74613595	0.126720964284
2	9455.77397704	0.126912267716
2	9465.81564212	0.124128283024
2	9475.85793805	0.125009146927
2	9485.86605	0.124989036887
2	9495.90394306	0.1246577229
2	9505.93458104	0.124240067764
2	9515.93777299	0.122691051181
2	9525.97672701	0.122842652406
2	9535.97880006	0.123080729972
2	9545.97947192	0.122390524036
2	9555.98654699	0.123021861254
2	9566.00132513	0.12374408221
2	9576.00227308	0.12362367628
2	9586.00458908	0.123370596626
2	9596.01047611	0.122989955071
2	9606.01652813	0.124636508452
2	9616.04743505	0.122447582484
2	9626.07419205	0.122437628725
2	9636.09953904	0.12512721512
2	9646.1586411	0.123462444256
2	9656.18170595	0.124755632544
2	9666.24033713	0.12287617173
2	9676.26703596	0.122178300535
2	9686.30837297	0.125884098576
2	9696.3220191	0.124007890203
2	9706.32215309	0.12692365079
2	9716.35168409	0.126786247926
2	9726.35760593	0.124699833991
2	9736.41517711	0.123603750068
2	9746.43335915	0.122965756073
2	9756.47902608	0.122660588991
2	9766.49977708	0.122194342604
2	9776.51184106	0.122363150716
2	9786.545259	0.120561171601
2	9796.56391692	0.123293916332
2	9806.61558509	0.123814531166
2	9816.62142396	0.122107826369
2	9826.63065505	0.120149071466
2	9836.63756609	0.122506569151
2	9846.67301202	0.123434402496
2	9856.68247008	0.122228411582
2	9866.68807411	0.121968019904
2	9876.70477414	0.12097449806
2	9886.76863694	0.119309508823
2	9896.77055192	0.122339702135
2	9906.77347493	0.122354388564
2	9916.77351594	0.121289700516
2	9926.82364893	0.12199855325
2	9936.84624505	0.119394764901
2	9946.87242293	0.118920142554
2	9956.90948796	0.119134129582
2	9966.98861814	0.118575972557
2	9977.01327395	0.118564350082
2	9987.03782511	0.119616391369
2	9997.06642199	0.121578904874
2	10007.1589789	0.120062499492
2	10017.1615222	0.118592661247
2	10027.2026641	0.117857598666
2	10037.227587	0.117561733899
2	10047.2451971	0.117328167761
2	10057.247524	0.118217288448
2	10067.3156021	0.11790361654
2	10077.344142	0.118828357238
2	10087.355294	0.117588198486
2	10097.396987	0.117854822065
2	10107.4104171	0.121164244074
2	10117.4104531	0.12030414052
2	10127.4364021	0.119046098515
2	10137.4540911	0.121148040289
2	10147.478698	0.120463275876
2	10157.5198109	0.121577089682
2	10167.535213	0.123236185697
2	10177.5401549	0.120443073951
2	10187.578512	0.122854818654
2	10197.62602	0.124516705255
2	10207.6580591	0.122829508065
2	10217.6706719	0.120233986177
2	10227.697273	0.120608498268
2	10237.7601621	0.11792235738
2	10247.7698281	0.118471436572
2	10257.787138	0.121010979103
2	10267.842833	0.12032614827
2	10277.8621349	0.121022280517
2	10287.8837571	0.122660666954
2	10297.8853981	0.123836328959
2	10307.9224281	0.122919044147
2	10317.955312	0.123698127479
2	10327.985558	0.124673891329
2	10337.9901271	0.125387421876
2	10348.0083439	0.122540051668
2	10358.026495	0.123529924354
2	10368.0733371	0.122826805129
2	10378.1533141	0.123566990426
2	10388.197722	0.12244539933
2	10398.213764	0.123512248776
2	10408.2363091	0.121573924544
2	10418.2511389	0.122245967331
2	10428.4095681	0.119354882237
2	10438.409842	0.11804364436
2	10448.4173841	0.116698413618
2	10458.4318891	0.114111033365
2	10468.437372	0.114976452576
2	10478.4534531	0.114105812825
2	10488.4618871	0.112553232504
2	10498.495152	0.109335121233
2	10508.5070701	0.108187133583
2	10518.512954	0.105866738912
2	10528.5674291	0.108778978899
2	10538.60429	0.110743087785
2	10548.6261439	0.113973316359
2	10558.6813781	0.11433537557
2	10568.6847441	0.114266650159
2	10578.6959951	0.113437113612
2	10588.7594991	0.113036494109
2	10598.7695551	0.11423709342
2	10608.787575	0.114659701398
2	10618.787863	0.115243823671
2	10628.83867	0.113465450447
2	10638.8722491	0.113704320949
2	10648.931607	0.11277490904
2	10658.94858	0.111293266548
2	10669.0051889	0.11201343344
2	10679.038336	0.113071895883
2	10689.067838	0.111975309244
2	10699.0852699	0.112356648841
2	10709.1051919	0.111104254693
2	10719.137043	0.111791691359
2	10729.1529911	0.114308696584
2	10739.161864	0.115430763524
2	10749.222604	0.115287378113
2	10759.2401299	0.115509821127
2	10769.280277	0.115431440032
2	10779.2945421	0.11625727775
2	10789.316011	0.118508030921
2	10799.3319461	0.114375547212
2	10809.346854	0.115494879352
2	10819.372745	0.115315965888
2	10829.3949721	0.113550628045
2	10839.4277639	0.11214715228
2	10849.4332411	0.114067801277
2	10859.453578	0.11437779362
2	10869.49368	0.110215294825
2	10879.5642281	0.109352422243
2	10889.598527	0.110288069097
2	10899.671783	0.110903514737
2	10909.7049	0.110874926768
2	10919.734885	0.111461826196
2	10929.7954841	0.111630157002
2	10939.7966352	0.112584740702
2	10949.8464401	0.113946551209
2	10959.8743501	0.112992952509
2	10969.9109921	0.114788248617
2	10979.9122369	0.113809204367
2	10989.9230649	0.112431605304
2	10999.92454	0.111302168295
2	11009.945636	0.109946212017
2	11019.9726729	0.112008433581
2	11030.0285461	0.112917680102
2	11040.0355761	0.112566073274
2	11050.0410001	0.111797419761
2	11060.0552521	0.110493710378
2	11070.0752501	0.111764451448
2	11080.1074781	0.1115927343
2	11090.125638	0.111748823606
2	11100.183665	0.111506250935
2	11110.1846461	0.113048299704
2	11120.216274	0.110333635589
2	11130.2443171	0.110206553898
2	11140.303021	0.111483876985
2	11150.3348529	0.113159116842
2	11160.362855	0.113548563577
2	11170.3906419	0.113240139314
2	11180.4002481	0.116710470758
2	11190.400671	0.12116954592
2	11200.4116571	0.128358399249
2	11210.4349971	0.131445592525
2	11220.444015	0.132130391477
2	11230.4795611	0.130787331283
2	11240.531482	0.13356105692
2	11250.5452521	0.133880044746
2	11260.5607581	0.134129981007
2	11270.584893	0.132423465136
2	11280.635216	0.132828833805
2	11290.7031631	0.137050917126
2	11300.7570021	0.138207670137
2	11310.7938931	0.137634952832
2	11320.8112772	0.138403493211
2	11330.8134341	0.138639718909
2	11340.8639371	0.13925265493
2	11350.908365	0.140742638832
2	11360.9247041	0.142157618231
2	11370.953917	0.142912065524
2	11380.9750361	0.140920864101
2	11391.013952	0.139201130342
2	11401.0265441	0.138355378875
2	11411.0810139	0.138132891682
2	11421.1182079	0.137303159776
2	11431.151109	0.137515416985
2	11441.1776021	0.138645106141
2	11451.200567	0.137155757519
2	11461.216846	0.136379930364
2	11471.248652	0.136398364411
2	11481.24945	0.137926387607
2	11491.250843	0.138326619343
2	11501.291225	0.139746078238
2	11511.3349121	0.13825465001
2	11521.3471711	0.1417670359
2	11531.3761041	0.13985020407
2	11541.384726	0.140809198046
2	11551.4457421	0.141043788961
2	11561.509059	0.139866099435
2	11571.525651	0.138687713065
2	11581.5473721	0.136917273469
2	11591.6451561	0.136498200269
2	11601.6629879	0.137487219979
2	11611.6711621	0.139873422961
2	11621.7104871	0.137889282584
2	11631.7183549	0.139159233349
2	11641.746366	0.137474930334
2	11651.7786531	0.137432877251
2	11661.789254	0.137676765804
2	11671.7947071	0.138376271847
2	11681.816072	0.138523136833
2	11691.822958	0.136716709584
2	11701.8515761	0.133481108432
2	11711.8751941	0.135806357043
2	11721.884737	0.134385875669
2	11731.8894069	0.134891513537
2	11741.8905931	0.135105526991
2	11751.8938761	0.138287271569
2	11761.9281511	0.138205928065
2	11771.977984	0.138226792331
2	11781.990808	0.139548975059
2	11792.0060191	0.139213940182
2	11802.0386879	0.136707180022
2	11812.0440769	0.135629961953
2	11822.0981281	0.134977841201
2	11832.105232	0.134236714216
2	11842.120147	0.13441096707
2	11852.196312	0.133429817214
2	11862.2117369	0.133712854494
2	11872.27264	0.134815557138
2	11882.281904	0.132504898023
2	11892.3062279	0.133747299651
2	11902.361697	0.133896686544
2	11912.421102	0.135288510684
2	11922.4712451	0.13562789521
2	11932.545218	0.134265988678
2	11942.5747089	0.134257813945
2	11952.586549	0.134623846689
2	11962.6308451	0.134930520977
2	11972.639533	0.135753111385
2	11982.6407011	0.134150369157
2	11992.69853	0.132109032055
2	12002.7324049	0.130943127711
2	12012.7421031	0.130944021185
2	12022.7603509	0.130860561188
2	12032.828434	0.130887178298
2	12042.8831241	0.131380374372
2	12052.9065151	0.132751714322
2	12063.0523629	0.134181987811
2	12073.0852251	0.134900493723
2	12083.1326671	0.134692820549
2	12093.14259	0.135140150648
2	12103.2010241	0.135446051123
2	12113.273582	0.134414387628
2	12123.363873	0.136097655748
3	12133.364665	0.134182511024
3	12143.3688881	0.13018354657
3	12153.380583	0.129867072833
3	12163.3995399	0.128305827402
3	12173.4021001	0.126581723342
3	12183.4179749	0.125661083262
3	12193.505286	0.12519307461
3	12203.8587871	0.124411853789
3	12213.877074	0.124060019501
3	12223.9384429	0.124714714137
3	12233.9692521	0.126949167414
3	12244.0168331	0.125924842823
3	12254.0903721	0.125371721075
3	12264.135705	0.123618653733
3	12274.1942341	0.121451707564
3	12284.197171	0.120219981892
3	12294.2621	0.119170667721
3	12304.301064	0.118546900392
3	12314.317713	0.118119218074
3	12324.372035	0.117933500972
3	12334.3883879	0.116533978154
3	12344.4680099	0.115387836716
3	12354.517998	0.115699106174
3	12364.5820141	0.115413872238
3	12374.6040821	0.117271245477
3	12384.632894	0.114557161044
3	12394.7234621	0.114647757579
3	12404.7833331	0.114382715894
3	12414.8445539	0.116390304327
3	12424.8513501	0.115417755216
3	12434.867115	0.114573522858
3	12444.9510121	0.11436262418
3	12454.9790111	0.115590889498
3	12465.0060241	0.114767585411
3	12475.0403152	0.114347599323
3	12485.0576131	0.117489902729
3	12495.0760601	0.119152623273
3	12505.1408021	0.119670805575
3	12515.143378	0.11944814147
3	12525.1476061	0.119548003705
3	12535.221983	0.120285162971
3	12545.3365099	0.118563870518
3	12555.390403	0.118300641661
3	12565.434721	0.117502297727
3	12575.4829521	0.118950185986
3	12585.4880781	0.119251182702
3	12595.5017471	0.116952686001
3	12605.5573699	0.11825087716
3	12615.61324	0.120012412321
3	12625.656414	0.118752129362
3	12635.6729851	0.119791231463
3	12645.696629	0.119229676998
3	12655.768827	0.119529610692
3	12665.820837	0.120135290258
3	12675.9964991	0.121805024146
3	12686.0447621	0.121453631706
3	12696.084784	0.11874584705
3	12706.104584	0.117672003401
3	12716.153307	0.11567983096
3	12726.182344	0.114907815207
3	12736.1967921	0.116185047771
3	12746.203155	0.114845558247
3	12756.2327039	0.11658507502
3	12766.2361321	0.116635375173
3	12776.2997961	0.118189795513
3	12786.3367221	0.116741249689
3	12796.4011011	0.116907597647
3	12806.4569161	0.116275956321
3	12816.457957	0.116615142792
3	12826.5347941	0.117116870819
3	12836.56268	0.115925917525
3	12846.585995	0.115653713313
3	12856.6639521	0.116453500436
3	12866.705447	0.11646421703
3	12876.7442729	0.11634733245
3	12886.7768331	0.116261888329
3	12896.8191509	0.117217964866
3	12906.8760309	0.114908338782
3	12916.977844	0.116650605631
3	12927.1429751	0.116110080917
3	12937.165549	0.116603891974
3	12947.1721501	0.116183692094
3	12957.1754751	0.115301744931
3	12967.19471	0.116469286575
3	12977.2164869	0.116444764049
3	12987.2904441	0.116666346703
3	12997.318331	0.115632613891
3	13007.34203	0.118820971589
3	13017.348968	0.118250989479
3	13027.3913779	0.117426778497
3	13037.422878	0.117081863077
3	13047.4571621	0.115875426907
3	13057.475903	0.115737221549
3	13067.5013001	0.11561963279
3	13077.6007311	0.114917471442
3	13087.6020951	0.115498576486
3	13097.6991611	0.114472655955
3	13107.7626519	0.11616179462
3	13117.7739739	0.116981708293
3	13127.779474	0.115963149459
3	13137.801276	0.118117265553
3	13147.873251	0.118208061966
3	13157.9233451	0.11743642119
3	13167.9598119	0.114234982768
3	13178.0066111	0.113571950075
3	13188.0811751	0.113026979584
3	13198.159647	0.115304502397
3	13208.1809111	0.117461215776
3	13218.184031	0.117772593334
3	13228.1965871	0.117368772738
3	13238.2128551	0.116957908373
3	13248.315675	0.117022990328
3	13258.358592	0.117389912935
3	13268.3802941	0.117927644163
3	13278.4351871	0.118425049366
3	13288.4619551	0.116934185037
3	13298.464293	0.118763441549
3	13308.4984281	0.117436387974
3	13318.5367861	0.118122108692
3	13328.540108	0.116870355203
3	13338.6109271	0.11657292058
3	13348.620934	0.117811784849
3	13358.6237311	0.118158044136
3	13368.7086201	0.116330585814
3	13379.1464851	0.116217179505
3	13389.26401	0.118257062008
3	13399.3424959	0.117772387787
3	13409.366118	0.115941571643
3	13419.451304	0.116316795731
3	13429.533318	0.116377971874
3	13439.560657	0.114807639459
3	13449.6066971	0.115093987852
3	13459.656939	0.115103244078
3	13469.685869	0.115560038284
3	13479.7807791	0.11390787723
3	13489.788729	0.11288927183
3	13499.842241	0.110941536721
3	13509.951426	0.112194254088
3	13520.1538041	0.11222508608
3	13530.186024	0.112944977437
3	13540.2613471	0.11290869708
3	13550.3154461	0.113557293579
3	13560.3502681	0.113908224634
3	13570.4106381	0.113510768877
3	13580.431921	0.11280196402
3	13590.4726121	0.112847519853
3	13600.5494621	0.114609192277
3	13610.5540771	0.116372462609
3	13620.6499012	0.117400933257
3	13630.676939	0.118779821859
3	13640.6812689	0.121045830219
3	13650.7209921	0.121210488331
3	13660.7608659	0.120896707746
3	13670.8056381	0.11931189451
3	13680.8144131	0.119996149331
3	13690.815593	0.120078787522
3	13700.8782361	0.119492793615
3	13710.9033201	0.118574435506
3	13721.040488	0.11886272578
3	13731.0418501	0.118216578869
3	13741.1170361	0.118825234845
3	13751.192163	0.118130669634
3	13761.2631361	0.117996526813
3	13771.2751	0.117091702074
3	13781.331775	0.116462449942
3	13791.34726	0.115279770754
3	13801.362751	0.116647875247
3	13811.4042931	0.115845579476
3	13821.4176559	0.115145618355
3	13831.467644	0.115527178176
3	13841.504353	0.114774684078
3	13851.54721	0.115690801173
3	13861.5711241	0.114073122804
3	13871.60097	0.112438998145
3	13881.6408291	0.11325563933
3	13891.684314	0.113438110005
3	13901.6888139	0.112200263137
3	13911.701679	0.113144635507
3	13921.7604439	0.113098794429
3	13931.7912049	0.112698908626
3	13941.8234069	0.113319297028
3	13951.823776	0.112995238521
3	13961.893333	0.113437597823
3	13971.9501591	0.112894853772
3	13981.970741	0.114747227679
3	13991.98452	0.114251832446
3	14002.073642	0.116108378932
3	14012.1154211	0.116130201179
3	14022.2055581	0.114639980269
3	14032.2505729	0.115145314513
3	14042.276449	0.115834433305
3	14052.353317	0.116433919959
3	14062.381978	0.115263784853
3	14072.5005341	0.113765951613
3	14082.5163631	0.115443386514
3	14092.5728581	0.115285289508
3	14102.5883141	0.114347641629
3	14112.6183929	0.113056299547
3	14122.6499469	0.112458920246
3	14132.6847651	0.113503036727
3	14142.7168291	0.115086435482
3	14152.84865	0.113820204174
3	14162.8810561	0.114398828645
3	14172.9462161	0.115261774511
3	14182.9800429	0.117326188398
3	14193.0224741	0.115510361174
3	14203.062686	0.116289200544
3	14213.0749221	0.116834604098
3	14223.0852029	0.118082613644
3	14233.136584	0.117890766821
3	14243.1779749	0.116492941287
3	14253.25228	0.11670711064
3	14263.280978	0.116998639819
3	14273.3399611	0.119312547762
3	14283.341506	0.119299683592
3	14293.364639	0.117924522383
3	14303.419044	0.115458040052
3	14313.489069	0.11506655143
3	14323.538105	0.11708623439
3	14333.5982239	0.11702648923
3	14343.6269331	0.117549107941
3	14353.6348979	0.116608756921
3	14363.6844909	0.11750134569
3	14373.7069299	0.118626360593
3	14383.7262061	0.118092197911
3	14393.7331221	0.11732939703
3	14403.73388	0.117107689156
3	14413.7517982	0.119010538542
3	14423.756032	0.119581016564
3	14433.789489	0.118237377221
3	14443.8321161	0.116930393306
3	14453.832967	0.117148854001
3	14463.854512	0.1164499156
3	14473.8800671	0.116993722575
3	14483.9468131	0.118796151573
3	14493.9832191	0.116969653881
3	14504.049135	0.117010565588
3	14514.0789661	0.116991761014
3	14524.0860391	0.113699674625
3	14534.1832201	0.113487376869
3	14544.2154441	0.110191933269
3	14554.291513	0.11309585939
3	14564.3466671	0.114566774252
3	14574.380578	0.114985729138
3	14584.431186	0.114091345058
3	14594.4965551	0.115146996281
3	14604.532934	0.116645219796
3	14614.5779991	0.116433022579
3	14624.6743209	0.117516011263
3	14634.6870511	0.116240552686
3	14644.708817	0.114883917303
3	14654.7207961	0.113287199951
3	14664.7270551	0.114120518238
3	14674.7667971	0.11480374195
3	14684.859091	0.115719162068
3	14694.9062231	0.114594191347
3	14704.907028	0.117009547286
3	14714.9713531	0.117277607143
3	14725.038234	0.115565490052
3	14735.0818419	0.115989826282
3	14745.1003151	0.117808407493
3	14755.1076651	0.11890767909
3	14765.1534591	0.117299264247
3	14775.174093	0.117216331359
3	14785.268635	0.115284077362
3	14795.281126	0.11511155625
3	14805.3387651	0.113872900765
3	14815.377214	0.113784204819
3	14825.4276261	0.114224408339
3	14835.503655	0.115202935692
3	14845.5549161	0.114246626821
3	14855.661011	0.112200960549
3	14865.724052	0.111816757214
3	14875.7413201	0.11120036088
3	14885.7444232	0.113718539675
3	14895.7444441	0.112152865373
3	14905.860687	0.111768304153
3	14915.889303	0.111867874093
3	14925.9081731	0.11013341421
3	14935.927089	0.111043960114
3	14945.9658501	0.111722592939
3	14956.0500951	0.112299465077
3	14966.051724	0.111195669009
3	14976.0867059	0.11197964941
3	14986.10748	0.112823447616
3	14996.1257761	0.11402490742
3	15006.1737449	0.113681720434
3	15016.2254281	0.113966129251
3	15026.231642	0.113297096571
3	15036.244899	0.112124721558
3	15046.257056	0.113065104602
3	15056.334693	0.114097389382
3	15066.3360271	0.11393402087
3	15076.3419321	0.114223316316
3	15086.416604	0.115021986117
3	15096.429291	0.114960299239
3	15106.4336731	0.116058421519
3	15116.5105109	0.116779830751
3	15126.5411861	0.115444563931
3	15136.5706971	0.116370564963
3	15146.5776711	0.114772106635
3	15156.615741	0.113684885035
3	15166.648391	0.113047401652
3	15176.7204981	0.111764420635
3	15186.77264	0.11152966565
3	15196.81142	0.110857191429
3	15206.828969	0.110789061866
3	15216.882441	0.109377725497
3	15226.89431	0.112107473652
3	15236.8964901	0.112785123714
3	15246.9054191	0.1122164845
3	15256.9489231	0.111828519171
3	15266.9716702	0.113903251843
3	15277.0447271	0.112491796825
3	15287.0486121	0.113986645099
3	15297.081224	0.113266879197
3	15307.0826659	0.114472610246
3	15317.15327	0.115136652157
3	15327.1854939	0.112799828087
3	15337.200983	0.1105877683
3	15347.3245771	0.109120917461
3	15357.3989379	0.110627310919
3	15367.4759459	0.111067933802
3	15377.549598	0.11035045112
3	15387.553369	0.108909604182
3	15397.612906	0.107977307633
3	15407.675209	0.107997466372
3	15417.690805	0.108405520139
3	15427.860419	0.10824037701
3	15437.8656549	0.108421554702
3	15447.9232759	0.107062148081
3	15457.9614351	0.107147005389
3	15467.987123	0.107197699964
3	15478.048938	0.108054338689
3	15488.10776	0.107932329739
3	15498.175415	0.108098091685
3	15508.304991	0.108484438004
3	15518.3184052	0.110404072451
3	15528.3861279	0.109582783719
3	15538.4348609	0.109526331399
3	15548.4747601	0.110721386548
3	15558.5005519	0.110371583315
3	15568.5854971	0.108733846841
3	15578.6681261	0.108763706179
3	15588.6790941	0.107603516515
3	15598.7422709	0.110004764283
3	15608.851692	0.108398688021
3	15618.8750429	0.107012562025
3	15628.8776591	0.107504033149
3	15638.9106112	0.112857217179
3	15648.9718411	0.114346689584
3	15658.9871681	0.117337916949
3	15669.0084751	0.117562473819
3	15679.066988	0.117519599575
3	15689.1099269	0.118467970177
3	15699.1354439	0.117689490397
3	15709.138871	0.118235149988
3	15719.2088561	0.119628982491
3	15729.21012	0.120015181317
3	15739.251925	0.119386867478
3	15749.3519731	0.121114021986
3	15759.360863	0.122244667581
3	15769.370014	0.12224676921
3	15779.3785651	0.121848015391
3	15789.4157071	0.121800104485
3	15799.477988	0.121746037957
3	15809.5880749	0.122107895082
3	15819.6065021	0.12220608115
3	15829.6493311	0.122250390814
3	15839.6921751	0.122581366281
3	15849.7186301	0.124356102407
3	15859.7651501	0.123673669932
3	15869.816071	0.124328023969
3	15879.8445911	0.124019464064
3	15889.8503251	0.123923508713
3	15899.886652	0.126367248898
3	15909.9374089	0.126099061836
3	15919.940351	0.125718922053
3	15929.9934711	0.126184079058
3	15940.0239069	0.128174372195
3	15950.085937	0.12790251271
3	15960.1346161	0.125277378227
3	15970.2474961	0.125653133531
3	15980.249882	0.124833683972
3	15990.3281221	0.124194336489
3	16000.3943369	0.123049549676
3	16010.432673	0.121821254829
3	16020.456131	0.122749719212
3	16030.557301	0.125562914889
3	16040.5650141	0.122920324285
3	16050.6095891	0.126516373644
3	16060.6666059	0.125227576479
3	16070.6718311	0.125968430201
3	16080.712271	0.125756383641
3	16090.7846651	0.125737241448
3	16100.7861741	0.128329887443
3	16110.849345	0.127048816924
3	16120.8565731	0.126951303093
3	16130.896318	0.127739295043
3	16140.9454939	0.126205020254
3	16150.9561269	0.124875609212
3	16161.008559	0.124170260262
3	16171.0379341	0.125697866597
3	16181.069418	0.123163093766
3	16191.095711	0.123970916993
3	16201.139761	0.123469993547
3	16211.2212701	0.121496741505
3	16221.2246461	0.124986627319
3	16231.2331741	0.124307911256
3	16241.250082	0.124766813083
3	16251.4354031	0.126219399109
3	16261.450228	0.125878017289
3	16271.478267	0.125037733346
3	16281.5011261	0.123983371437
3	16291.531719	0.125620150361
3	16301.5496571	0.125824142597
3	16311.5591769	0.12451700882
3	16321.6142571	0.124130665522
3	16331.621542	0.125537620423
3	16341.6630399	0.125485913995
3	16351.6973121	0.123542554807
3	16361.726063	0.124807901966
3	16371.741148	0.125118843832
3	16381.747447	0.123828126315
3	16391.828866	0.124685601629
3	16401.8881381	0.123162454586
3	16411.951421	0.123569231537
3	16422.038054	0.122607354705
3	16432.077013	0.123237831814
3	16442.0833921	0.121988046028
3	16452.114192	0.122793841838
3	16462.1546361	0.123511560912
3	16472.210988	0.122296890648
3	16482.2932081	0.121493180606
3	16492.323812	0.124552020523
3	16502.3393149	0.124048518993
3	16512.367883	0.123705979395
3	16522.379575	0.124115279461
3	16532.3888721	0.123266255699
3	16542.4065521	0.12393995559
3	16552.430995	0.123280905579
3	16562.4440889	0.125209400639
3	16572.476521	0.126146421158
3	16582.597225	0.125043496217
3	16592.642112	0.123636222909
3	16602.7028251	0.12361232411
3	16612.770366	0.124153492348
3	16622.784641	0.124302330771
3	16632.811029	0.124692741663
3	16642.871681	0.123959133905
3	16652.9540629	0.125922781849
3	16663.0579841	0.125327024721
3	16673.118305	0.124175182817
3	16683.151711	0.123220831173
3	16693.1900601	0.12267283556
3	16703.305639	0.126217734749
3	16713.3143489	0.125093602563
3	16723.343616	0.124472647614
3	16733.3476691	0.125604530127
3	16743.391963	0.125264276754
3	16753.4668581	0.126948632001
3	16763.507592	0.127574659382
3	16773.5137839	0.127185980855
3	16783.526576	0.127897506724
3	16793.5307291	0.128998416536
3	16803.6253881	0.127727608096
3	16813.630518	0.127932320978
3	16823.6383049	0.126848831065
3	16833.7135851	0.123946565002
3	16843.7355671	0.122655055919
3	16853.7821779	0.122327205996
3	16863.8254449	0.123728695716
3	16873.860348	0.123795809534
3	16883.8747511	0.122100170626
3	16893.9291451	0.122130675126
3	16903.9344881	0.122453957672
3	16913.958029	0.122397004007
3	16924.012651	0.122719115468
3	16934.0378141	0.121922681583
3	16944.1577179	0.122044798984
3	16954.176724	0.121856596557
3	16964.3094721	0.121192349389
3	16974.362499	0.120374986549
3	16984.4179029	0.121132296779
3	16994.500742	0.121756273602
3	17004.586652	0.123359818913
3	17014.656532	0.124009495981
3	17024.71207	0.12429502198
3	17034.7734389	0.123993889698
3	17044.7898521	0.125617747559
3	17054.8767262	0.126313043497
3	17064.898674	0.125984780373
3	17074.9059711	0.124485537031
3	17084.9162309	0.123617435254
3	17094.9174101	0.122625598808
3	17104.9237289	0.122671085779
3	17114.949255	0.124157240814
3	17124.9511662	0.12329295608
3	17135.083626	0.124226683507
3	17145.0919971	0.124373304292
3	17155.155093	0.124703872429
3	17165.2329111	0.124146781817
3	17175.2383761	0.123469300796
3	17185.2814851	0.123505796031
3	17195.3110881	0.124079776097
3	17205.3329191	0.123444752552
3	17215.4465439	0.124196457718
3	17225.5381081	0.124423522129
3	17235.5513501	0.127591292219
3	17245.5907061	0.126481425924
3	17255.630682	0.123483821736
3	17265.700958	0.12378511735
3	17275.742135	0.122870560941
3	17285.7588811	0.122670975119
3	17295.763586	0.124327489283
3	17305.7703981	0.122682721532
3	17315.788167	0.12169643177
3	17325.854758	0.121548261151
3	17335.8660691	0.11747820036
3	17345.9252131	0.116226019056
3	17355.9381201	0.115257166637
3	17365.9925561	0.114548612277
3	17376.00615	0.112849976755
3	17386.0337961	0.110904723269
3	17396.0399961	0.108664298509
3	17406.11501	0.10783607422
3	17416.1286161	0.107402100565
3	17426.1624241	0.108087102535
3	17436.1727259	0.108055705168
3	17446.2039711	0.109056010026
3	17456.2293501	0.109313659422
3	17466.293334	0.106855428055
3	17476.323981	0.108229563959
3	17486.3584921	0.106212045792
3	17496.39537	0.104362113116
3	17506.418339	0.103428600143
3	17516.4308281	0.104360676737
3	17526.4343619	0.104864035281
3	17536.4398689	0.103967663692
3	17546.4420731	0.104654437344
3	17556.4436359	0.106584574823
3	17566.465446	0.10410636176
3	17576.520968	0.1059655577
3	17586.5343859	0.106077417876
3	17596.5596659	0.105936046475
3	17606.597892	0.106855602113
3	17616.601182	0.106139488677
3	17626.6726639	0.107859088223
3	17636.6784999	0.109481833554
3	17646.6848722	0.110395102311
3	17656.6953881	0.110792382913
3	17666.7022569	0.110395114349
3	17676.7044389	0.10910405314
3	17686.7083211	0.111123401277
3	17696.7136281	0.113488966746
3	17706.7398269	0.112254675222
3	17716.7772431	0.112190220896
3	17726.818069	0.11140021513
3	17736.8362401	0.110392799449
3	17746.8499801	0.109913494602
3	17756.8880041	0.108725030906
3	17766.9153981	0.108046115616
3	17776.9459801	0.107100885788
3	17786.9866171	0.107801728349
3	17797.0061641	0.107882365408
3	17807.0153511	0.108756542519
3	17817.0716221	0.107234770291
3	17827.0747731	0.107214079625
3	17837.107517	0.109116625799
3	17847.1208529	0.108429993695
3	17857.123214	0.108865613151
3	17867.1735301	0.108124769987
3	17877.1989281	0.107039264062
3	17887.2231531	0.10776287118
3	17897.235256	0.10883119158
3	17907.239835	0.109556502768
3	17917.272733	0.107482748174
3	17927.30743	0.110155721674
3	17937.3702621	0.110646119961
3	17947.396739	0.112682275143
3	17957.4079821	0.111765584235
3	17967.4292371	0.11071150176
3	17977.5031281	0.110869401183
3	17987.518157	0.110433789363
3	17997.560231	0.108488128778
3	18007.596807	0.109512707577
3	18017.5980041	0.109760534488
3	18027.6127501	0.108945587809
3	18037.6196311	0.109519409187
3	18047.6237772	0.110061072662
3	18057.6446371	0.10852640967
3	18067.6685061	0.109713616071
3	18077.697103	0.10974525103
3	18087.7132411	0.108710414539
3	18097.7445021	0.109251778107
3	18107.7594771	0.111813183905
3	18117.7643161	0.110721259085
3	18127.7877669	0.112182280577
3	18137.8508229	0.112399770999
3	18147.926142	0.111477484825
3	18157.944818	0.111158995386
3	18167.95049	0.113143722025
3	18177.964139	0.112217447199
3	18187.988025	0.111174509089
3	18197.990695	0.111979286106
3	18207.9998021	0.111935262518
3	18218.007216	0.111683706022
3	18228.0243821	0.110066228748
3	18238.050941	0.112358457013
3	18248.0787661	0.112456705996
3	18258.150661	0.112778517098
3	18268.2330689	0.116355784197
3	18278.279362	0.119536649431
3	18288.303458	0.12109737813
3	18298.324672	0.124643599046
3	18308.327548	0.124345634791
3	18318.3954291	0.12666068894
3	18328.410531	0.128775039418
3	18338.4426091	0.129263592031
3	18348.5084581	0.129612590068
3	18358.548981	0.128098601093
3	18368.5831921	0.128591079257
3	18378.6484749	0.130850015119
3	18388.733705	0.130340661827
3	18398.7726231	0.131167159164
3	18408.8118901	0.130586115026
3	18418.8237431	0.128410565753
3	18428.8827541	0.130342394836
3	18438.8924241	0.131378319814
3	18448.9443209	0.130094668085
3	18458.952764	0.128777413063
3	18469.0146151	0.129138320779
3	18479.1014149	0.132910470528
3	18489.155808	0.133985281034
3	18499.21544	0.13491838182
3	18509.2448211	0.134600496535
3	18519.2635791	0.13501436806
3	18529.3069401	0.135534164839
3	18539.3264291	0.134621269276
3	18549.3647959	0.13547692537
3	18559.4295621	0.135427191378
3	18569.431	0.133560809776
3	18579.4431131	0.133726844759
3	18589.4516871	0.131437158062
3	18599.471607	0.132916191969
3	18609.5009491	0.133012497564
3	18619.5079701	0.131763452306
3	18629.5389881	0.132137237168
3	18639.5498581	0.132883701002
3	18649.6083081	0.132700864249
3	18659.611733	0.133484475865
3	18669.6499841	0.133898713987
3	18679.6605999	0.134521027204
3	18689.6760499	0.135014687651
3	18699.7112081	0.132630274284
3	18709.7240651	0.134154076685
3	18719.787524	0.13441162836
3	18729.840559	0.136857750329
3	18739.9467521	0.134982554701
3	18749.9984541	0.135898004349
3	18759.998771	0.135174930311
3	18770.058404	0.135234466888
3	18780.065362	0.135121215696
3	18790.1207831	0.136027446336
3	18800.1400139	0.136898650773
3	18810.1652641	0.133544448461
3	18820.199815	0.134412073878
3	18830.297147	0.131564255985
3	18840.3162801	0.131131737736
3	18850.3412521	0.131300747171
3	18860.4047441	0.13184636299
3	18870.443593	0.130098519994
3	18880.5138571	0.129505901913
3	18890.6398451	0.130676568041
3	18900.670835	0.132207256357
3	18910.6770301	0.134656391314
3	18920.6950619	0.132159749638
3	18930.702852	0.132771948849
3	18940.7781401	0.13227447398
3	18950.8559489	0.132350398619
3	18960.8569031	0.13359695497
3	18970.8856211	0.13417047723
3	18980.885905	0.135533961359
3	18990.9019241	0.136345664452
3	19000.9518111	0.134339865436
3	19010.9791861	0.134765262019
3	19021.022372	0.133613493946
3	19031.0933201	0.134366049488
3	19041.124938	0.132784728556
3	19051.1771209	0.131362217127
3	19061.2108901	0.133337031139
3	19071.23592	0.133758873507
3	19081.2833409	0.135442377402
3	19091.2987871	0.132617350733
3	19101.3592701	0.131135407544
3	19111.383661	0.133327680864
3	19121.4000781	0.132953388817
3	19131.428726	0.134438155913
3	19141.4777691	0.136564426377
3	19151.4795921	0.137212655463
3	19161.487262	0.136905520633
3	19171.5326231	0.136674915965
3	19181.5915229	0.137040456714
3	19191.594625	0.134955509448
3	19201.618746	0.135468559998
3	19211.644551	0.13806206474
3	19221.710242	0.13808101149
3	19231.750066	0.137610864796
3	19241.8065131	0.137954216945
3	19251.816283	0.137200687853
3	19261.993434	0.137282456045
3	19272.028363	0.138657053539
3	19282.039726	0.137123945591
3	19292.043637	0.136569574385
3	19302.0898421	0.137039093179
3	19312.183882	0.134775976105
3	19322.252605	0.133932884706
3	19332.2653151	0.134164599358
3	19342.2759731	0.13711635737
3	19352.2972829	0.136332968905
3	19362.3032291	0.135899186312
3	19372.360024	0.135305253561
3	19382.408432	0.134228815502
3	19392.439255	0.134045724745
3	19402.4705501	0.134041356439
3	19412.481426	0.134595109854
3	19422.515285	0.134332903532
3	19432.528945	0.137530969531
3	19442.537432	0.137541451808
3	19452.5448351	0.134019079438
3	19462.5626581	0.133621949673
3	19472.5641811	0.132208596608
3	19482.5747089	0.133625617189
3	19492.574996	0.132192076353
3	19502.647552	0.131562252732
3	19512.653861	0.132167991518
3	19522.6600831	0.132009885418
3	19532.6746221	0.132088130138
3	19542.7003269	0.134226098283
3	19552.784621	0.135534587976
3	19562.815541	0.137179364027
3	19572.835551	0.136287851824
3	19582.859442	0.134674098124
3	19592.863246	0.136082043011
3	19602.8913691	0.132571601753
3	19612.946564	0.132641410218
3	19622.9785011	0.132638112884
3	19632.9835961	0.133049448211
3	19642.9910769	0.131573884372
3	19653.000875	0.130937369703
3	19663.0300181	0.129114895729
3	19673.1775939	0.130869456595
3	19683.1886861	0.131480235962
3	19693.1994281	0.131517528297
3	19703.2599761	0.131213945975
3	19713.287884	0.132762734256
3	19723.2988369	0.131278841486
3	19733.3290291	0.131402483856
3	19743.3440809	0.131579759888
3	19753.352108	0.130609133169
3	19763.4007549	0.131008061365
3	19773.422653	0.131077907188
3	19783.4555299	0.13141710449
3	19793.5163441	0.132012488227
3	19803.560142	0.131059033702
3	19813.632144	0.131715690959
3	19823.6754401	0.131114178908
3	19833.6844931	0.1316056081
3	19843.741497	0.131460650462
3	19853.830965	0.133119760504
3	19863.9149871	0.133058600795
3	19873.9965551	0.131872491086
3	19884.0258951	0.129301499315
3	19894.121516	0.133249295739
3	19904.146203	0.133117295322
3	19914.17326	0.133787579007
3	19924.226675	0.132684023647
3	19934.265419	0.132921643896
3	19944.3011351	0.135525609757
3	19954.307544	0.136468658876
3	19964.3455291	0.135721145296
3	19974.40219	0.135714206992
3	19984.4340689	0.134726422516
3	19994.449692	0.134528987836
3	20004.479588	0.135125626455
3	20014.598196	0.135095271101
3	20024.639801	0.134721398867
3	20034.6772909	0.133958424867
3	20044.7737529	0.134741848538
3	20054.8171411	0.134310087681
3	20064.9062481	0.13561167117
3	20074.928097	0.136369750586
3	20085.009562	0.136400699919
3	20095.1074901	0.135111706287
3	20105.1825471	0.13387791081
3	20115.2366331	0.132993562558
3	20125.272913	0.132098988462
3	20135.3064761	0.131915364291
3	20145.347265	0.131752898093
3	20155.4404759	0.131872842683
3	20165.475848	0.130319480588
4	20175.5007811	0.12976364187
4	20185.6393371	0.129996380285
4	20195.68329	0.130380826335
4	20205.7056091	0.129394949259
4	20215.7282979	0.1286421214
4	20225.9011261	0.127264127739
4	20235.924603	0.124485937785
4	20246.0190949	0.125090490338
4	20256.119271	0.123243882837
4	20266.180779	0.121801334674
4	20276.3126941	0.119390779087
4	20286.4542401	0.119564896413
4	20296.5361671	0.117101996382
4	20306.545315	0.118557005209
4	20316.559253	0.117244597277
4	20326.597111	0.118385889829
4	20336.661634	0.119526395976
4	20346.6754999	0.119910266852
4	20356.736275	0.120083585944
4	20366.7841129	0.121284519105
4	20376.8561511	0.12062141894
4	20386.934957	0.11931651757
4	20397.0058739	0.118473371865
4	20407.056109	0.117055297277
4	20417.1567461	0.116244056817
4	20427.1961792	0.116241424417
4	20437.629523	0.115457619639
4	20447.690371	0.11573448054
4	20457.9676139	0.115343936734
4	20468.003125	0.116230013382
4	20478.2031009	0.116839900242
4	20488.2494781	0.116169325084
4	20498.3696971	0.11626641628
4	20508.3964581	0.11689599358
4	20518.4611981	0.116024429677
4	20528.498121	0.115906595593
4	20538.5318971	0.115685051018
4	20548.5690331	0.115103143684
4	20558.584758	0.115129886578
4	20568.668391	0.116359117323
4	20578.8353779	0.115494749516
4	20588.9034669	0.11492191272
4	20598.921021	0.112772118758
4	20609.031184	0.112176287867
4	20619.0637929	0.111498027918
4	20629.0668321	0.11224908226
4	20639.092931	0.111793339905
4	20649.243367	0.112285907424
4	20659.254797	0.111204458234
4	20669.292042	0.110628296507
4	20679.368675	0.11070938407
4	20689.369137	0.11163457566
4	20700.229804	0.112599292017
4	20710.423754	0.113516573532
4	20720.5027101	0.1135474429
4	20730.625016	0.113071514998
4	20740.6575871	0.111126347346
4	20750.715493	0.110573938572
4	20760.7465739	0.110251123132
4	20770.7814851	0.108992502149
4	20781.1440141	0.109308256985
4	20791.209789	0.109602966624
4	20801.383779	0.110841445888
4	20811.386867	0.111034906546
4	20821.413487	0.111200267852
4	20831.4775951	0.111014781255
4	20841.538892	0.109609648094
4	20851.5429201	0.110014749039
4	20861.5620739	0.109977785425
4	20871.6472521	0.10961391789
4	20881.650506	0.109611522325
4	20891.7429919	0.109816154846
4	20901.7757411	0.110458952867
4	20911.816823	0.110518771247
4	20921.8774471	0.110852746487
4	20931.879545	0.111963818809
4	20941.8864729	0.112099437513
4	20952.387661	0.110928318229
4	20962.408603	0.110647344933
4	20972.411283	0.111173853095
4	20982.5049701	0.113155797489
4	20992.59829	0.112242616703
4	21002.611896	0.111996066597
4	21012.6470389	0.11247997586
4	21022.942481	0.113040876873
4	21032.9774129	0.112377594375
4	21043.104322	0.113123650968
4	21053.1435621	0.114117106573
4	21063.1546421	0.113903423098
4	21073.1683819	0.115977439861
4	21083.243567	0.115712114025
4	21093.3357401	0.113881635881
4	21103.5175221	0.113092212231
4	21113.518429	0.11267284337
4	21123.567791	0.112398591266
4	21133.6193721	0.112167464204
4	21143.923553	0.112976427323
4	21154.2928591	0.113483041193
4	21164.3592651	0.112622438716
4	21174.4160249	0.112193989241
4	21184.4795129	0.110105322071
4	21194.4906311	0.110958708893
4	21204.549119	0.110799684691
4	21214.6013951	0.111670644965
4	21224.616725	0.113034881139
4	21234.6335411	0.114398308574
4	21244.6481559	0.115138916577
4	21254.7339461	0.114860571517
4	21264.7818561	0.115091266785
4	21274.789572	0.115081723567
4	21284.8882341	0.114471740484
4	21294.9356411	0.114544959479
4	21304.980511	0.114033542864
4	21314.987407	0.114362901933
4	21325.0496731	0.11354706968
4	21335.1600189	0.115018003995
4	21345.201452	0.114068394875
4	21355.2628701	0.112991931422
4	21365.298058	0.111941349286
4	21375.3293371	0.112256874646
4	21385.343673	0.111043111643
4	21395.4233279	0.110107570299
4	21405.5678861	0.11119923961
4	21415.641027	0.11200776848
4	21425.803575	0.113560473426
4	21435.8156371	0.113246555741
4	21446.0135369	0.112834390679
4	21456.233242	0.112222048047
4	21466.248296	0.111701380058
4	21476.4179831	0.111836574389
4	21486.4669662	0.111130451041
4	21496.611438	0.111694482706
4	21507.3182681	0.110326462254
4	21517.3509941	0.108572809369
4	21527.5608439	0.107469290897
4	21537.6084301	0.107373866674
4	21547.6242061	0.107932765044
4	21557.659966	0.108045930795
4	21567.6776361	0.108718605586
4	21577.7387969	0.109107739675
4	21587.7990639	0.110327209327
4	21597.816901	0.111314951316
4	21607.924356	0.111666330532
4	21617.9765351	0.11186444702
4	21628.03352	0.112739573052
4	21638.0764081	0.113670842343
4	21648.734164	0.112665399969
4	21658.7373121	0.112718407406
4	21668.901911	0.112924054943
4	21678.9777851	0.113725322952
4	21689.05093	0.112049718061
4	21699.087441	0.112273843253
4	21709.1220059	0.113527292982
4	21719.2029271	0.114067041352
4	21729.227479	0.113335410194
4	21739.2569861	0.112372353309
4	21749.3230271	0.11295766597
4	21759.3244021	0.112028112982
4	21769.3520861	0.112312116455
4	21780.1861351	0.113177738792
4	21790.2371631	0.112885890665
4	21800.3022101	0.112089770893
4	21810.4729609	0.111889931601
4	21820.5312281	0.111110528768
4	21830.5432801	0.111796986905
4	21840.652348	0.111470128182
4	21850.7857599	0.111185334805
4	21860.924865	0.110790702902
4	21870.949846	0.111633991877
4	21880.9799581	0.112059101928
4	21891.0544631	0.1127684946
4	21901.2473199	0.112037350533
4	21911.4012711	0.111969917442
4	21921.4668269	0.112186562083
4	21931.550087	0.112243400656
4	21941.6443181	0.112775521897
4	21951.726805	0.114374579808
4	21961.7624559	0.114469612725
4	21971.7750909	0.115153112817
4	21981.8525641	0.11399471826
4	21992.308506	0.113464916718
4	22002.3394451	0.11331474163
4	22012.348032	0.113868811604
4	22022.3611321	0.113965719676
4	22032.4438901	0.113629562434
4	22042.568783	0.112234503777
4	22052.6404741	0.11355244802
4	22062.679209	0.112588786812
4	22072.6940341	0.113050021541
4	22082.7281501	0.112211562642
4	22092.827641	0.113545791541
4	22102.9962921	0.113629585633
4	22113.1444681	0.115019976129
4	22123.263593	0.115247070004
4	22133.4715731	0.114970336372
4	22143.4903421	0.115633460367
4	22153.4921319	0.11654451173
4	22163.520658	0.115104946211
4	22174.4670219	0.11491195103
4	22184.4856701	0.115157872366
4	22194.546912	0.114387131692
4	22204.6602521	0.113322345843
4	22214.6632781	0.114073430238
4	22224.730979	0.114353261444
4	22234.8378541	0.113450470921
4	22244.8600891	0.112706039355
4	22254.920058	0.112067770882
4	22264.926029	0.112554724408
4	22275.017385	0.111992435416
4	22285.0326941	0.111976072045
4	22295.1620231	0.111354499159
4	22305.2245901	0.110253715255
4	22315.2946219	0.109686691208
4	22325.3672249	0.110153066033
4	22335.436527	0.11246632179
4	22345.4804959	0.112296902523
4	22355.5397589	0.1124104472
4	22365.61763	0.111543090165
4	22375.7204361	0.111198032062
4	22385.754529	0.111642078956
4	22395.7839811	0.112987384938
4	22405.8131151	0.11047234583
4	22415.877063	0.111213960648
4	22425.928365	0.111922739542
4	22436.258559	0.114316886477
4	22446.336704	0.113718905029
4	22456.371285	0.112335336405
4	22467.0159931	0.114164428092
4	22477.0413439	0.115856554176
4	22487.08005	0.115302282742
4	22497.1825421	0.115089564129
4	22507.184741	0.116868089356
4	22517.201309	0.116672776637
4	22527.201458	0.115688903378
4	22537.2811551	0.11321097201
4	22547.3261611	0.113277450544
4	22557.4027221	0.113182649353
4	22567.682513	0.112887737498
4	22577.7490849	0.113607615651
4	22587.79513	0.114080637653
4	22597.8766711	0.115087600969
4	22607.9014971	0.112917588217
4	22617.9745569	0.113563944176
4	22628.0224099	0.11308782187
4	22638.1673491	0.112452926753
4	22648.253479	0.113984642417
4	22658.264333	0.114800428035
4	22668.3050351	0.114812213375
4	22678.3399551	0.11448640093
4	22688.34061	0.114024991709
4	22698.409184	0.114065104565
4	22708.4542711	0.114748304199
4	22718.54949	0.11416315415
4	22728.635428	0.113896972084
4	22738.6607251	0.113612513875
4	22748.7036459	0.113976921844
4	22758.755424	0.115443040373
4	22768.8068051	0.113263742544
4	22778.8273971	0.113402563889
4	22788.8478191	0.11249829453
4	22798.977025	0.111948689406
4	22809.046958	0.113307499045
4	22819.1204221	0.114001869863
4	22829.121887	0.112323252372
4	22839.5968029	0.112115191123
4	22849.610095	0.111258496638
4	22859.6839151	0.111548028913
4	22870.011054	0.11080915439
4	22880.2273021	0.110086940702
4	22890.248698	0.108983518582
4	22900.252913	0.108969597
4	22910.2956569	0.110422858863
4	22920.372535	0.110724592198
4	22930.3901169	0.110624233108
4	22940.5445449	0.110326027233
4	22950.566803	0.111106009702
4	22960.6263671	0.11033210666
4	22970.6640871	0.10925580911
4	22980.695828	0.11113910186
4	22990.706815	0.112557675328
4	23000.7117901	0.111298714907
4	23010.73947	0.111168968535
4	23020.7667301	0.112217469751
4	23030.8286421	0.111616365876
4	23042.1183231	0.112780858623
4	23052.5746031	0.113546642652
4	23062.6766651	0.114349345152
4	23072.830385	0.11462198133
4	23082.893719	0.114161904702
4	23092.937942	0.114269110595
4	23102.992327	0.114796991146
4	23113.064682	0.114619518306
4	23123.096889	0.114921027407
4	23133.1396091	0.114651157699
4	23143.2218971	0.113805288445
4	23153.3140831	0.115014662061
4	23163.407068	0.114475708877
4	23173.461287	0.115214702513
4	23183.4782012	0.116066080882
4	23193.5153601	0.115931566737
4	23203.586684	0.116131408612
4	23213.67588	0.11598634027
4	23223.773679	0.115762161702
4	23233.8057661	0.11513704295
4	23243.8545949	0.115033196676
4	23253.8628831	0.114422764723
4	23263.9598939	0.115390963768
4	23273.965095	0.115793319612
4	23284.0371621	0.116060639704
4	23294.162811	0.116590486818
4	23304.1739361	0.116894049635
4	23314.2093771	0.117527156825
4	23324.217376	0.115811947069
4	23334.280942	0.115631289534
4	23344.3518121	0.116199040187
4	23354.444797	0.116505307983
4	23364.469491	0.115554299387
4	23374.4908772	0.114862265882
4	23384.673146	0.114822760885
4	23394.9209449	0.114748857294
4	23405.054143	0.114316117062
4	23415.1443059	0.113127080091
4	23425.239754	0.11343348074
4	23435.4331951	0.113073271494
4	23446.0611031	0.112230998909
4	23456.123343	0.112799157735
4	23466.130353	0.113633888526
4	23476.1925631	0.113936130632
4	23486.533371	0.113662441339
4	23496.6572561	0.112647392848
4	23506.8155441	0.113003431488
4	23516.82078	0.113977556177
4	23526.8265901	0.114700051498
4	23536.8835959	0.114694444617
4	23546.9209471	0.115030336633
4	23556.9634471	0.11525845754
4	23566.9982569	0.115190408995
4	23577.084306	0.115601062311
4	23587.13061	0.11567410289
4	23597.1941781	0.116066245715
4	23607.2663381	0.115756809206
4	23617.2826381	0.115014404484
4	23627.341367	0.114718699028
4	23637.369777	0.115101691445
4	23647.418997	0.115103579669
4	23657.4740751	0.115389677017
4	23667.4751201	0.114330362636
4	23677.501653	0.114594635388
4	23687.556637	0.114811771847
4	23697.6195171	0.116306274434
4	23707.681967	0.116882307237
4	23717.7248631	0.116153462451
4	23727.7503171	0.114833155665
4	23737.8202691	0.116263614564
4	23747.946533	0.117319450379
4	23758.0137541	0.117242008591
4	23768.0559521	0.11931803427
4	23778.07248	0.119794929588
4	23788.1490881	0.120649276165
4	23798.182487	0.11970470423
4	23808.184226	0.119191637966
4	23818.2438481	0.119649125313
4	23828.5133941	0.118186780905
4	23838.525624	0.119512718378
4	23848.532233	0.11968848203
4	23858.583559	0.119219889039
4	23868.617775	0.118669160246
4	23878.772428	0.118404239143
4	23888.849148	0.117229952101
4	23898.9348121	0.117254518288
4	23908.9667401	0.116845918629
4	23919.000658	0.117326245019
4	23929.1885431	0.116114242775
4	23939.2817822	0.115115476835
4	23949.30059	0.114352513056
4	23959.3083251	0.114359371504
4	23969.4052579	0.113095168081
4	23979.5194821	0.111545870956
4	23989.557409	0.110311917267
4	23999.61408	0.110558010308
4	24009.6514189	0.109924132639
4	24019.72855	0.110854382469
4	24029.8050401	0.111942568134
4	24039.8493659	0.110831246362
4	24049.8845201	0.111135195908
4	24059.9501121	0.113333297896
4	24070.0802271	0.112929987319
4	24080.1562831	0.113701115866
4	24090.265619	0.113032871829
4	24100.2765031	0.114202093082
4	24110.341557	0.114576119721
4	24120.396096	0.114323421983
4	24130.6787071	0.114423411104
4	24140.7077169	0.113269831994
4	24150.816206	0.113245529267
4	24160.8684371	0.113043504534
4	24170.8894989	0.112634687566
4	24180.9497252	0.113071798983
4	24190.959502	0.114343367492
4	24200.9816411	0.114368582617
4	24211.016444	0.114459342997
4	24221.095392	0.114893544097
4	24231.1287651	0.113346282054
4	24241.132283	0.113775277294
4	24251.1835201	0.113287507812
4	24261.187109	0.113070408218
4	24271.2365789	0.112106659215
4	24281.2853341	0.114141880098
4	24291.3014929	0.113485751609
4	24301.3658991	0.112310893859
4	24311.497731	0.112095858405
4	24321.543366	0.112601740285
4	24331.6338601	0.113076846214
4	24341.6484451	0.113915805913
4	24351.778657	0.114220495246
4	24361.8335471	0.113185053375
4	24371.919481	0.115113982736
4	24381.9904771	0.113772214077
4	24392.050076	0.112173801946
4	24402.1227181	0.111655460925
4	24412.1856341	0.112868678752
4	24422.2061551	0.112175137901
4	24432.229821	0.111782486025
4	24442.2893641	0.111876451277
4	24452.3832309	0.112411980054
4	24462.416842	0.111462128516
4	24472.4552631	0.110997348349
4	24482.4896531	0.110249181777
4	24492.5829511	0.111056432736
4	24502.640306	0.111000958474
4	24512.6747119	0.111062251082
4	24522.829505	0.11321260949
4	24532.85569	0.113101422876
4	24542.8652179	0.111981541863
4	24552.8661571	0.110589880388
4	24562.891624	0.11262879125
4	24572.909642	0.111690245837
4	24582.926069	0.110653747511
4	24592.9296341	0.109717536607
4	24602.9985421	0.108222925486
4	24613.052248	0.108730691262
4	24623.058058	0.107687047493
4	24633.110328	0.106033580264
4	24643.1726091	0.106178149246
4	24653.2095151	0.104855276733
4	24663.6785581	0.106728924486
4	24673.7388501	0.106419768945
4	24683.8245389	0.106258922938
4	24693.837271	0.106788137341
4	24704.668745	0.107604946612
4	24714.695586	0.107016163215
4	24724.7137091	0.106825336819
4	24734.721312	0.106915133265
4	24744.7496991	0.105855434351
4	24754.7630081	0.106240414297
4	24764.7796891	0.10709054315
4	24774.8540189	0.106902370036
4	24784.922931	0.106897073535
4	24794.985805	0.107877280326
4	24805.070827	0.108833399373
4	24815.079067	0.10989325613
4	24825.1570339	0.111323566319
4	24835.1891789	0.111299701563
4	24845.2125731	0.111087443976
4	24855.3174481	0.110117836629
4	24865.3206661	0.11141799557
4	24875.35395	0.109304066195
4	24885.3942301	0.10913150727
4	24895.413996	0.109479368983
4	24905.465919	0.109122280472
4	24915.484128	0.108931960373
4	24925.5055521	0.108623980026
4	24935.511596	0.107658028974
4	24945.562211	0.108228713085
4	24955.635668	0.109143442823
4	24965.705312	0.109902235544
4	24975.750082	0.10999831699
4	24985.8085661	0.110309127819
4	24995.8508551	0.110868139522
4	25005.9132531	0.110269384337
4	25015.953861	0.109827324239
4	25026.0301971	0.109717802392
4	25036.108093	0.109680371583
4	25046.1167681	0.109997376391
4	25056.1305649	0.111178211718
4	25066.15148	0.113532968217
4	25076.1711481	0.113387380862
4	25086.2667379	0.113966479573
4	25096.3133299	0.115804163724
4	25106.3440931	0.116012736871
4	25116.424325	0.116177743682
4	25126.4943089	0.116365373043
4	25136.5257421	0.116397801809
4	25146.6437321	0.117373135873
4	25156.6939521	0.117136542206
4	25166.7322741	0.117785030437
4	25176.7763159	0.117700607194
4	25186.8869979	0.116709905189
4	25196.901587	0.11666525768
4	25206.908047	0.116470790625
4	25216.94256	0.116766884202
4	25227.2138979	0.113946428354
4	25237.2834029	0.115637490797
4	25247.3014691	0.115111359476
4	25257.411041	0.115232683421
4	25267.502435	0.116538833222
4	25277.5654089	0.117363454593
4	25287.6262951	0.117975928266
4	25297.6883621	0.117782914344
4	25307.763212	0.119380407516
4	25317.7683351	0.12031870044
4	25327.8078799	0.120119004124
4	25337.82529	0.121224557945
4	25347.8547161	0.122192572036
4	25358.09463	0.124654157341
4	25368.2063751	0.125925326142
4	25378.3587141	0.127143175965
4	25388.466378	0.129336397762
4	25398.509804	0.12933108503
4	25408.54862	0.13115336979
4	25418.5617371	0.128505129937
4	25428.639405	0.127111907782
4	25438.7461519	0.127399732431
4	25448.7506561	0.126889595443
4	25458.8204219	0.127442118284
4	25468.821979	0.126633317328
4	25478.894433	0.12504812434
4	25488.991137	0.125897251742
4	25499.1084599	0.12619020172
4	25509.1572139	0.125484874296
4	25519.3322752	0.125463021352
4	25529.4421701	0.125886336851
4	25539.527915	0.127884242275
4	25549.6435511	0.129678137313
4	25559.957077	0.130219240112
4	25569.9886301	0.131827351248
4	25580.0235171	0.13185218399
4	25590.050005	0.132701143133
4	25600.199116	0.132632231617
4	25610.258513	0.132845719367
4	25620.2607369	0.133230515934
4	25630.2634661	0.134125017568
4	25640.3623409	0.133344639904
4	25650.4370191	0.134360088052
4	25660.49177	0.134276030549
4	25670.5083141	0.132880746249
4	25680.5960081	0.132797948797
4	25690.6471519	0.133234284451
4	25700.662276	0.134410891682
4	25710.731127	0.135103379128
4	25720.8117011	0.135345306727
4	25730.880918	0.135879259712
4	25740.9333401	0.136162808863
4	25751.011126	0.136875300178
4	25761.085501	0.135698782897
4	25771.144841	0.134058719076
4	25781.1465731	0.133386322799
4	25791.158031	0.135296076512
4	25801.23334	0.135189994448
4	25811.3869469	0.134381585852
4	25821.442816	0.135407816238
4	25831.5215371	0.135542355119
4	25841.604512	0.13458627365
4	25851.697448	0.134706681524
4	25861.7483931	0.132249269019
4	25871.76717	0.132146786919
4	25881.795054	0.132102223641
4	25891.8005881	0.131631431757
4	25901.814182	0.132511228401
4	25911.9139721	0.134592021703
4	25921.929868	0.134778990827
4	25932.0171859	0.134906167532
4	25942.024158	0.134871650188
4	25952.0944471	0.134507551081
4	25962.221524	0.133556206489
4	25972.3114321	0.133867909504
4	25982.418946	0.13412219315
4	25992.454031	0.133036726457
4	26002.8688731	0.132831210921
4	26012.8848281	0.1338569842
4	26022.99192	0.132113060751
4	26033.0350142	0.132850273675
4	26043.1116581	0.132099952523
4	26053.1977551	0.132282668572
4	26063.2266731	0.134345405397
4	26073.2377551	0.135123192353
4	26083.2710299	0.136056346931
4	26093.336113	0.135781408525
4	26103.3800201	0.136522312502
4	26113.4451411	0.136730680129
4	26123.7127361	0.136322310586
4	26133.768877	0.13693766107
4	26143.8730891	0.135022887099
4	26153.8991501	0.133991909914
4	26163.931922	0.13374588149
4	26174.0151961	0.13286876813
4	26184.1258721	0.133384614396
4	26194.138334	0.134131563829
4	26204.1690021	0.134017959858
4	26214.216203	0.134971706225
4	26224.244241	0.135384092172
4	26234.2855411	0.135220797884
4	26244.325655	0.136187067766
4	26254.388623	0.135949739599
4	26264.4123161	0.135748990558
4	26274.455287	0.134714577211
4	26284.503948	0.134038295922
4	26294.6487319	0.134173597518
4	26304.7330611	0.134211009031
4	26314.848613	0.134809648709
4	26324.854707	0.133614928093
4	26334.943917	0.133599232226
4	26344.9591711	0.135168205041
4	26355.0074451	0.134147072615
4	26365.0652339	0.134449367275
4	26375.1271911	0.133293071652
4	26385.182354	0.132978546966
4	26395.4070179	0.134149663518
4	26405.5810471	0.133254856158
4	26415.664669	0.134647301424
4	26425.69503	0.135818763321
4	26435.721688	0.135287225648
4	26445.7849381	0.134634011363
4	26455.793494	0.13445019032
4	26465.822866	0.13487621259
4	26475.8599679	0.134988752592
4	26485.9325781	0.136436982327
4	26496.067095	0.135132428828
4	26506.1402462	0.133847258978
4	26516.220535	0.135860510006
4	26526.2302129	0.134741543292
4	26536.2924011	0.134194485044
4	26546.3942831	0.135112627526
4	26556.5067821	0.135225106881
4	26566.7229471	0.136546624349
4	26576.7943931	0.137514434673
4	26586.906656	0.137831902548
4	26596.993983	0.138427184094
4	26607.0429041	0.136657694687
4	26617.106391	0.135143144806
4	26627.1288681	0.135600590625
4	26637.1643901	0.136160584107
4	26647.1746831	0.134080610942
4	26657.2298131	0.134086926358
4	26667.2810721	0.133464390868
4	26677.324683	0.131816281384
4	26687.425416	0.130362001113
4	26697.500879	0.130337471024
4	26707.5634551	0.130445937106
4	26717.583447	0.131625622526
4	26727.6903491	0.130044964629
4	26737.7744641	0.130242130488
4	26747.864728	0.130772562125
4	26757.9204571	0.129863790566
4	26768.033752	0.12936250297
4	26778.121124	0.128571513704
4	26788.2482879	0.12846365103
4	26798.3688111	0.127044287341
4	26808.4086449	0.127819472691
4	26818.4552259	0.127706397861
4	26828.58236	0.128221964044
4	26838.644717	0.129249936735
4	26848.767025	0.128934329251
4	26858.818517	0.129085864022
4	26868.8264301	0.128455885967
5	26878.8340931	0.13029880301
5	26888.9213359	0.128382386438
5	26898.982173	0.126734941104
5	26909.1087911	0.126339846662
5	26919.1628191	0.125290161728
5	26929.1695871	0.125286932329
5	26939.2761381	0.12556660586
5	26949.2773831	0.12392563907
5	26959.2831471	0.123326743808
5	26969.5281019	0.124003362284
5	26979.6332111	0.122842650656
5	26989.727129	0.120576079625
5	26999.7383251	0.119653966281
5	27009.867543	0.119497387759
5	27019.977648	0.11863686829
5	27030.007293	0.1170829463
5	27040.0962989	0.115416439648
5	27050.552345	0.115649432346
5	27061.209692	0.11627530105
5	27071.267313	0.116958836452
5	27081.296139	0.117340997796
5	27091.321079	0.117743787601
5	27101.3877931	0.116141602912
5	27111.400795	0.115170250948
5	27121.4154551	0.115705270086
5	27131.4596901	0.115371467811
5	27141.5329261	0.115337326952
5	27151.579891	0.115081728031
5	27161.7467451	0.114034631413
5	27171.756741	0.114295880393
5	27181.784317	0.115554889763
5	27191.8422971	0.1164549268
5	27201.8556621	0.117488020722
5	27211.9112291	0.117013057229
5	27222.0351491	0.117461971391
5	27232.064883	0.117010427459
5	27242.1121011	0.116390025675
5	27252.2519519	0.115388965754
5	27262.3614299	0.115772057412
5	27272.4125609	0.116157320783
5	27282.4961221	0.116880955792
5	27292.667269	0.117280171095
5	27302.7323201	0.116749773214
5	27312.8444011	0.116719330875
5	27322.852567	0.117402405685
5	27332.9629719	0.11721912545
5	27343.0581141	0.117018458655
5	27353.0949841	0.117283401323
5	27363.15378	0.117811911605
5	27373.1991529	0.119100510604
5	27383.2095141	0.119918252199
5	27393.391638	0.118723908251
5	27403.4055409	0.120300137347
5	27413.450124	0.11901863273
5	27423.49806	0.119602564663
5	27433.5443239	0.119378868853
5	27443.5884371	0.119905737959
5	27453.591239	0.117484458444
5	27463.603467	0.117348357056
5	27473.687933	0.117024105951
5	27483.7234001	0.119046277085
5	27493.808388	0.118723429313
5	27503.9748809	0.118172518583
5	27513.9944592	0.120291863963
5	27524.3197541	0.120887555145
5	27534.320785	0.120680644832
5	27544.419883	0.120197025988
5	27554.4744711	0.119960494902
5	27564.557085	0.116304394172
5	27574.583431	0.11531605555
5	27584.615186	0.114471313852
5	27594.667217	0.115861995016
5	27604.7184651	0.11709019455
5	27614.801312	0.117589274533
5	27624.823787	0.11775510496
5	27634.834842	0.11819225493
5	27644.8987761	0.118420695428
5	27654.92307	0.117836204478
5	27665.0444989	0.118869934968
5	27675.0771461	0.118557916446
5	27685.0912421	0.118343392056
5	27695.123646	0.117531911733
5	27705.151252	0.116895673062
5	27715.15821	0.11638468485
5	27725.2060821	0.115532400816
5	27735.472908	0.115840514608
5	27745.6562819	0.114902511375
5	27755.974045	0.115374330912
5	27766.0616081	0.114936798376
5	27776.073741	0.114478337354
5	27786.1097951	0.114450622152
5	27796.127713	0.113618511519
5	27806.139992	0.113581199866
5	27816.173388	0.113432445859
5	27826.1770661	0.112564369563
5	27836.2015569	0.112015329319
5	27846.3009381	0.112624130848
5	27856.3069501	0.11319713644
5	27866.4318721	0.114590366728
5	27876.4551291	0.115248713601
5	27886.4973981	0.114543321118
5	27896.530838	0.114657100296
5	27906.5920901	0.114977000621
5	27916.7564349	0.113713787644
5	27926.842701	0.114460528367
5	27936.873929	0.114341578312
5	27946.886565	0.113512230656
5	27956.936352	0.115144073795
5	27966.993968	0.115014602221
5	27977.00386	0.115604568525
5	27987.0705781	0.115981030293
5	27997.1727321	0.115344888091
5	28007.327976	0.114813069118
5	28017.420778	0.114312379495
5	28027.445689	0.114620981901
5	28037.484807	0.114764235454
5	28047.5647969	0.114312979884
5	28057.5864999	0.113116758865
5	28067.6289489	0.114601887707
5	28077.764178	0.11629236564
5	28087.813401	0.117428528142
5	28097.8289971	0.117425645266
5	28107.856267	0.117460452032
5	28117.956147	0.117989500501
5	28128.006942	0.117992381931
5	28138.034508	0.118985177951
5	28148.092169	0.118664480867
5	28158.1501081	0.119121407111
5	28168.4757431	0.117307324253
5	28178.571533	0.118449156903
5	28188.5895979	0.117589273822
5	28198.630722	0.114959495934
5	28208.7799699	0.114290587751
5	28218.791934	0.114862801461
5	28228.8592391	0.114798570011
5	28238.9375789	0.113785299349
5	28249.0729179	0.113784267965
5	28259.1797781	0.113618463986
5	28269.2193279	0.113061035922
5	28279.2693419	0.114094541981
5	28289.384119	0.114689024581
5	28299.390877	0.113726751066
5	28309.4112279	0.113705489704
5	28319.477504	0.112799245821
5	28329.5897171	0.112311593337
5	28339.6147871	0.11481256554
5	28349.66956	0.114606655606
5	28359.746587	0.113937984591
5	28369.7594421	0.114263858412
5	28379.7599161	0.113933329219
5	28389.77406	0.114226007856
5	28399.8355911	0.114400082805
5	28409.897125	0.115789018086
5	28419.9471769	0.116012218677
5	28429.9833081	0.115370445308
5	28440.002157	0.115656161241
5	28450.0564511	0.115781051077
5	28460.1047351	0.11536542175
5	28470.2112081	0.116660258767
5	28480.263782	0.11433966803
5	28490.2644801	0.113770285868
5	28500.30755	0.113410606083
5	28510.3425651	0.1137215694
5	28520.3871431	0.113908159965
5	28530.4702401	0.11394360091
5	28540.488358	0.114365413077
5	28550.6297011	0.116923195994
5	28560.6583681	0.118319335986
5	28570.6875141	0.119249805988
5	28580.775322	0.120582542896
5	28590.8220031	0.122302218469
5	28601.016732	0.123950945215
5	28611.179641	0.12552894493
5	28621.1993101	0.126388421224
5	28631.271198	0.126456433539
5	28641.3314672	0.125780313903
5	28651.374928	0.125524635376
5	28661.4117041	0.125765143249
5	28671.4507899	0.125963140801
5	28681.480108	0.1272953244
5	28691.597177	0.127920327355
5	28701.7195339	0.127670025938
5	28711.7990839	0.128119220636
5	28721.815599	0.128192929982
5	28731.8994191	0.129420119281
5	28742.139209	0.129433420171
5	28752.2069969	0.128782180421
5	28762.2494841	0.128309908493
5	28772.391984	0.12908184884
5	28782.400847	0.130980625367
5	28792.4474721	0.130668700945
5	28802.449518	0.129778271114
5	28812.472075	0.131585039253
5	28822.5096021	0.132670711547
5	28832.6483161	0.131489117282
5	28842.7506831	0.13117395231
5	28852.81232	0.131581294817
5	28862.840214	0.130777972383
5	28872.844898	0.131056435742
5	28882.8744311	0.132854878412
5	28892.9756451	0.131733216493
5	28903.0954971	0.13036534679
5	28913.138665	0.129587172153
5	28923.198257	0.129687278025
5	28933.210206	0.13028860278
5	28943.3757591	0.129801968129
5	28953.435411	0.131625920774
5	28963.519594	0.132172104452
5	28973.5583282	0.131256601717
5	28983.758122	0.131197992102
5	28993.7710931	0.13218388231
5	29003.826519	0.132251935499
5	29013.8857081	0.133741468387
5	29023.955652	0.132626573565
5	29034.0062611	0.132191264802
5	29044.086477	0.133182525881
5	29054.1489761	0.133506538747
5	29064.3902981	0.132912356984
5	29074.413074	0.130030082297
5	29084.464994	0.130499206133
5	29094.518605	0.131346514995
5	29104.6505451	0.130902231463
5	29114.6778281	0.129982334935
5	29124.7147141	0.128897168612
5	29134.7190859	0.12929817472
5	29144.7674301	0.128422433976
5	29154.8014159	0.129351312504
5	29164.848268	0.128754055056
5	29174.8810771	0.12937023973
5	29184.9127681	0.129336496078
5	29194.923738	0.130201379912
5	29204.949384	0.129625185934
5	29215.071033	0.129845781938
5	29225.1835151	0.131905968067
5	29235.2349331	0.131042955624
5	29245.260901	0.132316698967
5	29255.291862	0.130948610441
5	29265.3369551	0.130829603328
5	29275.4114289	0.131748399015
5	29285.435478	0.129967040177
5	29295.5237751	0.12973602137
5	29305.611202	0.128859879984
5	29315.7499971	0.128652299547
5	29325.846643	0.127957201661
5	29336.0133171	0.129594833248
5	29346.037395	0.129477234685
5	29356.107342	0.12883831726
5	29366.1901731	0.129792622604
5	29376.239589	0.130335709188
5	29386.281316	0.130082569336
5	29396.3497729	0.130537366188
5	29406.4216471	0.131769979176
5	29416.657064	0.131683467257
5	29426.7098601	0.131683781596
5	29436.873879	0.131591316582
5	29447.1195111	0.132851742313
5	29457.1573219	0.133243346889
5	29467.2521691	0.134441486879
5	29477.3907511	0.133862095589
5	29487.5834169	0.133152615393
5	29497.6081791	0.134562554512
5	29507.6735029	0.133776287319
5	29517.689781	0.133647569096
5	29527.6956811	0.134148433547
5	29537.751442	0.13338121614
5	29547.76227	0.133877435958
5	29557.835079	0.133083796911
5	29567.879564	0.134054784762
5	29577.926898	0.134388485202
5	29588.330096	0.135495349128
5	29598.362139	0.134273570485
5	29608.445991	0.133758138007
5	29618.4933891	0.132850711477
5	29628.525753	0.132705197483
5	29638.6446681	0.132594154041
5	29648.653321	0.132463947902
5	29658.73125	0.133317941036
5	29668.855526	0.133289999714
5	29678.9915161	0.134572557258
5	29689.370929	0.135002982908
5	29699.4618011	0.134957846103
5	29709.52736	0.134133962388
5	29719.533282	0.132941214213
5	29729.589272	0.132985940892
5	29739.6810231	0.133116124446
5	29749.7442451	0.134043406592
5	29759.7633991	0.133355143795
5	29769.8987579	0.133014411683
5	29779.92922	0.133179294263
5	29790.039031	0.133692664273
5	29800.1483691	0.133019892356
5	29810.1603351	0.133193469316
5	29820.3167369	0.13191620941
5	29830.358639	0.131002996925
5	29840.372298	0.131399808278
5	29850.375051	0.131348274978
5	29860.417367	0.13208628513
5	29870.4524801	0.130602231822
5	29880.4937861	0.129000160091
5	29890.5285041	0.128435086845
5	29900.5908611	0.127975653332
