0	10.0735268593	0.965166507342
0	20.1243159771	0.926203849835
0	30.1447980404	0.879763457342
0	40.1819109917	0.837058908021
0	50.3250749111	0.782076066614
0	60.3887169361	0.735067046506
0	70.4073448181	0.687295113607
0	80.4487268925	0.651468003154
0	90.4962949753	0.615832591199
0	100.57307291	0.594813335411
0	110.814568996	0.571204216823
0	120.912710905	0.551347937759
0	131.062391043	0.523159096855
0	141.094935894	0.50322636987
0	151.13751483	0.492622650403
0	161.157071829	0.476654985245
0	171.213707924	0.459231111849
0	181.308754921	0.442880910161
0	191.351536989	0.423749570614
0	201.35769701	0.417348179035
0	211.447983027	0.409348631063
0	221.47617197	0.402803574575
0	231.552204847	0.393752822965
0	241.578676939	0.384320581031
0	251.603060961	0.374250926874
0	261.63309598	0.368278427254
0	271.897951841	0.366400816403
0	282.230907917	0.359153903516
0	292.245533943	0.349087617992
0	302.274166822	0.349219743914
0	312.344557047	0.341932889461
0	322.393537045	0.338315256637
0	332.418839931	0.334749969748
0	342.422050953	0.331571517759
0	352.426050901	0.330494090472
0	362.900501966	0.326419251841
0	372.992677927	0.328967363182
0	382.996474981	0.328431902822
0	395.443202972	0.326061221384
0	405.47359395	0.325132169347
0	415.474104881	0.328403256476
0	425.592067957	0.328151794137
0	435.661170959	0.326538807705
0	445.772188902	0.326606924907
0	455.94965601	0.323522846237
0	465.997159958	0.325927531733
0	476.041154861	0.326749966865
0	486.103504896	0.324811520037
0	496.150234938	0.320264388238
0	506.557000875	0.320772439927
0	516.605473995	0.319991823892
0	526.659510851	0.316166371761
0	536.719205856	0.319366781159
0	546.769860029	0.322005294288
0	556.838763952	0.320137609513
0	566.877825975	0.323076541567
0	576.907260895	0.321848861702
0	586.94154501	0.319678863046
0	596.982162952	0.315416180184
0	607.0130229	0.31573359431
0	617.090750933	0.319566084279
0	627.249060869	0.316396272201
0	637.257572889	0.310372606103
0	647.310082912	0.307418329794
0	657.553776979	0.30463800074
0	667.591504812	0.307469893129
0	677.671627045	0.303281895718
0	687.838135004	0.307388736659
0	697.858516932	0.311316390919
0	707.910770893	0.310766265997
0	717.963915825	0.314230593047
0	727.986902952	0.313049805449
0	737.991624832	0.314935721105
0	748.008595943	0.320677977592
0	758.049052954	0.320398754707
0	768.143121958	0.322928793407
0	778.281086922	0.317289761701
0	788.335103035	0.315274271997
0	798.374097824	0.307696831509
0	808.501539946	0.308090876754
0	818.504384995	0.309996693738
0	828.581461906	0.305211281576
0	838.591639996	0.299154708617
0	848.659910917	0.296541515949
0	858.720049858	0.292442860576
0	868.796139956	0.287536950904
0	878.854688883	0.288571385891
0	888.927275896	0.282097029851
0	898.970547915	0.279061518958
0	909.135591984	0.280544669453
0	919.200670958	0.278082538679
0	929.203128815	0.27628016499
0	939.211562872	0.275655695802
0	949.242736816	0.267882372369
0	959.255985022	0.261597971125
0	969.325191021	0.258427724028
0	979.368618011	0.25667970396
0	989.414507866	0.253095426369
0	999.447317839	0.245626604099
0	1009.58332896	0.248000101023
0	1019.68029499	0.243093523838
0	1029.73514891	0.238246027632
0	1039.76338196	0.2389982453
0	1049.82405782	0.238924064626
0	1059.90929699	0.239173411097
0	1069.97658992	0.239004827873
0	1080.04890394	0.236722030659
0	1090.11007094	0.232394278948
0	1100.15428686	0.229568785182
0	1110.22205997	0.226727490344
0	1120.292799	0.2255806695
0	1130.34885597	0.225042336459
0	1140.36713195	0.231405203517
0	1150.41831183	0.232759461849
0	1160.44314504	0.231110240406
0	1170.46479297	0.225952747695
0	1180.51276183	0.223541913083
0	1190.75261283	0.225690207769
0	1200.76218891	0.222347850336
0	1210.79150295	0.221877211911
0	1220.79659796	0.22463240368
0	1230.88098097	0.223600079315
0	1240.89415193	0.219637034989
0	1250.90795898	0.216362911423
0	1260.956249	0.212040714993
0	1270.98176694	0.210811637864
0	1281.01344299	0.207659088788
0	1291.15225196	0.204830803601
0	1301.16979885	0.206225593555
0	1311.23965383	0.209501552962
0	1321.32021785	0.210348783816
0	1331.33818793	0.214021254967
0	1341.39868903	0.214060032097
0	1351.46313	0.212508631897
0	1361.53199387	0.213021207365
0	1371.56461692	0.210321630064
0	1381.58770704	0.208647955329
0	1391.64653683	0.206592537672
0	1401.65372801	0.200961820626
0	1411.72701192	0.201794766715
0	1421.73567796	0.201393824946
0	1431.77919888	0.198570007915
0	1441.80805993	0.202004837451
0	1452.09746885	0.198331530646
0	1462.13478589	0.197096735581
0	1472.16653705	0.196372432526
0	1482.20872784	0.193474720657
0	1492.20955181	0.198793969241
0	1502.29624987	0.193321116489
0	1512.34285283	0.197499861194
0	1522.36033082	0.196350446091
0	1532.41237593	0.191155219003
0	1542.4692719	0.193491087648
0	1552.51903486	0.197342324247
0	1562.55272388	0.198229910625
0	1572.56923985	0.199348480265
0	1582.74391699	0.200717345092
0	1592.91251397	0.203184313377
0	1602.94484496	0.20564971438
0	1613.03565192	0.202686176071
0	1623.05179	0.202248085621
0	1633.08918786	0.199831734375
0	1643.1771369	0.197506738452
0	1653.183218	0.201904454911
0	1663.30222201	0.203337269321
0	1673.46658897	0.202041559967
0	1683.48257804	0.202718845491
0	1693.50514483	0.201493927749
0	1703.54640198	0.203158117968
0	1713.7127459	0.200707315067
0	1723.81408691	0.195913935944
0	1733.87390995	0.199055989491
0	1743.91065788	0.196845305508
0	1753.97237682	0.197763007594
0	1764.02509689	0.198773246401
0	1774.10818982	0.198295903416
0	1784.41144204	0.200946135567
0	1794.44645882	0.198968588434
0	1804.44990492	0.197717041799
0	1814.47269487	0.199437274909
0	1824.50131798	0.202264572094
0	1834.53079581	0.201087672191
0	1844.61024284	0.201589651489
0	1854.62530303	0.200458393072
0	1864.93944287	0.202206735241
0	1874.94175696	0.204465124408
0	1884.94400382	0.200604443637
0	1894.99646783	0.200548911457
0	1905.11119103	0.199096208083
0	1915.14515185	0.196514463119
0	1925.14679003	0.195497888001
0	1935.25938702	0.200090464781
0	1945.3513689	0.196833332919
0	1955.38525486	0.195150322546
0	1965.43753099	0.196337161263
0	1975.53383398	0.192462960113
0	1985.55699301	0.191411675243
0	1995.64528203	0.187750169959
0	2005.74034882	0.185574445057
0	2015.78476286	0.18739058514
0	2025.84287882	0.187379415422
0	2035.95248485	0.192573178426
0	2046.00790787	0.196211183858
0	2056.07873702	0.194128375675
0	2066.08140397	0.195646329698
0	2076.10460186	0.191862315824
0	2086.1417129	0.193131681795
0	2096.17506886	0.190739161922
0	2106.21439099	0.191703911352
0	2116.30357099	0.193445100418
0	2126.38657999	0.18953858515
0	2136.446141	0.188454629534
0	2146.47627592	0.189557997716
0	2156.52745104	0.184423572704
0	2166.53490782	0.186766443
0	2177.03820682	0.186904847208
0	2187.10820198	0.184971074464
0	2197.169379	0.184408284729
0	2207.21039104	0.183117344996
0	2217.360075	0.182096194121
0	2227.361408	0.18443091134
0	2237.39962983	0.182491108079
0	2247.44416785	0.181336350783
0	2257.47197795	0.180822661699
0	2267.47536397	0.179447352887
0	2277.50947785	0.183552409893
0	2287.51043892	0.180764089661
0	2297.72038889	0.184930035771
0	2307.73598504	0.183068220051
0	2317.76907992	0.182928533117
0	2327.82322192	0.180253286659
0	2337.88644791	0.181436495161
0	2347.92993689	0.178425354712
0	2358.0315659	0.174165142141
0	2368.12865496	0.176943911087
0	2378.14489794	0.177713937982
0	2388.33699489	0.18006714878
0	2398.4199419	0.177287181796
0	2408.48486686	0.170409435114
0	2418.50318098	0.173535084333
0	2428.54160595	0.177645321184
0	2438.63905883	0.175502755693
0	2448.70570397	0.172443807884
0	2458.72335792	0.171184964074
0	2468.79586387	0.171661235219
0	2478.81197596	0.170345561518
0	2488.90810895	0.169914965147
0	2498.94118094	0.17206466416
0	2508.97796893	0.174501887993
0	2519.04295087	0.174587186978
0	2529.09141994	0.177334015333
0	2539.12678385	0.179208952354
0	2549.20143104	0.181468976985
0	2559.30424094	0.182178948135
0	2569.36789393	0.180482507687
0	2579.38902688	0.181342639331
0	2589.46279192	0.180051055221
0	2599.50594997	0.18109454354
0	2609.64682198	0.182538887302
0	2619.658849	0.182487416092
0	2629.68454194	0.179046441116
0	2639.87924099	0.177210582669
0	2649.89995289	0.177554173724
0	2659.97543597	0.173840198216
0	2670.065341	0.175120964239
0	2680.11735988	0.175345504073
0	2690.19376898	0.177405375377
0	2700.25969386	0.180334176069
0	2710.28420091	0.176817323693
0	2720.30475187	0.173488347229
0	2730.37161183	0.175985742536
0	2740.46894193	0.178030041136
0	2750.48348594	0.179389458573
0	2760.51401496	0.178881249799
0	2770.61210394	0.181464514366
0	2780.62699986	0.176783780952
0	2790.69240904	0.176839508386
0	2801.57335997	0.175402589288
0	2811.635952	0.171940660248
0	2821.67330694	0.170095328012
0	2831.71780396	0.171761285447
0	2841.78334498	0.16918160916
0	2852.90163589	0.173684733942
0	2862.91807604	0.170488396811
0	2872.96561503	0.170570432902
0	2883.01421905	0.169398861047
0	2893.03553104	0.169833142602
0	2903.35201097	0.168387936518
0	2913.48097181	0.169349880209
0	2923.52985501	0.170121696603
0	2933.58418584	0.171689386665
0	2943.62251091	0.174716912582
0	2953.65448189	0.173527745358
0	2963.69780397	0.17108818517
0	2973.92349696	0.171409174375
0	2984.033288	0.17026217204
0	2994.0585959	0.169499916472
0	3004.1181159	0.17318909727
0	3014.12024093	0.171290148565
0	3024.18192101	0.169779456651
0	3034.18195486	0.171932161958
0	3044.24858689	0.170899165981
0	3054.28688502	0.167992419706
0	3064.36309385	0.168299614748
0	3074.4100399	0.168328214543
0	3084.47719598	0.166369664207
0	3094.49745202	0.165517618721
0	3104.55046487	0.164505795339
0	3114.60068297	0.162411049062
0	3124.65149999	0.160176643098
0	3134.66111493	0.165826883555
0	3144.71066093	0.16729233354
0	3154.73216796	0.16526867772
0	3164.75708199	0.169493930222
0	3174.78712797	0.166648745516
0	3184.79824901	0.169863516027
0	3194.83743382	0.170125588806
0	3204.85451293	0.167932146575
0	3214.93719482	0.170477663759
0	3225.01645994	0.168627866458
0	3235.05285096	0.172976406915
0	3245.06157994	0.173200401062
0	3255.22672987	0.169098208538
0	3265.44904399	0.169977663799
0	3275.45703793	0.167152920588
0	3285.47570992	0.165267698146
0	3295.66591382	0.164560004864
0	3305.667485	0.165906750586
0	3315.68034697	0.164062692613
0	3325.81129599	0.161323611777
0	3335.82290697	0.164114770426
0	3345.82363701	0.160488620665
0	3355.88461995	0.161326791742
0	3365.95003104	0.162731768301
0	3375.95187688	0.160433753405
0	3387.22485685	0.161010295272
0	3397.37052584	0.161988201223
0	3407.43054986	0.16200745339
0	3417.53727484	0.162527239502
0	3427.54786897	0.159338415956
0	3437.55904698	0.161110420688
0	3447.65103984	0.159243633229
0	3457.77586603	0.157807620456
0	3467.86181498	0.159214118563
0	3478.05248904	0.160836371033
0	3488.09799886	0.159504191898
0	3498.10072994	0.157172726636
0	3508.16801381	0.157694628509
0	3518.18970799	0.157347928421
0	3528.25170684	0.155940505782
0	3538.32163501	0.155371379781
0	3548.44597793	0.15542050726
0	3558.47042704	0.155572776847
0	3568.554919	0.157254166007
0	3578.60750484	0.161529485373
0	3588.65869403	0.160092538854
0	3598.75992799	0.160192486869
0	3608.83916497	0.161396887987
0	3618.90960693	0.163807735937
0	3628.97470689	0.16815130932
0	3639.1044929	0.167331091272
0	3649.13690495	0.166143710134
0	3659.17473793	0.163144285719
0	3669.22598386	0.164384195865
0	3679.24124289	0.158913892772
0	3689.36402893	0.163950809793
0	3699.42419386	0.165692840055
0	3709.43492603	0.167823132711
0	3719.435148	0.16849350238
0	3729.50681496	0.170804616027
0	3739.65370393	0.17094125107
0	3749.72680092	0.168539395162
0	3759.83561301	0.166566991014
0	3769.918154	0.162910839636
0	3779.95677304	0.15938718369
0	3789.95965981	0.159218463043
0	3799.985255	0.160013865696
0	3810.004565	0.162233403344
0	3820.09427881	0.161370784112
0	3830.11528087	0.159001879344
0	3840.16233301	0.156116753251
0	3850.21509504	0.153754464374
0	3860.31032205	0.157406078304
0	3870.3339479	0.160883079459
0	3880.37341404	0.16316310081
0	3890.43007302	0.163996895496
0	3900.47187495	0.161577533609
0	3910.58499599	0.162944912458
0	3920.61508584	0.16261900475
0	3930.62968183	0.160367073724
0	3940.68437791	0.160437546721
0	3950.74510884	0.163386110001
0	3960.81751585	0.163250864348
0	3970.94300985	0.161203029732
0	3980.96655703	0.158822830551
0	3991.00824594	0.158332361225
0	4001.03771496	0.155305778382
0	4011.55246902	0.15842609866
0	4021.57014894	0.159151590979
0	4031.60275483	0.158331092185
0	4041.62196302	0.159783462085
0	4051.62262583	0.155189410429
0	4061.67389584	0.14846389767
0	4071.7391839	0.151520139962
0	4081.76065803	0.150318302181
0	4091.92338395	0.1504640565
0	4102.1770699	0.155262587543
0	4112.27601981	0.156198728886
0	4122.36862898	0.154032659616
0	4132.38178182	0.153572755125
0	4142.40052986	0.150326014339
0	4152.49247503	0.145928927117
0	4162.51382399	0.14601383591
0	4172.5496099	0.146177051763
0	4182.63480401	0.147834724659
0	4192.69669199	0.149174942358
0	4202.73537898	0.146986028963
0	4213.58560801	0.145399569724
0	4223.59782696	0.140174448029
0	4233.68717384	0.138862768281
0	4243.73933792	0.138792909477
0	4253.755445	0.136638154663
0	4263.77707291	0.139007865835
0	4273.82597399	0.144048118908
0	4283.89476204	0.140636557948
0	4293.95706987	0.139708543591
0	4304.02052999	0.138707068762
0	4314.09219384	0.139832047464
0	4324.15967488	0.143040141051
0	4334.17708492	0.146110611937
0	4344.26680183	0.143326645549
0	4354.29037285	0.146926728231
0	4364.36078	0.148100310485
0	4374.94896388	0.146187681743
0	4385.03417993	0.148631445896
0	4395.04421496	0.148381350542
0	4405.09721494	0.149742971634
0	4415.12063885	0.150903571187
0	4425.17417502	0.151084355836
0	4435.24260283	0.152331737292
0	4445.31962991	0.151181287992
0	4458.49377799	0.152816936098
0	4468.522789	0.150231946102
0	4478.7151649	0.146510388694
0	4489.063133	0.145048196684
0	4499.06905389	0.145142586464
0	4509.12282586	0.144811674843
0	4519.20430398	0.146911465928
0	4529.36086488	0.147748807463
0	4539.40136504	0.144786413358
0	4549.46013999	0.147748360563
0	4559.46744299	0.144368417852
0	4569.56949401	0.143785162793
0	4579.61709905	0.141780782744
0	4589.61829686	0.142838869382
0	4599.69345284	0.141110624229
0	4609.72871494	0.141218239852
0	4619.82193589	0.144614844148
0	4629.84604788	0.142766566488
0	4639.85092282	0.143850074732
0	4649.99204397	0.146454668758
0	4660.01640892	0.145469707947
0	4670.13162899	0.146380823369
0	4680.18919802	0.143305421948
0	4690.26863885	0.143930482994
0	4700.34660888	0.146602815292
0	4710.42968583	0.146687886436
0	4720.43298101	0.149071390134
0	4730.64094996	0.152065305571
0	4740.69420385	0.15271499368
0	4750.73483205	0.153238284648
0	4760.80037999	0.153880198475
0	4770.91725302	0.157201025587
0	4780.97812295	0.158332992542
0	4791.08287787	0.160034712369
0	4801.14746904	0.159544768109
0	4811.17406702	0.159898746913
0	4821.22478795	0.15772916017
0	4831.30699587	0.157190675191
0	4841.36342597	0.156309471185
0	4851.42110801	0.155570483627
0	4861.46782899	0.151896635779
0	4871.80535698	0.150798579662
0	4881.87794685	0.150936594801
0	4891.88950896	0.150857441272
0	4902.01601791	0.14957096587
0	4912.05793881	0.151913017794
0	4922.08582592	0.154478313898
0	4932.14766502	0.151767312313
0	4942.18786502	0.152292052475
0	4952.28681183	0.152140499486
0	4962.29881287	0.150479083903
0	4972.31939387	0.150244341981
0	4982.49173498	0.151360866699
0	4992.72424197	0.150958659774
0	5002.84490895	0.151290116831
0	5012.92793894	0.154744502449
0	5023.01518893	0.155191250929
0	5033.02915883	0.157471447123
0	5043.10177803	0.154836620111
0	5053.18816495	0.152919868129
0	5063.19368196	0.151086616877
0	5073.2564559	0.147950286533
0	5083.28705692	0.14865165543
0	5093.3219409	0.150242084875
0	5103.336447	0.147659455751
0	5113.34577084	0.146320439911
0	5123.4329679	0.145536839593
0	5133.56058097	0.148046720138
0	5143.56331992	0.148324559261
0	5153.64812088	0.149527085192
0	5163.68734193	0.149980393164
0	5173.70661998	0.148489650671
0	5183.92443585	0.149414504488
0	5193.94068503	0.148832809687
0	5204.01735401	0.147189789956
0	5214.08436799	0.141924082744
0	5226.47447801	0.141119497143
0	5236.52930999	0.141686517703
0	5246.62396383	0.140841851597
0	5256.66218686	0.145675884035
0	5266.69548798	0.150057836214
0	5276.86049891	0.149207041413
0	5286.86923599	0.148989534865
0	5296.95369291	0.149641806239
0	5306.99506092	0.14901279474
0	5317.08906698	0.15109884602
0	5327.11006284	0.156847511624
0	5337.11570001	0.153611803027
0	5347.12336397	0.151333875633
0	5358.37779689	0.153115547343
0	5368.40592504	0.150512784915
0	5378.42147994	0.147682596142
0	5388.48870993	0.145877896641
0	5398.5515039	0.142850888116
0	5408.61148596	0.147209862695
0	5418.65392089	0.148536423742
0	5428.66269088	0.148741069585
0	5438.71587491	0.147781145635
0	5448.74579382	0.146372774797
0	5458.84905481	0.147984594306
0	5468.97029996	0.147346343466
0	5480.37705088	0.146492688554
0	5490.47806382	0.14660452479
0	5500.52351093	0.143966727884
0	5510.57772088	0.145182085283
0	5523.23642993	0.143613427218
0	5533.29529285	0.143361775057
0	5543.36594296	0.139872337462
0	5553.47972798	0.140614903281
0	5563.49244785	0.139498718009
0	5573.49500489	0.138296622268
0	5583.59209704	0.13762994146
0	5593.67266893	0.137834955948
0	5603.69541192	0.140101003704
0	5613.74611187	0.142242973789
0	5623.78373885	0.145283553396
0	5633.80667281	0.144249485047
0	5643.83964992	0.145047829165
0	5653.95801687	0.143854096557
0	5664.00412488	0.143897811465
0	5674.06806397	0.143528350876
0	5684.11997199	0.142606984779
0	5694.14700294	0.141605263651
0	5704.14777994	0.142419760062
0	5714.40385604	0.141200679686
0	5724.50315905	0.141416808445
0	5734.5589819	0.13819716292
0	5744.5653069	0.138555899831
0	5754.63235402	0.134215307176
0	5764.64435983	0.133842874226
0	5774.64577389	0.135870845576
0	5784.69300199	0.136183684773
0	5794.7723279	0.136598685543
0	5804.871732	0.136446394994
0	5814.93598294	0.133516442211
0	5824.94098687	0.134434814593
0	5834.97570491	0.133482489524
0	5844.97747397	0.135968639055
0	5854.99936485	0.13294674247
0	5865.00094295	0.132772157345
0	5875.051265	0.134498091853
0	5885.08018494	0.134898589951
0	5895.09859085	0.13450994221
0	5905.14818287	0.136156845594
0	5915.18665981	0.137123045639
0	5925.19928193	0.140701748707
0	5935.22392297	0.140560141605
0	5945.25197291	0.139543549969
0	5955.31075788	0.13783591551
0	5965.34436297	0.13568289584
0	5975.56608796	0.136174466208
0	5985.57769585	0.142816921968
0	5995.66859102	0.144949290653
0	6005.83184195	0.144273131026
0	6015.90166497	0.144151200722
0	6026.05187583	0.144307633229
0	6036.07336593	0.144074129336
0	6046.08845401	0.141720983851
0	6056.12628889	0.140267952431
0	6066.18253589	0.145076283087
0	6076.60714197	0.145866663837
0	6086.64657402	0.145777813792
0	6096.72876501	0.144474098423
0	6106.76563001	0.143351785948
0	6116.79251695	0.144579537103
0	6126.79391384	0.141696398465
0	6136.80927396	0.139264590117
0	6146.87442493	0.140107247041
0	6156.89462399	0.137865381683
0	6168.09413505	0.137191420418
0	6178.10005283	0.139309411858
0	6188.13999486	0.13791913015
0	6198.30632591	0.140448122628
0	6208.44637084	0.139748793248
0	6218.46812296	0.144956025855
0	6228.55298996	0.141945515163
0	6238.60552597	0.141811706521
0	6248.70088196	0.142218122709
0	6258.744596	0.142672289043
0	6268.74767399	0.141441476427
0	6278.78984904	0.143289863425
0	6288.82738495	0.146643644439
0	6298.93254089	0.142005612903
0	6309.01368284	0.142927441846
0	6319.02042484	0.14238412886
0	6329.13374782	0.141499271925
0	6339.21772504	0.141015919294
0	6349.31505299	0.141064794472
0	6359.38033295	0.139360661238
0	6369.46787095	0.140970943456
0	6379.51668382	0.141133813848
0	6389.54400301	0.139776156041
0	6399.59074283	0.138564273888
0	6409.65548992	0.139126719876
0	6419.83131599	0.138106530144
0	6429.84980392	0.140638325071
0	6439.90269685	0.143330731
0	6449.98684788	0.146257593222
0	6460.01720881	0.145433006113
0	6470.124336	0.146838131765
0	6480.13518286	0.144011189494
0	6490.21377683	0.141765262599
0	6500.24719286	0.141706608672
0	6510.257797	0.14027661278
0	6520.33199596	0.141098930636
0	6530.341537	0.144014033821
0	6540.34369898	0.14480887399
0	6550.40809703	0.143076519368
0	6560.42219281	0.142617606033
0	6570.45470285	0.143494280314
0	6580.464185	0.140650396704
0	6590.46630883	0.14040523114
0	6600.53160095	0.141650820304
0	6610.54432797	0.143563516891
0	6620.595186	0.143469221622
0	6630.63451695	0.142629445101
0	6640.79813004	0.141193005637
0	6650.85984898	0.142503379889
0	6660.90517783	0.144451873725
0	6670.92508984	0.143255882631
0	6680.93307996	0.142303347138
0	6691.02676201	0.145811873808
0	6701.047539	0.146325836271
0	6711.10261798	0.14479243604
0	6721.186059	0.14288181707
0	6731.19450688	0.142103079704
0	6741.26833391	0.141084054536
0	6751.31763887	0.143323151177
0	6761.36265087	0.141318315846
0	6771.42831993	0.141158999886
0	6781.5268569	0.137173674359
0	6791.62446594	0.140385257776
0	6801.68152499	0.140968630386
0	6811.75553083	0.13866238163
0	6821.833112	0.138689179242
0	6831.88727999	0.139211048183
0	6841.94150186	0.14353163335
0	6851.97733688	0.145595110695
0	6862.04832482	0.144840731991
0	6872.13222194	0.144975727756
0	6882.28483987	0.144284646767
0	6892.35967994	0.143540629157
0	6902.36289096	0.144856743333
0	6912.73371291	0.145371070814
0	6922.82874894	0.145462087071
0	6932.88429785	0.143836982724
0	6942.8965199	0.141534437189
0	6952.93691301	0.143822753339
0	6963.14777994	0.143813991508
0	6973.19694901	0.14116270801
0	6983.32189083	0.142623787966
0	6993.36430883	0.141091603269
0	7003.52152395	0.139090876181
0	7013.63285995	0.144035037339
0	7023.67630291	0.143567976545
0	7033.87452102	0.14497887368
0	7043.90180588	0.142367243122
0	7053.96265984	0.139864113872
0	7064.04009295	0.137729247109
0	7074.08801603	0.139092969134
0	7084.11504483	0.138059927363
0	7094.23168182	0.136707352367
0	7104.38276887	0.13444941704
0	7114.47267604	0.132052734528
0	7124.5653379	0.13237895669
0	7134.65606499	0.133491238022
0	7144.79851699	0.131980899982
0	7154.82986593	0.135183552033
0	7164.83248496	0.137189007119
0	7174.91003299	0.1393568559
0	7185.05886602	0.140184911921
0	7195.12116885	0.138469701282
0	7205.16219687	0.139203587905
0	7215.6148479	0.138593933747
0	7225.70406985	0.138206750281
0	7235.78278589	0.137657628246
0	7245.84756804	0.136444148838
0	7256.13284683	0.135380855132
0	7266.15531898	0.133162115048
0	7276.21267986	0.132672776072
0	7286.28748989	0.136411785205
0	7296.32272601	0.13669963211
0	7306.59883094	0.13735190922
0	7316.90724492	0.138158567085
0	7326.97084188	0.138501745405
0	7337.19900894	0.136547534787
0	7347.27210498	0.13867255314
0	7357.300735	0.13752803842
0	7367.89659405	0.140787243193
0	7378.01721597	0.141470098084
0	7388.01861286	0.141471691052
0	7399.43002391	0.140523399954
0	7409.4680779	0.141254547629
0	7419.54632998	0.142250505539
0	7429.62804389	0.140668044024
0	7439.68360496	0.139703110532
0	7449.78217292	0.140572874319
0	7459.85393286	0.139509933285
0	7469.89844704	0.139183273102
0	7480.10072803	0.138934307231
0	7490.14911985	0.137810304049
0	7500.18051291	0.136803371186
0	7510.82087588	0.139008923447
0	7520.91010404	0.138316720005
0	7530.98977399	0.139013299614
0	7541.02356291	0.142020998161
0	7551.04508686	0.142397240122
0	7561.05114889	0.139228520472
0	7571.12156081	0.136957985817
0	7581.16916394	0.139620015805
0	7591.19682693	0.136610224107
0	7601.24103594	0.135384925721
0	7611.30554795	0.135827365101
0	7621.34344983	0.134235238245
0	7631.41746783	0.135515903298
0	7642.12016296	0.13785275763
0	7652.14312482	0.134373937937
0	7662.16352487	0.134308407539
0	7672.21725702	0.133095315963
0	7682.25955987	0.133024838033
0	7692.27072692	0.135021868771
0	7702.38872886	0.136866321977
0	7712.39909697	0.139074906065
0	7722.44057703	0.138039592876
0	7732.50165796	0.137741465623
0	7742.59489393	0.135240189316
0	7752.59625292	0.132420998519
0	7762.66257596	0.131375078879
0	7772.68403196	0.131302954185
0	7782.69499493	0.135510074336
0	7793.17174482	0.135065451734
0	7803.28746986	0.136670993958
0	7813.31679296	0.138211871099
0	7823.34515882	0.139122407315
0	7833.36105895	0.136690698259
0	7843.40591693	0.134097317273
0	7853.42971301	0.13307937365
0	7863.43274283	0.136537565849
0	7873.55259299	0.137369731433
0	7883.61057496	0.134399608512
0	7893.71528697	0.13257620777
0	7903.80710793	0.130861304175
0	7913.83200502	0.131961835182
0	7923.88384604	0.13265405206
0	7933.94043684	0.132060201708
0	7944.07230186	0.136647682048
0	7954.08674693	0.137510278791
0	7964.10102081	0.137046203247
0	7974.10963893	0.141185773695
0	7984.13645601	0.140423824003
0	7994.15961504	0.138673338077
0	8004.16392994	0.138896001699
0	8014.20183992	0.139601089159
0	8024.22451591	0.137449670959
0	8034.38260794	0.141108459037
0	8044.41852999	0.139732261206
0	8054.47578788	0.1432231326
0	8065.27299786	0.146845816692
0	8075.42699504	0.148957039325
0	8085.48262501	0.144573296202
0	8095.50460386	0.144195614108
0	8105.53288388	0.142288579429
0	8115.72484493	0.139536681827
0	8125.78882504	0.137707625682
0	8135.86032891	0.137560868406
0	8147.74004602	0.139859630651
0	8157.78360391	0.137156081304
0	8167.85584497	0.137041472656
0	8177.88798785	0.137847192122
0	8187.97874999	0.136201668841
0	8198.06288099	0.134843968086
0	8208.19384503	0.133203974859
0	8218.30578303	0.130902713335
0	8228.30880904	0.13147779053
0	8238.34624791	0.129449960185
0	8248.38313103	0.128555435048
0	8258.47012496	0.127327426429
0	8268.57163191	0.127291838144
0	8278.67367196	0.127680035338
0	8289.72073698	0.132324468794
0	8299.94917488	0.131711758589
0	8309.97534299	0.13164239223
0	8320.01026201	0.131535782967
0	8330.06037998	0.127590028109
0	8340.13468003	0.128028825534
0	8350.16901898	0.126395868918
0	8360.20481086	0.131675196677
0	8370.33206797	0.129597780517
0	8380.38933897	0.13025212199
0	8390.4618299	0.129932638709
0	8400.53633285	0.1297207136
0	8410.59225202	0.128240832076
0	8420.61379385	0.125387606185
0	8430.61662292	0.126470277769
0	8440.65518689	0.125415270835
0	8450.72759199	0.126157244505
0	8460.84833694	0.12750840885
0	8470.87224102	0.124014258116
0	8480.9781909	0.124207944502
0	8490.99754095	0.125730118857
0	8501.0542109	0.126440226706
0	8511.06491089	0.123991912684
0	8521.08503985	0.122479905285
0	8531.17916703	0.123989998472
0	8541.20328498	0.123481455989
0	8551.24656892	0.122280695535
0	8561.35936785	0.124627916276
0	8571.37037182	0.123817970706
0	8581.40127897	0.123617592631
0	8591.46410489	0.123479658373
0	8601.5068779	0.124440413672
0	8611.58428001	0.122824345256
0	8621.66533399	0.125329374705
0	8631.71799803	0.12392932514
0	8641.73519802	0.124282338644
0	8651.74440384	0.126595305846
0	8661.81626081	0.127621370106
0	8671.88432193	0.125352040097
0	8681.91625094	0.126056834247
0	8692.08493185	0.12712360565
0	8702.10013294	0.128111781847
0	8712.1580379	0.126622411143
0	8722.16126084	0.129980905831
0	8732.44560885	0.128754704735
0	8742.49877882	0.128558143777
0	8752.537045	0.130311635875
0	8762.57572699	0.137765079362
0	8772.62899804	0.137885399501
0	8782.675313	0.139483449506
0	8792.75335097	0.140288681453
0	8802.78852582	0.141509240414
0	8812.80717897	0.142609197202
0	8822.82388592	0.144937723127
0	8832.84566402	0.145269220573
0	8842.87555885	0.144285492576
0	8852.91586185	0.145878149946
0	8862.92306495	0.144437471583
0	8872.96927404	0.145806170227
0	8883.04475999	0.143103032147
0	8893.24044299	0.140419979948
0	8903.25559902	0.140462501417
0	8913.25932193	0.14068972113
0	8923.552912	0.138011229761
0	8933.58880496	0.135487065351
0	8943.628335	0.134400736742
0	8953.64964795	0.137609335849
0	8963.72582102	0.139347809753
0	8973.77757692	0.134534300099
0	8983.85237694	0.137816249381
0	8994.10291886	0.140463592886
0	9004.17681694	0.138412782164
0	9014.20626688	0.134188487627
0	9024.27244496	0.136762860903
0	9034.30964494	0.135308891013
0	9044.36540604	0.136285449659
0	9054.37201786	0.135501339975
0	9064.42796683	0.136605502246
0	9074.58748484	0.132735649504
0	9084.60640383	0.133470800776
0	9094.74973297	0.133550626329
0	9104.75643396	0.130127958197
0	9114.78726101	0.12902475699
0	9124.83831882	0.131418867217
0	9134.88387895	0.1356878967
0	9144.92157197	0.133642896722
0	9154.97605681	0.133918456385
0	9165.062047	0.132753973259
0	9175.12758589	0.130412526311
0	9185.23328996	0.128673019291
0	9195.37295985	0.12966890183
0	9205.40293384	0.132961230471
0	9215.49340582	0.135145750202
0	9225.53956985	0.1361535775
0	9235.70122695	0.138916562663
0	9245.75192189	0.135685602822
0	9255.79064703	0.136327551888
0	9265.81681705	0.135385767982
0	9275.87507486	0.138395730471
0	9285.9625349	0.140329192033
0	9296.0398829	0.13714630473
0	9306.07846403	0.139835132511
0	9316.11896586	0.139622380756
0	9326.18641686	0.139425672888
0	9336.480474	0.140167452869
0	9346.52065182	0.140484850326
0	9356.61060691	0.142365781573
0	9368.19768596	0.14295928622
0	9378.29741383	0.141789081451
0	9388.36124182	0.13834081443
0	9398.40692282	0.139311966676
0	9408.455724	0.142905997035
0	9418.52219892	0.142643432249
0	9428.62223697	0.144861030574
0	9438.66876101	0.145259194657
0	9448.72897601	0.144348762285
0	9458.82672882	0.144160513585
0	9468.88020682	0.145898702781
0	9478.89474392	0.146083587344
0	9488.92287683	0.144518766775
0	9498.92411304	0.144760693331
0	9509.01759791	0.140730019612
0	9519.07194996	0.140725009922
0	9529.07816982	0.138365714223
0	9539.08974385	0.137703809386
0	9549.10705304	0.138520192871
0	9559.11700797	0.136764488452
0	9569.1212039	0.134525264519
0	9579.53316283	0.133454968001
0	9589.5912919	0.135798714751
0	9599.72046494	0.133146166788
0	9609.82320595	0.134618052098
0	9619.87789202	0.133551029955
0	9629.8990109	0.131698823456
0	9640.11866903	0.130484166064
0	9650.22107792	0.133122387158
0	9660.23557281	0.134602084394
0	9670.29755092	0.135824710475
0	9680.35238791	0.136398016217
0	9690.42350483	0.134279046406
0	9700.44950104	0.134190971052
0	9710.55196786	0.133793307837
0	9720.70343995	0.135135134914
0	9730.75357795	0.134804839746
0	9740.80877495	0.13826430322
0	9750.84301996	0.138158880201
0	9761.02037096	0.138918985865
0	9771.10994983	0.138193383389
0	9781.16509295	0.134987015468
0	9791.20029902	0.137957465644
0	9801.23894596	0.136797785008
0	9811.24019384	0.138202945887
0	9821.29769897	0.133730790814
0	9831.3565309	0.132012690089
0	9841.41603088	0.13177731432
0	9851.49374294	0.132171110432
0	9861.51926398	0.128221681704
0	9871.52295995	0.129891726638
0	9881.55199194	0.129910672876
0	9891.57903695	0.132818754356
0	9901.62191987	0.133393447925
0	9911.64171791	0.130605444857
0	9921.77870703	0.129500146645
0	9931.84570384	0.131144965809
0	9941.86251283	0.129237395627
0	9951.98340487	0.13113469782
0	9962.08338189	0.128877325929
0	9972.09762788	0.129253822502
0	9982.18972802	0.128850640025
0	9992.20252085	0.133017216992
0	10002.288137	0.131961664407
0	10012.3373299	0.130718781965
0	10022.3607938	0.132398412756
0	10032.451333	0.133963708621
0	10042.507184	0.134987973134
0	10052.519978	0.135460781717
0	10062.5320439	0.133344154066
0	10072.537173	0.131590247791
0	10082.5648999	0.130462940897
0	10092.6165988	0.132885115397
0	10102.66433	0.135608961798
0	10112.73718	0.135017776503
0	10122.7898278	0.1342662342
0	10132.882463	0.132560324483
0	10142.9296598	0.1327604022
0	10152.9889019	0.133287464756
0	10163.0284019	0.129443217724
0	10173.304673	0.129301670761
0	10183.326993	0.131745239121
0	10193.3728828	0.132134204259
0	10203.4092419	0.131348355154
0	10213.4541049	0.131708051885
0	10223.5084729	0.135040415511
0	10233.521173	0.135248021451
0	10243.5753989	0.132943054913
0	10253.6963248	0.135210619165
0	10263.792325	0.135018973873
0	10273.797158	0.133342571078
0	10283.82846	0.134357263816
0	10293.9645379	0.134382472085
0	10304.0509629	0.130983434931
0	10314.074657	0.131481301471
0	10324.1792889	0.126335994676
0	10334.2418869	0.125213430724
0	10344.2748339	0.126974268728
0	10354.284106	0.126324073349
0	10364.3384528	0.126820024642
0	10374.3411589	0.124046800987
0	10384.382297	0.122604197839
0	10394.482084	0.122703612836
0	10404.5488329	0.124779825282
0	10414.5846748	0.127297829515
0	10424.6403339	0.121876666959
0	10434.6591349	0.12513374977
0	10444.741679	0.125352170529
0	10454.8022358	0.129359430846
0	10464.9059849	0.12797049218
0	10475.183491	0.127847926613
0	10485.2398989	0.125344406248
0	10495.316051	0.125933627672
0	10505.331476	0.127361824475
0	10515.4126148	0.129256012208
0	10525.463536	0.128575821158
0	10535.574136	0.12651511867
0	10545.6638649	0.127718158769
0	10555.676821	0.126871259525
0	10565.6880059	0.124969158977
0	10575.712693	0.123487148903
0	10585.7962489	0.12125684092
0	10595.8887119	0.120306822347
0	10605.929599	0.119217002525
0	10616.037199	0.123550943046
0	10626.1091139	0.12339359519
0	10636.1473808	0.125829239694
0	10646.149946	0.125143751682
0	10656.231879	0.122976516353
0	10666.3667579	0.123364067689
0	10676.4692979	0.122603633945
0	10686.5228019	0.124938836292
0	10696.642349	0.123517865978
0	10706.7108998	0.121636918741
0	10716.744725	0.120866160624
0	10726.803261	0.119200630699
0	10736.8652439	0.118547677204
0	10746.931648	0.122514374858
0	10757.0247428	0.121949051298
0	10767.0645189	0.123084516305
0	10777.0970979	0.127249482102
0	10787.1632209	0.127244311601
0	10797.2515509	0.132904333689
0	10807.3320189	0.136966358276
0	10817.3631029	0.136429934431
0	10827.3718569	0.136647998933
0	10837.395067	0.136790375415
0	10847.5058429	0.13832399699
0	10857.6142709	0.136223391225
0	10867.687784	0.137513535601
0	10877.709466	0.13729720638
0	10887.7956178	0.137514877908
0	10897.9183829	0.137641243368
0	10907.980464	0.136391149768
0	10918.0482049	0.137275263427
0	10928.065753	0.137916381816
0	10938.082361	0.137385590535
0	10948.1129909	0.13408271997
0	10958.243022	0.132385678652
0	10968.3561559	0.132852106321
0	10978.4191558	0.131617404417
0	10988.482254	0.132556157238
0	10998.5932839	0.13305756601
0	11009.2490699	0.132628296029
0	11019.299408	0.129277693165
0	11029.418258	0.130791175867
0	11039.4301629	0.129559130589
0	11049.4416249	0.128762126402
0	11059.4541008	0.133740312307
0	11069.5266359	0.132196960234
0	11079.565063	0.130692655789
0	11089.5841529	0.13229574515
0	11099.6428468	0.133002648382
0	11109.7182839	0.133196772515
0	11119.749536	0.129178592559
0	11129.7803659	0.130524050396
0	11139.8065338	0.130178636763
0	11149.868902	0.128411708902
0	11159.9301529	0.128792787692
0	11169.974997	0.126855644912
0	11180.016557	0.126539863185
0	11190.026232	0.127046087265
0	11200.064908	0.127730988876
0	11210.095506	0.12712394692
0	11220.17219	0.130614245282
0	11230.1887259	0.131143337901
0	11240.2331128	0.127647774826
0	11250.335356	0.129410996517
0	11260.486022	0.133455949309
0	11270.575856	0.133787467793
0	11280.6310248	0.132985023115
0	11290.779295	0.132065192425
0	11300.84272	0.131577746182
0	11310.8654549	0.137113430488
0	11320.8904319	0.137917025125
0	11330.9087479	0.135237508751
0	11340.930419	0.134513860213
0	11350.935463	0.134538352674
0	11361.0046899	0.136484634944
0	11371.0474939	0.137839180744
0	11381.121799	0.136563600968
0	11391.5842309	0.136992028128
0	11401.9551198	0.140536965233
0	11412.1378739	0.139766156557
0	11422.138258	0.138412673461
0	11432.194051	0.141079763551
0	11442.2658498	0.138184412841
0	11452.386044	0.137706141503
0	11462.459655	0.136166310656
0	11472.5367699	0.13570023174
0	11482.5535488	0.137468527369
0	11492.617734	0.13665025902
0	11502.6263468	0.133301018233
0	11512.7111058	0.132527632116
0	11522.8488789	0.134556446047
0	11532.876611	0.133786630257
0	11542.9723659	0.131424703254
0	11553.0230839	0.131548860914
0	11565.2348058	0.132212218831
0	11575.3083539	0.130513720138
0	11585.411695	0.126827696824
0	11595.620975	0.129258371033
0	11605.7275209	0.127734373126
0	11615.7866559	0.127710263475
0	11625.8946528	0.127387172602
0	11636.0042779	0.128662365858
0	11646.054404	0.127913107864
0	11656.1275668	0.127073642602
0	11666.205502	0.125569435623
0	11676.2192309	0.125187142239
0	11686.299654	0.128181261452
0	11696.3074028	0.124874766429
0	11706.4453318	0.125077129339
0	11716.4800169	0.125872934687
0	11726.5534229	0.12660439659
0	11736.614517	0.126779052039
0	11746.70557	0.127669772594
0	11756.707474	0.124860022219
0	11766.9237309	0.123368347258
0	11776.998935	0.124960228617
0	11787.0248559	0.127794288592
0	11797.086777	0.127739619086
0	11807.1255639	0.126381732406
0	11817.1674988	0.125769505722
0	11827.2425258	0.127690834478
0	11837.410249	0.126468114097
0	11847.474571	0.123783999511
0	11857.493443	0.123727967277
0	11867.5464919	0.126845600862
0	11877.6711159	0.124107527149
0	11887.7005589	0.120886182085
0	11897.74578	0.119242674816
0	11907.961452	0.119530061864
0	11918.1333258	0.124200453053
0	11928.2087159	0.123928471748
0	11938.25669	0.127028902879
0	11948.353977	0.126087778985
0	11958.3736749	0.12829866939
0	11968.434099	0.127924471383
0	11978.4938259	0.124041530948
0	11988.515044	0.125469782646
0	11998.525382	0.127743863743
0	12008.589313	0.127638590482
0	12018.6530628	0.129329734902
0	12028.759455	0.130607397533
0	12038.8065259	0.131004300648
0	12048.870667	0.133991382416
0	12058.9687979	0.134793680298
0	12069.0036268	0.131640604587
0	12079.070961	0.129748763451
0	12089.091578	0.133318950468
0	12099.0978739	0.130489479991
0	12109.268399	0.12993798633
0	12119.3243189	0.132494543646
0	12129.3683219	0.132435309407
0	12139.379174	0.132010397135
0	12150.3355479	0.133965268544
0	12160.402365	0.13009755055
0	12170.4612379	0.131195703194
0	12180.5239079	0.132449963439
0	12190.7522888	0.132677862693
0	12202.0225508	0.138748378429
0	12212.055686	0.135998655154
0	12222.1287489	0.138241199707
0	12232.1413519	0.136622399936
0	12242.1698098	0.136904728604
0	12252.1793199	0.136478473395
0	12262.3068459	0.136821705027
0	12272.344188	0.136009450621
0	12282.396744	0.136099291089
0	12292.425261	0.133737591764
0	12302.4835939	0.134484488365
0	12312.5834119	0.136472874178
0	12322.588027	0.135596036661
0	12332.6833279	0.138405249563
0	12342.723716	0.136984977387
0	12352.8537209	0.136153744662
0	12363.17453	0.136763127603
0	12373.222527	0.13480121741
0	12383.346801	0.131919665454
0	12393.42138	0.128502261458
0	12403.4914839	0.125215940456
0	12413.5723519	0.124518373388
0	12423.638027	0.122912773313
0	12433.7689939	0.122165736422
0	12443.843848	0.122394750103
0	12453.880023	0.120807856923
0	12463.967495	0.121529547224
0	12474.0774848	0.121462648238
0	12484.1155059	0.122351553882
0	12494.138222	0.12424813681
0	12504.216506	0.123617592826
0	12514.2780399	0.125082046274
0	12524.2790709	0.130321692133
0	12534.341979	0.128851334819
0	12544.4542689	0.12651268674
0	12554.5516229	0.130232270076
0	12564.6688218	0.134304485626
0	12575.0705609	0.134040012111
0	12585.1289589	0.133461204084
0	12595.169513	0.131762696096
0	12605.1952119	0.130997042389
0	12615.2724659	0.134959255768
0	12625.327312	0.133165957138
0	12635.425997	0.134593838802
0	12645.4389679	0.135096134672
0	12655.4763858	0.132687218338
0	12665.5649478	0.131413584722
0	12675.6048329	0.133061044703
0	12685.64167	0.132579895718
0	12695.720314	0.133021166271
0	12705.744179	0.133891960195
0	12715.8319628	0.134931325833
0	12725.836149	0.133703652611
0	12735.8903589	0.13099769178
0	12745.9344029	0.131311677092
0	12755.9409418	0.131859546742
0	12766.011415	0.128727219891
0	12776.0554059	0.125889232429
0	12786.1308939	0.127587567975
0	12796.1943519	0.129008570034
0	12806.210052	0.125141513532
0	12816.220938	0.124402381577
0	12826.2823	0.12356167805
0	12836.3733668	0.125617175602
0	12846.5393069	0.126150105278
0	12856.6224699	0.126965304285
0	12866.66348	0.126112718242
0	12876.763742	0.125775791968
0	12886.786921	0.123839283808
0	12896.8119829	0.12626148735
0	12907.100904	0.128321431301
0	12917.19064	0.131391722032
0	12927.2248459	0.130864342158
0	12937.280736	0.130042817949
0	12947.3305879	0.131149298966
0	12957.3394558	0.130827781553
0	12967.344451	0.131707502986
0	12977.4189949	0.130033919108
0	12987.464709	0.128793182529
0	12997.5934649	0.129907876267
0	13007.618876	0.130332644905
0	13017.7026429	0.130939230045
0	13027.765898	0.130344260165
0	13037.8233259	0.129312912252
0	13047.89152	0.129531066308
0	13057.931159	0.126347808836
0	13068.019417	0.127526788193
0	13078.409524	0.12894384802
0	13088.51246	0.127885622627
0	13098.55848	0.129054965767
0	13108.591619	0.131099474226
0	13118.6696489	0.130392131874
0	13128.8314109	0.131321048728
0	13138.930964	0.132571237733
0	13149.004544	0.134915966051
0	13159.1150169	0.140419866199
0	13169.191396	0.140175475167
0	13179.2098889	0.139647846638
0	13189.262285	0.135895550038
0	13199.3513429	0.134968303544
0	13209.3753378	0.13358682149
0	13219.4212699	0.13345264573
0	13229.498688	0.130851711248
0	13239.5078669	0.13019658627
0	13249.737637	0.132086343451
0	13259.7671309	0.13235656144
0	13269.792942	0.131165136752
0	13279.7939758	0.131318166368
0	13289.818856	0.128586615602
0	13299.8805408	0.128303635954
0	13309.963912	0.125817961706
0	13320.029192	0.12508167612
0	13330.047941	0.124693640409
0	13340.2115619	0.128605132057
0	13350.293838	0.129339609155
0	13360.329927	0.128899979882
0	13370.3848178	0.129989782098
0	13380.5185189	0.131483582646
0	13390.622077	0.128461797346
0	13400.702786	0.126763706259
0	13410.766957	0.124187540176
0	13420.815582	0.125422165175
0	13431.0830178	0.12516706687
0	13441.116148	0.125902974053
0	13451.1649959	0.125284108179
0	13461.170078	0.128162876133
0	13471.2181048	0.126043492501
0	13481.2303569	0.123874863438
0	13491.2376759	0.124536488478
0	13501.322089	0.123999703631
0	13511.3964999	0.125858526375
0	13523.9408028	0.126749432756
0	13533.94396	0.127846266617
0	13543.950402	0.128869095448
0	13553.981781	0.12842482722
0	13564.020298	0.130204538297
0	13574.0727839	0.129399048441
0	13584.1194699	0.133722273637
0	13594.132515	0.13402991998
0	13604.1982019	0.130883804366
0	13614.2276249	0.130350187625
0	13624.35238	0.131018551116
0	13634.4139459	0.129971338463
0	13644.466321	0.130329285123
0	13654.675096	0.128873217094
0	13664.721863	0.132320902199
0	13674.7605369	0.132723113196
0	13684.7636008	0.131297449879
0	13694.836314	0.133721118585
0	13704.8976638	0.130639828414
0	13714.963486	0.12945731884
0	13725.0160749	0.131752151752
0	13735.083308	0.130030383571
0	13745.134042	0.130489810758
0	13755.140533	0.130552754021
0	13766.4492359	0.12959697393
0	13776.577728	0.130622356406
0	13786.5945098	0.130653227201
0	13796.6918449	0.130186319583
0	13806.7574139	0.13309750102
0	13816.8697529	0.129025443399
0	13827.130733	0.129639130704
0	13837.258574	0.127819607113
0	13847.2702129	0.126392104467
0	13857.3418798	0.126692406898
0	13867.475986	0.126319812766
0	13877.4856448	0.12691457596
0	13887.541816	0.129609126949
0	13897.5801079	0.130189441957
0	13907.5816	0.132010675477
0	13917.5903208	0.130516648319
0	13927.65095	0.12833546773
0	13937.7219059	0.130386285411
0	13947.7819998	0.126402965984
0	13957.845793	0.125425443905
0	13967.848243	0.124352429099
0	13977.9236078	0.125627760225
0	13987.953624	0.124826013594
0	13998.0464849	0.125933634528
0	14008.0726929	0.125949420169
0	14018.1358368	0.12600890172
0	14028.1537268	0.127106019973
0	14038.1547608	0.124430270394
0	14048.192951	0.127248405975
0	14058.3092339	0.125890929204
0	14068.3423638	0.127701594017
0	14078.397167	0.125369644391
0	14088.4413579	0.122740786992
0	14098.4919698	0.120903839597
0	14108.586051	0.120582795309
0	14118.5897849	0.115872388025
0	14128.6079519	0.117446126767
0	14138.6866879	0.116829806253
0	14148.7747159	0.118696491511
0	14158.8397369	0.118082653992
0	14168.873354	0.120604349555
0	14178.967984	0.11965319366
0	14189.0512249	0.122104795758
0	14199.1847138	0.123804433866
0	14209.2815869	0.122956744414
0	14219.30233	0.128929154741
0	14229.6973879	0.130404993322
0	14239.7218409	0.126058738669
0	14249.747519	0.127676806073
0	14259.8785	0.126066250425
0	14269.9015648	0.125763154748
0	14279.9691648	0.127979446762
0	14289.984565	0.126805328
0	14300.0792658	0.128485062064
0	14310.128087	0.130110274925
0	14320.16995	0.132106169529
0	14330.210072	0.13177352489
0	14340.267365	0.130678719226
0	14350.3026659	0.127712012632
0	14360.3375568	0.126383613083
0	14370.3648	0.126331287342
0	14380.3723938	0.129049249077
0	14390.503479	0.131957574433
0	14400.5512309	0.131137790345
0	14410.8494549	0.129152556362
0	14420.8883269	0.129831652757
0	14430.954896	0.129120796721
0	14441.0469029	0.129390336675
0	14451.060066	0.129801765029
0	14461.1001039	0.131626585786
0	14471.1404998	0.128522188027
0	14481.1658928	0.130715169611
0	14491.176373	0.130006935924
0	14501.2119398	0.130273138187
0	14511.216511	0.130843090462
0	14521.2546029	0.1286635968
0	14531.300144	0.128277979621
0	14541.3370168	0.130054907444
0	14551.4724259	0.12961080903
0	14561.4773018	0.130453469925
0	14571.5373828	0.131143951753
0	14581.5732238	0.128562035316
0	14591.6575809	0.126712221082
0	14601.732362	0.129235151908
0	14611.8016379	0.127734522406
0	14621.87187	0.125378500379
0	14631.907383	0.127556619317
0	14642.013761	0.128725170249
0	14652.107295	0.130676912995
0	14662.2417519	0.13171587998
0	14672.2778618	0.132284165152
0	14682.33146	0.133311040711
0	14692.401104	0.12963818817
0	14702.4592509	0.130429736465
0	14712.4714968	0.129929604943
0	14722.545172	0.129464101872
0	14732.5690439	0.128648871865
0	14742.617295	0.130642566792
0	14752.694711	0.129016079166
0	14762.7224629	0.129063068539
0	14772.7357969	0.129282467647
0	14782.7361329	0.127693058692
0	14792.7641158	0.125827188323
0	14802.7887619	0.125805904614
0	14812.8296289	0.123681257423
0	14823.096705	0.126114993949
0	14833.1152608	0.126604719781
0	14843.164993	0.128681083122
0	14853.2501659	0.130094558464
0	14863.315263	0.130464551399
0	14873.433213	0.128231449403
0	14883.4475079	0.127823038505
0	14893.4964659	0.128676481172
0	14903.504344	0.125878912564
0	14913.5690839	0.123798209658
0	14923.6623669	0.125878804901
0	14933.727587	0.123575402452
0	14943.777941	0.122448310073
0	14953.789134	0.122270889409
0	14963.8500168	0.1250141662
0	14973.914403	0.124579597006
0	14983.9540689	0.124875302292
0	14994.006438	0.123735143534
0	15004.0384378	0.123483941639
0	15014.0403759	0.122289900094
0	15024.135572	0.122174595187
0	15034.1414459	0.125077460848
0	15044.238523	0.123743362565
0	15054.332768	0.122822456867
0	15064.3495469	0.123252977687
0	15074.354629	0.122420993537
0	15084.3733749	0.123834838871
0	15094.509335	0.126807295874
0	15104.54175	0.123570690597
0	15114.5932	0.121173890978
0	15124.6295118	0.121437175011
0	15135.1979079	0.126687007453
0	15145.286341	0.12746574381
0	15155.460263	0.125877261111
0	15165.5434549	0.124437396925
0	15175.6262898	0.124410661347
0	15185.686877	0.124878006509
0	15195.749131	0.126441627531
0	15205.814312	0.12594475764
0	15215.9289398	0.126274737388
0	15225.9689059	0.127296404892
0	15236.0318868	0.12342036625
0	15246.040509	0.122904712605
0	15256.0787098	0.121035349038
0	15266.1613009	0.120304798917
0	15276.1844289	0.122514932218
0	15286.2153978	0.125579688124
0	15296.255276	0.124690406722
0	15306.29702	0.124835027903
0	15316.330025	0.126058147429
0	15326.3313649	0.123697688186
0	15336.4001589	0.120965118853
0	15346.4941158	0.121602478058
0	15356.4993038	0.12435497383
0	15366.6220829	0.125633928104
0	15376.7093189	0.124371969327
0	15386.7235949	0.122594350789
0	15396.7962089	0.124766040556
0	15406.8508649	0.125674617117
0	15417.068392	0.124701876096
0	15427.0718529	0.123342933627
0	15437.1008959	0.123362752993
0	15447.1377048	0.12274738708
0	15457.1704988	0.12395741314
0	15467.2549179	0.121711316142
0	15477.333771	0.121219029862
0	15487.35515	0.121149927464
0	15497.3553519	0.121910525951
0	15507.3669829	0.121323341009
0	15517.3925209	0.11882033049
0	15527.463989	0.120613747315
0	15537.4902818	0.120419762731
0	15547.515142	0.119824180895
0	15557.543869	0.119528195745
0	15567.6217608	0.12017178119
0	15577.7635539	0.120087476461
0	15587.936831	0.118820415354
0	15597.989711	0.118017165071
0	15608.062134	0.118020021267
0	15618.106298	0.11878173162
0	15628.2431839	0.11736194413
0	15638.2879438	0.11756279513
0	15648.345418	0.113929977536
0	15658.4019759	0.114615178873
0	15668.5150599	0.115159160412
0	15678.580924	0.115938482174
0	15688.713788	0.119365447357
0	15698.731457	0.117528442141
0	15708.746963	0.117112406003
0	15718.8056328	0.11888265358
0	15728.8260589	0.120464075427
0	15738.8642099	0.122835289654
0	15749.0416589	0.122902779281
0	15759.1763649	0.121012722924
0	15769.2908239	0.121625015498
0	15779.2959878	0.119253189773
0	15789.3331969	0.122161365869
0	15799.3404489	0.124020257612
0	15809.3887119	0.121994103559
0	15819.4139829	0.120276810763
0	15829.4900548	0.120493478093
0	15839.6066248	0.122712846367
0	15849.6116459	0.123362981248
0	15859.7014148	0.122417297265
0	15869.7968318	0.123048828996
0	15879.835408	0.122785086548
0	15889.933779	0.124625183955
0	15900.016319	0.122076303556
0	15910.086499	0.12023927283
0	15920.1113739	0.120736437865
0	15930.225029	0.119237850159
0	15940.2812359	0.119718301725
0	15950.386862	0.122276322868
0	15960.4484799	0.119501691377
0	15970.646013	0.120625395936
0	15980.6529369	0.119336794023
0	15990.7032769	0.11680180247
0	16000.7901568	0.121461665943
0	16010.948348	0.122120165455
0	16021.015686	0.121041887118
0	16031.0913579	0.123002478364
0	16041.4568369	0.120083740571
0	16051.5593278	0.124228397641
0	16061.581634	0.126135535645
0	16071.5829818	0.125165595742
0	16081.692862	0.123102792896
0	16091.7239819	0.122200316895
0	16102.2344499	0.124526382074
0	16112.2834079	0.125953104256
0	16122.34865	0.123889366189
0	16132.395339	0.124671105053
0	16142.4589889	0.12694371938
0	16152.537781	0.123965669777
0	16162.538466	0.122117748478
0	16172.5722389	0.12582588188
0	16182.6491668	0.124526073617
0	16192.716867	0.125941376999
0	16204.301517	0.12771276478
0	16214.4290459	0.127680432346
0	16224.4315178	0.128466269755
0	16234.436558	0.130675492835
0	16244.4703019	0.128250377272
0	16254.4772689	0.130335910692
0	16264.5593679	0.133601330256
0	16274.5674489	0.13354762161
0	16284.6451139	0.134142531383
0	16294.736167	0.132902861625
0	16304.7561059	0.134844298409
0	16314.792345	0.131171361937
0	16324.8170409	0.130866848388
0	16334.836324	0.130270617932
0	16344.8893368	0.127456720779
0	16354.9260368	0.128078828183
0	16364.9884419	0.127015222293
0	16375.0071559	0.126737806845
0	16385.034101	0.125804590553
0	16395.155117	0.125804950345
0	16405.163799	0.123698276619
0	16415.227555	0.12460287076
0	16425.389637	0.126003044499
0	16435.4924889	0.126235966717
0	16445.5194578	0.124976262426
0	16455.5469818	0.125728915609
0	16465.6222799	0.125491349397
0	16475.674798	0.127383520713
0	16485.7776508	0.125193750091
0	16496.9993649	0.126059189486
0	16507.0664849	0.127182827969
0	16517.1544409	0.12728813891
0	16527.2999799	0.125906894404
0	16537.402024	0.125145997908
0	16547.4597309	0.123904223839
0	16557.5297489	0.123259407464
0	16567.5912778	0.124093271817
0	16577.5953629	0.125185178388
0	16587.6241379	0.122541075619
0	16597.7412238	0.12434215121
0	16607.7488198	0.124331603456
0	16617.8343999	0.126465806059
0	16627.8901649	0.126078626818
0	16637.901623	0.123562933598
0	16647.9697878	0.121313312985
0	16658.058465	0.120422500538
0	16668.1126549	0.120880096925
0	16678.127501	0.12220751694
0	16688.2838149	0.122231147639
0	16698.6176028	0.126398549302
0	16708.6441779	0.129749225583
0	16719.106086	0.131336232163
0	16729.1136279	0.129938386888
0	16739.1483719	0.130188218724
0	16749.2209098	0.129591282265
0	16759.3116639	0.130363893173
0	16769.3629	0.129833188835
0	16779.402555	0.130631770364
0	16789.415194	0.130178198551
0	16799.501704	0.13114778863
0	16809.6974399	0.133440621248
0	16819.7669749	0.130909706684
0	16829.839159	0.127808167741
0	16839.8767629	0.128031402008
0	16849.9356039	0.127356675074
0	16859.985029	0.128485074803
0	16870.0419638	0.129727116823
0	16880.0558	0.130328847588
0	16890.0559659	0.130577732893
0	16900.1531439	0.131086346303
0	16910.2034168	0.129935513628
0	16920.220129	0.125781963374
0	16930.253469	0.129210252511
0	16940.257724	0.128414452206
0	16950.3183069	0.128433350979
0	16960.476861	0.126376419315
0	16970.7967269	0.128994133141
0	16980.8820369	0.127815370052
0	16991.0016239	0.126837176583
0	17001.027132	0.121917355906
0	17011.1050849	0.122824959096
0	17021.12219	0.120886723855
0	17031.1754248	0.120836027718
0	17041.2769239	0.122411748721
0	17051.2891579	0.124679754619
0	17061.3276908	0.128555849943
0	17071.3543689	0.126095145606
0	17081.4233088	0.123239973101
0	17091.465024	0.123497661524
0	17101.470325	0.123472375123
0	17111.526273	0.125005838579
0	17121.571959	0.124099238729
0	17131.6639409	0.125646954567
0	17141.719177	0.131718601672
0	17151.7564039	0.132556709562
0	17161.8096209	0.130162790867
0	17171.9984519	0.127468334077
0	17182.0361788	0.127426447166
0	17192.130023	0.126638303573
0	17202.3226349	0.127455324388
0	17212.3865769	0.127957662579
0	17222.4251049	0.131042543828
0	17232.449429	0.131993363825
0	17242.521594	0.130376860824
0	17252.535352	0.129652197059
0	17262.5779369	0.125967108101
0	17272.645561	0.12488055902
0	17282.6650438	0.123828552344
0	17292.8067849	0.123050954641
0	17302.8115969	0.124348521887
0	17312.816232	0.122023277758
0	17322.9294679	0.124359014725
0	17332.943856	0.123181207059
0	17343.031718	0.122528326362
0	17353.1158569	0.120180941976
0	17363.1722169	0.121411920329
0	17373.4472609	0.120780893452
0	17383.4625809	0.124660168413
0	17393.498924	0.124413647303
0	17403.548347	0.125398164593
0	17413.6378598	0.122385514754
0	17423.685456	0.122572809632
0	17433.8266919	0.124695588737
0	17443.866477	0.121861003211
0	17454.192337	0.123221158105
0	17464.241457	0.124578033784
0	17474.353426	0.127313947845
0	17484.3753159	0.126258210433
0	17494.4432809	0.126476012191
0	17504.5480108	0.125298953599
0	17514.602042	0.127445264435
0	17524.668514	0.127745086303
0	17534.700062	0.125137244505
0	17544.8099818	0.122095827812
0	17554.8692138	0.121533751591
0	17564.9485068	0.119387346604
0	17575.012146	0.118721055428
0	17585.123117	0.118419260481
0	17595.1594539	0.11648000526
0	17605.265522	0.118202469694
0	17615.4258459	0.11891817151
0	17625.521132	0.119038818162
0	17635.6022758	0.121240844276
0	17645.700197	0.123269215933
0	17655.7196989	0.125338552884
0	17665.8507349	0.12886076757
0	17675.8875508	0.130693256008
0	17685.9589798	0.131363212746
0	17696.039125	0.130657900299
0	17706.1344929	0.130027503601
0	17716.228457	0.129569450227
0	17726.2338939	0.129831213973
0	17736.3650398	0.126767415923
0	17746.4326348	0.1281827902
0	17756.533067	0.128085697502
0	17766.61622	0.131072451606
0	17776.641243	0.125801645963
0	17786.6494329	0.125382371297
0	17796.6805658	0.126222779212
0	17806.7038569	0.126411382526
0	17816.7594509	0.125493219455
0	17826.7843258	0.123055961526
0	17836.8337789	0.121924661227
0	17846.8799369	0.121827677344
0	17857.0576608	0.121701658815
0	17867.1317198	0.119307852646
0	17877.204165	0.120016556503
0	17887.2352939	0.120469882991
0	17897.2624378	0.121279857973
0	17907.3727839	0.120505224156
0	17917.482635	0.119103334309
0	17927.5038559	0.118502396281
0	17937.5046909	0.115049970466
0	17947.5476949	0.112849163374
0	17957.6716878	0.113679220102
0	17967.7734549	0.113508037752
0	17977.85519	0.115491919931
0	17987.8898818	0.113454236269
0	17997.983099	0.114357071953
0	18008.0270109	0.112764455133
0	18018.0483019	0.115440922089
0	18028.0743339	0.118106374623
0	18038.113358	0.117297180566
0	18048.169914	0.119954234732
0	18058.26525	0.12235263987
0	18068.274281	0.122290969229
0	18078.355443	0.122891062955
0	18088.4162529	0.120331007147
0	18098.512248	0.119437420121
0	18108.56407	0.121443044454
0	18118.6375909	0.121810406744
0	18128.6662829	0.122414600046
0	18138.709368	0.122182528379
0	18148.7926428	0.124526114273
0	18158.816185	0.123641326521
0	18168.8921499	0.121760897903
0	18178.9126649	0.119556365795
0	18188.9586949	0.119696052494
0	18199.0370278	0.118940416721
0	18209.1835818	0.119943012477
0	18219.3437309	0.118875374506
0	18230.3489759	0.119888449003
0	18240.401809	0.118290527338
0	18250.495621	0.123177344642
0	18260.6567218	0.120033986485
0	18270.6711838	0.118074806033
0	18280.8259139	0.117247344365
0	18290.8606648	0.117619988861
0	18300.9361539	0.119765074138
0	18310.9597089	0.119639779294
0	18320.9971659	0.11676418979
0	18331.0001509	0.11910853831
0	18341.064302	0.121369323543
0	18351.189014	0.121179963714
0	18361.2068639	0.119295755417
0	18371.4017889	0.118909924263
0	18381.4519739	0.12013255562
0	18391.8666708	0.12309573679
0	18401.9175439	0.126732596812
0	18411.992913	0.126591642329
0	18422.1004579	0.12251500617
0	18432.1334748	0.123344042149
0	18442.2056489	0.121947937092
0	18452.4854119	0.117133612748
0	18462.5067918	0.117366499887
0	18472.586771	0.117521462942
0	18482.5969369	0.117561496261
0	18492.6417508	0.11602684747
0	18502.6427979	0.113950067173
0	18512.726959	0.115025119963
0	18522.8792219	0.116766327803
0	18532.944788	0.116807568645
0	18542.9502189	0.115626605151
0	18555.211448	0.117073627224
0	18565.3523879	0.117268624315
0	18575.419106	0.117821759842
0	18585.499038	0.117388396238
0	18595.517123	0.117064438447
0	18605.5189199	0.119240768901
0	18615.5220199	0.117313100573
